#
# A fatal error has been detected by the Java Runtime Environment:
#
#  EXCEPTION_ACCESS_VIOLATION (0xc0000005) at pc=0x00007ff940285da8, pid=11152, tid=1332
#
# JRE version: Java(TM) SE Runtime Environment (21.0.4+8) (build 21.0.4+8-LTS-274)
# Java VM: Java HotSpot(TM) 64-Bit Server VM (21.0.4+8-LTS-274, mixed mode, sharing, tiered, compressed oops, compressed class ptrs, g1 gc, windows-amd64)
# Problematic frame:
# V  [jvm.dll+0x355da8]
#
# No core dump will be written. Minidumps are not enabled by default on client versions of Windows
#
# If you would like to submit a bug report, please visit:
#   https://bugreport.java.com/bugreport/crash.jsp
#

---------------  S U M M A R Y ------------

Command Line: --add-opens=java.base/java.util=ALL-UNNAMED --add-opens=java.base/java.lang=ALL-UNNAMED --add-opens=java.base/java.lang.invoke=ALL-UNNAMED --add-opens=java.prefs/java.util.prefs=ALL-UNNAMED --add-exports=jdk.compiler/com.sun.tools.javac.api=ALL-UNNAMED --add-exports=jdk.compiler/com.sun.tools.javac.util=ALL-UNNAMED --add-opens=java.base/java.nio.charset=ALL-UNNAMED --add-opens=java.base/java.net=ALL-UNNAMED --add-opens=java.base/java.util.concurrent.atomic=ALL-UNNAMED -XX:MaxMetaspaceSize=384m -XX:+HeapDumpOnOutOfMemoryError -Xms256m -Xmx512m -Dfile.encoding=UTF-8 -Duser.country=US -Duser.language=en -Duser.variant -javaagent:C:\Users\Yith Sopheaktra\.gradle\wrapper\dists\gradle-8.10.1-bin\e90i968nv55tch01zkse4avv3\gradle-8.10.1\lib\agents\gradle-instrumentation-agent-8.10.1.jar org.gradle.launcher.daemon.bootstrap.GradleDaemon 8.10.1

Host: Intel(R) Core(TM) i7-6700HQ CPU @ 2.60GHz, 8 cores, 15G,  Windows 11 , 64 bit Build 22621 (10.0.22621.3958)
Time: Wed Sep 25 05:44:23 2024 SE Asia Standard Time elapsed time: 50.663206 seconds (0d 0h 0m 50s)

---------------  T H R E A D  ---------------

Current thread (0x00000224f90e3750):  WorkerThread "GC Thread#4"    [id=1332, stack(0x0000009f89100000,0x0000009f89200000) (1024K)]

Stack: [0x0000009f89100000,0x0000009f89200000],  sp=0x0000009f891ff410,  free space=1021k
Native frames: (J=compiled Java code, j=interpreted, Vv=VM code, C=native code)
V  [jvm.dll+0x355da8]
V  [jvm.dll+0x35249e]
V  [jvm.dll+0x35f11b]
V  [jvm.dll+0x360dd9]
V  [jvm.dll+0x35f5fa]
V  [jvm.dll+0x360a51]
V  [jvm.dll+0x36bc23]
V  [jvm.dll+0x36bd6b]
V  [jvm.dll+0x880f17]
V  [jvm.dll+0x7fd65b]
V  [jvm.dll+0x6c753d]
C  [ucrtbase.dll+0x29333]
C  [KERNEL32.DLL+0x1257d]
C  [ntdll.dll+0x5af28]


siginfo: EXCEPTION_ACCESS_VIOLATION (0xc0000005), reading address 0x0000000000000020


Registers:
RAX=0x0000000000000000, RBX=0x00000000e3b43a30, RCX=0x0000000000000014, RDX=0x0000000000000000
RSP=0x0000009f891ff410, RBP=0x00000000000003cb, RSI=0x00000224e8e745c0, RDI=0x00000224f99cc6e0
R8 =0x0000000000000020, R9 =0x00000000e3b43ae0, R10=0x0000000000000010, R11=0x0000000000000001
R12=0x0000000000000006, R13=0x00000224f4e5f3b0, R14=0x0000000000000040, R15=0x0000000000000000
RIP=0x00007ff940285da8, EFLAGS=0x0000000000010246


Register to memory mapping:

RAX=0x0 is null
RBX=0x00000000e3b43a30 is pointing into object: sun.reflect.generics.repository.ClassRepository 
{0x00000000e3b43a18} - klass: 'sun/reflect/generics/repository/ClassRepository'
 - ---- fields (total size 4 words):
 - private final 'factory' 'Lsun/reflect/generics/factory/GenericsFactory;' @12  a 'sun/reflect/generics/factory/CoreReflectionFactory'{0x00000000e3b43a38} (0xe3b43a38)
 - private final 'tree' 'Lsun/reflect/generics/tree/Tree;' @16  a 'sun/reflect/generics/tree/ClassSignature'{0x00000000e3b43a68} (0xe3b43a68)
 - private volatile 'typeParameters' '[Ljava/lang/reflect/TypeVariable;' @20  a 'java/lang/reflect/TypeVariable'[1] {0x00000000e3b43c68} (0xe3b43c68)
 - private volatile 'superclass' 'Ljava/lang/reflect/Type;' @24  
[error occurred during error reporting (printing register info), id 0xc0000005, EXCEPTION_ACCESS_VIOLATION (0xc0000005) at pc=0x00007ff9405e482d]
RCX=0x0000000000000014 is an unknown value
RDX=0x0 is null
RSP=0x0000009f891ff410 points into unknown readable memory: 0x00000000e2110000 | 00 00 11 e2 00 00 00 00
RBP=0x00000000000003cb is an unknown value
RSI=0x00000224e8e745c0 points into unknown readable memory: 0x0000000000000000 | 00 00 00 00 00 00 00 00
RDI=0x00000224f99cc6e0 points into unknown readable memory: 0x00007ff940903478 | 78 34 90 40 f9 7f 00 00
R8 =0x0000000000000020 is an unknown value
R9 =0x00000000e3b43ae0 is an oop: [Lsun.reflect.generics.tree.FieldTypeSignature; 
{0x00000000e3b43ae0} - klass: 'sun/reflect/generics/tree/FieldTypeSignature'[]
 - length: 1
R10=0x0000000000000010 is an unknown value
R11=0x0000000000000001 is an unknown value
R12=0x0000000000000006 is an unknown value
R13=0x00000224f4e5f3b0 points into unknown readable memory: 0x0000000000000002 | 02 00 00 00 00 00 00 00
R14=0x0000000000000040 is an unknown value
R15=0x0 is null

Top of Stack: (sp=0x0000009f891ff410)
0x0000009f891ff410:   00000000e2110000 0000009f891f0100
0x0000009f891ff420:   0000000000000000 0000000000000020
0x0000009f891ff430:   00000000e211f400 0000000000000021
0x0000009f891ff440:   0000009f891ff630 00000000e2120010
0x0000009f891ff450:   0000009f891ff630 00007ff94028249e
0x0000009f891ff460:   00000000e2120000 00000224f99cc6e0
0x0000009f891ff470:   00000000e211f400 0000000000000180
0x0000009f891ff480:   000000001e269bc6 0000001e8461bad0
0x0000009f891ff490:   0000000000000006 0000009f891ff630
0x0000009f891ff4a0:   00000224e8eb8630 00007ff94028f11b
0x0000009f891ff4b0:   0000000000000021 00000224e8eb8630
0x0000009f891ff4c0:   0000009f891ff630 00007ff9405f1b1f
0x0000009f891ff4d0:   00000000e211f400 0000000000000180
0x0000009f891ff4e0:   00007ff9409046a0 0000000000000000
0x0000009f891ff4f0:   00000224e8e6d3f0 00000224f99cc6e0
0x0000009f891ff500:   0000009f891ff680 00007ff940738337
0x0000009f891ff510:   00000224f4c5dc00 00000224f1710900
0x0000009f891ff520:   00000224e6ca2fa0 00007ff940290dd9
0x0000009f891ff530:   0000009f891ff5b0 00007ff9402792c2
0x0000009f891ff540:   0000000000000000 00000224f1710900
0x0000009f891ff550:   0000000000000000 0000000000000000
0x0000009f891ff560:   00000224e8e6c930 0000000000000010
0x0000009f891ff570:   00000224e6ca2fa0 0000009f891ff6c9
0x0000009f891ff580:   0000009f891ff630 00007ff94028f5fa
0x0000009f891ff590:   00000000000003d8 00000224f4c5dc10
0x0000009f891ff5a0:   00000224f4c5dfe8 00000224e8eb8630
0x0000009f891ff5b0:   00000224f99cc6e0 000000001e269685
0x0000009f891ff5c0:   0000001e845c699e 0000009f891ff688
0x0000009f891ff5d0:   0000009f891ff698 0000000000000000
0x0000009f891ff5e0:   00000224e8e6d3f0 00007ff940290a51
0x0000009f891ff5f0:   0000000000000001 0000000000000008
0x0000009f891ff600:   00007ff940900760 000000001e241ca0 

Instructions: (pc=0x00007ff940285da8)
0x00007ff940285ca8:   ff 48 8d 53 fe 48 8b cf e8 8b f3 ff ff e9 d6 fd
0x00007ff940285cb8:   ff ff 66 0f 1f 44 00 00 48 8b 77 10 8b ae 80 00
0x00007ff940285cc8:   00 00 8b cd 8b 86 00 01 00 00 2b c8 81 e1 ff ff
0x00007ff940285cd8:   01 00 41 3b ce 0f 86 48 02 00 00 ff cd 81 e5 ff
0x00007ff940285ce8:   ff 01 00 89 ae 80 00 00 00 e8 3a 40 36 00 90 8b
0x00007ff940285cf8:   d5 8b 86 00 01 00 00 8b cd 48 8b 9e 80 01 00 00
0x00007ff940285d08:   2b c8 81 e1 ff ff 01 00 81 f9 ff ff 01 00 48 8b
0x00007ff940285d18:   1c eb 41 0f 44 cf 85 c9 75 3d 90 89 6c 24 50 48
0x00007ff940285d28:   8b 86 00 01 00 00 48 8b c8 48 c1 e9 20 ff c1 89
0x00007ff940285d38:   4c 24 54 3b e8 0f 85 d6 01 00 00 48 c1 e1 20 48
0x00007ff940285d48:   0b ca f0 48 0f b1 8e 00 01 00 00 0f 85 c0 01 00
0x00007ff940285d58:   00 8b 86 00 01 00 00 f6 c3 01 0f 84 de 00 00 00
0x00007ff940285d68:   8b 0d fa 11 86 00 48 ff cb 48 8b 47 08 44 8b 03
0x00007ff940285d78:   49 d3 e0 8b 88 b0 05 00 00 48 8b 80 a0 05 00 00
0x00007ff940285d88:   4c 03 05 d1 11 86 00 49 8b d0 48 d3 ea 0f b7 14
0x00007ff940285d98:   50 0f b7 c2 66 c1 e8 08 84 c0 0f 88 18 ff ff ff
0x00007ff940285da8:   4d 8b 08 41 0f b6 c1 24 03 3c 03 75 06 49 83 e1
0x00007ff940285db8:   fc eb 0b 48 8b cf e8 1d ed ff ff 4c 8b c8 8b 0d
0x00007ff940285dc8:   9c 11 86 00 49 8b d1 48 2b 15 8a 11 86 00 48 d3
0x00007ff940285dd8:   ea 89 13 48 8b d3 8b 0d 5c a1 8c 00 49 33 d1 48
0x00007ff940285de8:   d3 ea 48 85 d2 0f 84 cd fe ff ff 48 8b 47 08 4c
0x00007ff940285df8:   8b 80 a0 05 00 00 8b 88 b0 05 00 00 48 8b c3 48
0x00007ff940285e08:   d3 e8 41 0f b7 14 40 66 c1 ea 08 80 fa fe 0f 84
0x00007ff940285e18:   a4 fe ff ff 49 8b c1 48 d3 e8 41 0f b7 14 40 0f
0x00007ff940285e28:   b7 c2 66 c1 e8 08 84 c0 0f 89 8a fe ff ff 4c 8b
0x00007ff940285e38:   c3 48 8b cf e8 ef d0 ff ff e9 7a fe ff ff f6 c3
0x00007ff940285e48:   03 0f 85 b9 00 00 00 48 8b 47 08 4c 8b 03 49 8b
0x00007ff940285e58:   d0 8b 88 b0 05 00 00 48 8b 80 a0 05 00 00 48 d3
0x00007ff940285e68:   ea 0f b7 14 50 0f b7 c2 66 c1 e8 08 84 c0 0f 88
0x00007ff940285e78:   44 fe ff ff 4d 8b 08 41 0f b6 c1 24 03 3c 03 75
0x00007ff940285e88:   06 49 83 e1 fc eb 0b 48 8b cf e8 49 ec ff ff 4c
0x00007ff940285e98:   8b c8 49 8b d1 4c 89 0b 8b 0d 9a a0 8c 00 48 33 


Stack slot to memory mapping:

stack at sp + 0 slots: 0x00000000e2110000 is an oop: [B 
{0x00000000e2110000} - klass: {type array byte}
 - length: 37
stack at sp + 1 slots: 0x0000009f891f0100 is an unknown value
stack at sp + 2 slots: 0x0 is null
stack at sp + 3 slots: 0x0000000000000020 is an unknown value
stack at sp + 4 slots: 0x00000000e211f400 is pointing into object: [Ljava.lang.Class; 
{0x00000000e211f3f8} - klass: 'java/lang/Class'[]
 - length: 0
stack at sp + 5 slots: 0x0000000000000021 is an unknown value
stack at sp + 6 slots: 0x0000009f891ff630 points into unknown readable memory: 0x00007ff940904838 | 38 48 90 40 f9 7f 00 00
stack at sp + 7 slots: 0x00000000e2120010 is an oop: [Ljava.lang.Class; 
{0x00000000e2120010} - klass: 'java/lang/Class'[]
 - length: 1


---------------  P R O C E S S  ---------------

Threads class SMR info:
_java_thread_list=0x00000224fd6e4fe0, length=77, elements={
0x00000224e8e5a200, 0x00000224f4a76820, 0x00000224f4a77380, 0x00000224f4a79380,
0x00000224f4a7bdf0, 0x00000224f4a7c980, 0x00000224f4a7d720, 0x00000224f4a7e730,
0x00000224f4becb00, 0x00000224f4c11bf0, 0x00000224f4e3b690, 0x00000224fa87ca20,
0x00000224fa6c0b10, 0x00000224f4ec4140, 0x00000224f4ca6890, 0x00000224f4ca6f00,
0x00000224f4f3ed40, 0x00000224f4f3f3d0, 0x00000224f4f40e10, 0x00000224f4f41b30,
0x00000224f4f400f0, 0x00000224f4f3fa60, 0x00000224f4f40780, 0x00000224f4f414a0,
0x00000224f4f3e6b0, 0x00000224fafe8430, 0x00000224fafe7080, 0x00000224fafeb220,
0x00000224fafebf40, 0x00000224fafe7710, 0x00000224fafe8ac0, 0x00000224fafe69f0,
0x00000224fafe9150, 0x00000224fafeab90, 0x00000224fafe97e0, 0x00000224fafe9e70,
0x00000224fafea500, 0x00000224fafeb8b0, 0x00000224fafed980, 0x00000224fafec5d0,
0x00000224fafed2f0, 0x00000224fb6c5eb0, 0x00000224fb6cce40, 0x00000224fb6cd4d0,
0x00000224fb6c78f0, 0x00000224fb6c8610, 0x00000224fb6ca050, 0x00000224fb6ca6e0,
0x00000224fb6c6540, 0x00000224fb6cad70, 0x00000224fb6c8ca0, 0x00000224fb6c6bd0,
0x00000224fb6c7260, 0x00000224fb6c7f80, 0x00000224fb6cb400, 0x00000224fb6c9330,
0x00000224fb6c99c0, 0x00000224fca15140, 0x00000224fca16b80, 0x00000224fca11630,
0x00000224fca17210, 0x00000224fca157d0, 0x00000224fca185c0, 0x00000224fca14420,
0x00000224fca17f30, 0x00000224fca12350, 0x00000224fca178a0, 0x00000224fca15e60,
0x00000224fca18c50, 0x00000224fca11cc0, 0x00000224fca13070, 0x00000224fca129e0,
0x00000224fca164f0, 0x00000224fca13700, 0x00000224fca14ab0, 0x00000224fca13d90,
0x00000224fe4a3130
}

Java Threads: ( => current thread )
  0x00000224e8e5a200 JavaThread "main"                              [_thread_blocked, id=812, stack(0x0000009f87c00000,0x0000009f87d00000) (1024K)]
  0x00000224f4a76820 JavaThread "Reference Handler"          daemon [_thread_blocked, id=14680, stack(0x0000009f88400000,0x0000009f88500000) (1024K)]
  0x00000224f4a77380 JavaThread "Finalizer"                  daemon [_thread_blocked, id=3448, stack(0x0000009f88500000,0x0000009f88600000) (1024K)]
  0x00000224f4a79380 JavaThread "Signal Dispatcher"          daemon [_thread_blocked, id=14400, stack(0x0000009f88600000,0x0000009f88700000) (1024K)]
  0x00000224f4a7bdf0 JavaThread "Attach Listener"            daemon [_thread_blocked, id=6692, stack(0x0000009f88700000,0x0000009f88800000) (1024K)]
  0x00000224f4a7c980 JavaThread "Service Thread"             daemon [_thread_blocked, id=8588, stack(0x0000009f88800000,0x0000009f88900000) (1024K)]
  0x00000224f4a7d720 JavaThread "Monitor Deflation Thread"   daemon [_thread_blocked, id=16316, stack(0x0000009f88900000,0x0000009f88a00000) (1024K)]
  0x00000224f4a7e730 JavaThread "C2 CompilerThread0"         daemon [_thread_blocked, id=11440, stack(0x0000009f88a00000,0x0000009f88b00000) (1024K)]
  0x00000224f4becb00 JavaThread "C1 CompilerThread0"         daemon [_thread_blocked, id=7352, stack(0x0000009f88b00000,0x0000009f88c00000) (1024K)]
  0x00000224f4c11bf0 JavaThread "Common-Cleaner"             daemon [_thread_blocked, id=15264, stack(0x0000009f88c00000,0x0000009f88d00000) (1024K)]
  0x00000224f4e3b690 JavaThread "Notification Thread"        daemon [_thread_blocked, id=12368, stack(0x0000009f88d00000,0x0000009f88e00000) (1024K)]
  0x00000224fa87ca20 JavaThread "Daemon health stats"               [_thread_blocked, id=13052, stack(0x0000009f89400000,0x0000009f89500000) (1024K)]
  0x00000224fa6c0b10 JavaThread "Incoming local TCP Connector on port 54142"        [_thread_in_native, id=16572, stack(0x0000009f89700000,0x0000009f89800000) (1024K)]
  0x00000224f4ec4140 JavaThread "Daemon periodic checks"            [_thread_blocked, id=17196, stack(0x0000009f89800000,0x0000009f89900000) (1024K)]
  0x00000224f4ca6890 JavaThread "Daemon"                            [_thread_blocked, id=16328, stack(0x0000009f89900000,0x0000009f89a00000) (1024K)]
  0x00000224f4ca6f00 JavaThread "Handler for socket connection from /127.0.0.1:54142 to /127.0.0.1:54144"        [_thread_in_native, id=16360, stack(0x0000009f89a00000,0x0000009f89b00000) (1024K)]
  0x00000224f4f3ed40 JavaThread "Cancel handler"                    [_thread_blocked, id=13496, stack(0x0000009f89b00000,0x0000009f89c00000) (1024K)]
  0x00000224f4f3f3d0 JavaThread "Daemon worker"                     [_thread_blocked, id=5300, stack(0x0000009f89c00000,0x0000009f89d00000) (1024K)]
  0x00000224f4f40e10 JavaThread "Asynchronous log dispatcher for DefaultDaemonConnection: socket connection from /127.0.0.1:54142 to /127.0.0.1:54144"        [_thread_blocked, id=11076, stack(0x0000009f89d00000,0x0000009f89e00000) (1024K)]
  0x00000224f4f41b30 JavaThread "Stdin handler"                     [_thread_blocked, id=13256, stack(0x0000009f89e00000,0x0000009f89f00000) (1024K)]
  0x00000224f4f400f0 JavaThread "Daemon client event forwarder"        [_thread_blocked, id=11676, stack(0x0000009f89f00000,0x0000009f8a000000) (1024K)]
  0x00000224f4f3fa60 JavaThread "Cache worker for journal cache (C:\Users\Yith Sopheaktra\.gradle\caches\journal-1)"        [_thread_blocked, id=10740, stack(0x0000009f89300000,0x0000009f89400000) (1024K)]
  0x00000224f4f40780 JavaThread "File lock request listener"        [_thread_in_native, id=5452, stack(0x0000009f8a000000,0x0000009f8a100000) (1024K)]
  0x00000224f4f414a0 JavaThread "File lock release action executor"        [_thread_blocked, id=11004, stack(0x0000009f8a100000,0x0000009f8a200000) (1024K)]
  0x00000224f4f3e6b0 JavaThread "Cache worker for file hash cache (C:\Users\Yith Sopheaktra\.gradle\caches\8.10.1\fileHashes)"        [_thread_blocked, id=6568, stack(0x0000009f8a200000,0x0000009f8a300000) (1024K)]
  0x00000224fafe8430 JavaThread "Cache worker for file hash cache (D:\CSTAD Advance\spring-microservices\CARD-SERVICE\.gradle\8.10.1\fileHashes)"        [_thread_blocked, id=7280, stack(0x0000009f8a500000,0x0000009f8a600000) (1024K)]
  0x00000224fafe7080 JavaThread "Cache worker for Build Output Cleanup Cache (D:\CSTAD Advance\spring-microservices\CARD-SERVICE\.gradle\buildOutputCleanup)"        [_thread_blocked, id=9316, stack(0x0000009f8a600000,0x0000009f8a700000) (1024K)]
  0x00000224fafeb220 JavaThread "File watcher server"        daemon [_thread_in_native, id=6908, stack(0x0000009f8a300000,0x0000009f8a400000) (1024K)]
  0x00000224fafebf40 JavaThread "File watcher consumer"      daemon [_thread_blocked, id=10488, stack(0x0000009f8a700000,0x0000009f8a800000) (1024K)]
  0x00000224fafe7710 JavaThread "jar transforms"                    [_thread_blocked, id=14088, stack(0x0000009f8a900000,0x0000009f8aa00000) (1024K)]
  0x00000224fafe8ac0 JavaThread "jar transforms Thread 2"           [_thread_blocked, id=16336, stack(0x0000009f8aa00000,0x0000009f8ab00000) (1024K)]
  0x00000224fafe69f0 JavaThread "jar transforms Thread 3"           [_thread_blocked, id=14092, stack(0x0000009f8ab00000,0x0000009f8ac00000) (1024K)]
  0x00000224fafe9150 JavaThread "jar transforms Thread 4"           [_thread_blocked, id=15072, stack(0x0000009f8ac00000,0x0000009f8ad00000) (1024K)]
  0x00000224fafeab90 JavaThread "jar transforms Thread 5"           [_thread_blocked, id=9436, stack(0x0000009f8ad00000,0x0000009f8ae00000) (1024K)]
  0x00000224fafe97e0 JavaThread "jar transforms Thread 6"           [_thread_blocked, id=13152, stack(0x0000009f8ae00000,0x0000009f8af00000) (1024K)]
  0x00000224fafe9e70 JavaThread "jar transforms Thread 7"           [_thread_blocked, id=5788, stack(0x0000009f8af00000,0x0000009f8b000000) (1024K)]
  0x00000224fafea500 JavaThread "jar transforms Thread 8"           [_thread_blocked, id=11808, stack(0x0000009f8b000000,0x0000009f8b100000) (1024K)]
  0x00000224fafeb8b0 JavaThread "Cache worker for checksums cache (D:\CSTAD Advance\spring-microservices\CARD-SERVICE\.gradle\8.10.1\checksums)"        [_thread_blocked, id=1636, stack(0x0000009f8a800000,0x0000009f8a900000) (1024K)]
  0x00000224fafed980 JavaThread "Cache worker for file content cache (C:\Users\Yith Sopheaktra\.gradle\caches\8.10.1\fileContent)"        [_thread_blocked, id=16860, stack(0x0000009f8b100000,0x0000009f8b200000) (1024K)]
  0x00000224fafec5d0 JavaThread "Cache worker for cache directory md-rule (C:\Users\Yith Sopheaktra\.gradle\caches\8.10.1\md-rule)"        [_thread_blocked, id=17304, stack(0x0000009f8b200000,0x0000009f8b300000) (1024K)]
  0x00000224fafed2f0 JavaThread "Cache worker for cache directory md-supplier (C:\Users\Yith Sopheaktra\.gradle\caches\8.10.1\md-supplier)"        [_thread_blocked, id=16836, stack(0x0000009f8b300000,0x0000009f8b400000) (1024K)]
  0x00000224fb6c5eb0 JavaThread "Unconstrained build operations"        [_thread_blocked, id=14728, stack(0x0000009f8b400000,0x0000009f8b500000) (1024K)]
  0x00000224fb6cce40 JavaThread "Unconstrained build operations Thread 2"        [_thread_blocked, id=16452, stack(0x0000009f8b500000,0x0000009f8b600000) (1024K)]
  0x00000224fb6cd4d0 JavaThread "Unconstrained build operations Thread 3"        [_thread_blocked, id=16956, stack(0x0000009f8b600000,0x0000009f8b700000) (1024K)]
  0x00000224fb6c78f0 JavaThread "Unconstrained build operations Thread 4"        [_thread_blocked, id=16376, stack(0x0000009f8b700000,0x0000009f8b800000) (1024K)]
  0x00000224fb6c8610 JavaThread "Unconstrained build operations Thread 5"        [_thread_blocked, id=7156, stack(0x0000009f8b800000,0x0000009f8b900000) (1024K)]
  0x00000224fb6ca050 JavaThread "Unconstrained build operations Thread 6"        [_thread_blocked, id=9764, stack(0x0000009f8b900000,0x0000009f8ba00000) (1024K)]
  0x00000224fb6ca6e0 JavaThread "Unconstrained build operations Thread 7"        [_thread_blocked, id=11276, stack(0x0000009f8ba00000,0x0000009f8bb00000) (1024K)]
  0x00000224fb6c6540 JavaThread "Unconstrained build operations Thread 8"        [_thread_blocked, id=1676, stack(0x0000009f8bb00000,0x0000009f8bc00000) (1024K)]
  0x00000224fb6cad70 JavaThread "Unconstrained build operations Thread 9"        [_thread_blocked, id=16124, stack(0x0000009f8bc00000,0x0000009f8bd00000) (1024K)]
  0x00000224fb6c8ca0 JavaThread "Unconstrained build operations Thread 10"        [_thread_blocked, id=13924, stack(0x0000009f8bd00000,0x0000009f8be00000) (1024K)]
  0x00000224fb6c6bd0 JavaThread "Unconstrained build operations Thread 11"        [_thread_blocked, id=15468, stack(0x0000009f8be00000,0x0000009f8bf00000) (1024K)]
  0x00000224fb6c7260 JavaThread "Unconstrained build operations Thread 12"        [_thread_blocked, id=9748, stack(0x0000009f8bf00000,0x0000009f8c000000) (1024K)]
  0x00000224fb6c7f80 JavaThread "Unconstrained build operations Thread 13"        [_thread_blocked, id=11096, stack(0x0000009f8c000000,0x0000009f8c100000) (1024K)]
  0x00000224fb6cb400 JavaThread "Unconstrained build operations Thread 14"        [_thread_blocked, id=14820, stack(0x0000009f8c100000,0x0000009f8c200000) (1024K)]
  0x00000224fb6c9330 JavaThread "Unconstrained build operations Thread 15"        [_thread_blocked, id=17180, stack(0x0000009f8c200000,0x0000009f8c300000) (1024K)]
  0x00000224fb6c99c0 JavaThread "Unconstrained build operations Thread 16"        [_thread_blocked, id=14496, stack(0x0000009f8c300000,0x0000009f8c400000) (1024K)]
  0x00000224fca15140 JavaThread "Unconstrained build operations Thread 17"        [_thread_blocked, id=7956, stack(0x0000009f8c400000,0x0000009f8c500000) (1024K)]
  0x00000224fca16b80 JavaThread "Unconstrained build operations Thread 18"        [_thread_blocked, id=8436, stack(0x0000009f8c500000,0x0000009f8c600000) (1024K)]
  0x00000224fca11630 JavaThread "Unconstrained build operations Thread 19"        [_thread_blocked, id=16812, stack(0x0000009f8c600000,0x0000009f8c700000) (1024K)]
  0x00000224fca17210 JavaThread "Unconstrained build operations Thread 20"        [_thread_blocked, id=10424, stack(0x0000009f8c700000,0x0000009f8c800000) (1024K)]
  0x00000224fca157d0 JavaThread "Unconstrained build operations Thread 21"        [_thread_blocked, id=16100, stack(0x0000009f8c800000,0x0000009f8c900000) (1024K)]
  0x00000224fca185c0 JavaThread "Unconstrained build operations Thread 22"        [_thread_blocked, id=16264, stack(0x0000009f8c900000,0x0000009f8ca00000) (1024K)]
  0x00000224fca14420 JavaThread "Unconstrained build operations Thread 23"        [_thread_blocked, id=8296, stack(0x0000009f8ca00000,0x0000009f8cb00000) (1024K)]
  0x00000224fca17f30 JavaThread "Unconstrained build operations Thread 24"        [_thread_blocked, id=12240, stack(0x0000009f8cc00000,0x0000009f8cd00000) (1024K)]
  0x00000224fca12350 JavaThread "Unconstrained build operations Thread 25"        [_thread_blocked, id=15016, stack(0x0000009f8cd00000,0x0000009f8ce00000) (1024K)]
  0x00000224fca178a0 JavaThread "Unconstrained build operations Thread 26"        [_thread_blocked, id=5860, stack(0x0000009f8ce00000,0x0000009f8cf00000) (1024K)]
  0x00000224fca15e60 JavaThread "Unconstrained build operations Thread 27"        [_thread_blocked, id=8212, stack(0x0000009f8cf00000,0x0000009f8d000000) (1024K)]
  0x00000224fca18c50 JavaThread "Unconstrained build operations Thread 28"        [_thread_blocked, id=708, stack(0x0000009f8d000000,0x0000009f8d100000) (1024K)]
  0x00000224fca11cc0 JavaThread "Unconstrained build operations Thread 29"        [_thread_blocked, id=6120, stack(0x0000009f8d100000,0x0000009f8d200000) (1024K)]
  0x00000224fca13070 JavaThread "Unconstrained build operations Thread 30"        [_thread_blocked, id=10092, stack(0x0000009f8d200000,0x0000009f8d300000) (1024K)]
  0x00000224fca129e0 JavaThread "Unconstrained build operations Thread 31"        [_thread_blocked, id=10764, stack(0x0000009f8d300000,0x0000009f8d400000) (1024K)]
  0x00000224fca164f0 JavaThread "Unconstrained build operations Thread 32"        [_thread_blocked, id=14248, stack(0x0000009f8d400000,0x0000009f8d500000) (1024K)]
  0x00000224fca13700 JavaThread "Unconstrained build operations Thread 33"        [_thread_blocked, id=11468, stack(0x0000009f8d500000,0x0000009f8d600000) (1024K)]
  0x00000224fca14ab0 JavaThread "Unconstrained build operations Thread 34"        [_thread_blocked, id=13872, stack(0x0000009f8d600000,0x0000009f8d700000) (1024K)]
  0x00000224fca13d90 JavaThread "Unconstrained build operations Thread 35"        [_thread_blocked, id=10652, stack(0x0000009f8d700000,0x0000009f8d800000) (1024K)]
  0x00000224fe4a3130 JavaThread "Memory manager"                    [_thread_blocked, id=2192, stack(0x0000009f8d800000,0x0000009f8d900000) (1024K)]
Total: 77

Other Threads:
  0x00000224f4a58540 VMThread "VM Thread"                           [id=4332, stack(0x0000009f88300000,0x0000009f88400000) (1024K)]
  0x00000224f4a3e060 WatcherThread "VM Periodic Task Thread"        [id=7408, stack(0x0000009f88200000,0x0000009f88300000) (1024K)]
  0x00000224e8e856b0 WorkerThread "GC Thread#0"                     [id=13016, stack(0x0000009f87d00000,0x0000009f87e00000) (1024K)]
  0x00000224f92abf30 WorkerThread "GC Thread#1"                     [id=16216, stack(0x0000009f88e00000,0x0000009f88f00000) (1024K)]
  0x00000224f913e610 WorkerThread "GC Thread#2"                     [id=8768, stack(0x0000009f88f00000,0x0000009f89000000) (1024K)]
  0x00000224f93184e0 WorkerThread "GC Thread#3"                     [id=13976, stack(0x0000009f89000000,0x0000009f89100000) (1024K)]
=>0x00000224f90e3750 WorkerThread "GC Thread#4"                     [id=1332, stack(0x0000009f89100000,0x0000009f89200000) (1024K)]
  0x00000224f90e3af0 WorkerThread "GC Thread#5"                     [id=2824, stack(0x0000009f89200000,0x0000009f89300000) (1024K)]
  0x00000224fa856460 WorkerThread "GC Thread#6"                     [id=9016, stack(0x0000009f89500000,0x0000009f89600000) (1024K)]
  0x00000224fa855980 WorkerThread "GC Thread#7"                     [id=7984, stack(0x0000009f89600000,0x0000009f89700000) (1024K)]
  0x00000224e8e8a440 ConcurrentGCThread "G1 Main Marker"            [id=12384, stack(0x0000009f87e00000,0x0000009f87f00000) (1024K)]
  0x00000224e8e8acf0 WorkerThread "G1 Conc#0"                       [id=2704, stack(0x0000009f87f00000,0x0000009f88000000) (1024K)]
  0x00000224fa854ea0 WorkerThread "G1 Conc#1"                       [id=16428, stack(0x0000009f8a400000,0x0000009f8a500000) (1024K)]
  0x00000224f490dd80 ConcurrentGCThread "G1 Refine#0"               [id=14436, stack(0x0000009f88000000,0x0000009f88100000) (1024K)]
  0x00000224f490e5a0 ConcurrentGCThread "G1 Service"                [id=16420, stack(0x0000009f88100000,0x0000009f88200000) (1024K)]
Total: 15

Threads with active compile tasks:
Total: 0

VM state: at safepoint (normal execution)

VM Mutex/Monitor currently owned by a thread:  ([mutex/lock_event])
[0x00007ff940b67e98] Threads_lock - owner thread: 0x00000224f4a58540
[0x00007ff940b67f98] Heap_lock - owner thread: 0x00000224f4f3f3d0

Heap address: 0x00000000e0000000, size: 512 MB, Compressed Oops mode: 32-bit

CDS archive(s) mapped at: [0x000002248f000000-0x000002248fc90000-0x000002248fc90000), size 13172736, SharedBaseAddress: 0x000002248f000000, ArchiveRelocationMode: 1.
Compressed class space mapped at: 0x0000022490000000-0x00000224a4000000, reserved size: 335544320
Narrow klass base: 0x000002248f000000, Narrow klass shift: 0, Narrow klass range: 0x100000000

GC Precious Log:
 CardTable entry size: 512
 Card Set container configuration: InlinePtr #cards 5 size 8 Array Of Cards #cards 12 size 40 Howl #buckets 4 coarsen threshold 1843 Howl Bitmap #cards 512 size 80 coarsen threshold 460 Card regions per heap region 1 cards per card region 2048
 CPUs: 8 total, 8 available
 Memory: 16288M
 Large Page Support: Disabled
 NUMA Support: Disabled
 Compressed Oops: Enabled (32-bit)
 Heap Region Size: 1M
 Heap Min Capacity: 256M
 Heap Initial Capacity: 256M
 Heap Max Capacity: 512M
 Pre-touch: Disabled
 Parallel Workers: 8
 Concurrent Workers: 2
 Concurrent Refinement Workers: 8
 Periodic GC: Disabled

Heap:
 garbage-first heap   total 262144K, used 204526K [0x00000000e0000000, 0x0000000100000000)
  region size 1024K, 143 young (146432K), 10 survivors (10240K)
 Metaspace       used 58899K, committed 60928K, reserved 393216K
  class space    used 8554K, committed 9536K, reserved 327680K

Heap Regions: E=young(eden), S=young(survivor), O=old, HS=humongous(starts), HC=humongous(continues), CS=collection set, F=free, TAMS=top-at-mark-start, PB=parsable bottom
|   0|0x00000000e0000000, 0x00000000e0100000, 0x00000000e0100000|100%| O|  |TAMS 0x00000000e0000000| PB 0x00000000e0000000| Untracked 
|   1|0x00000000e0100000, 0x00000000e0200000, 0x00000000e0200000|100%|HS|  |TAMS 0x00000000e0100000| PB 0x00000000e0100000| Complete 
|   2|0x00000000e0200000, 0x00000000e0300000, 0x00000000e0300000|100%|HC|  |TAMS 0x00000000e0200000| PB 0x00000000e0200000| Complete 
|   3|0x00000000e0300000, 0x00000000e0400000, 0x00000000e0400000|100%|HC|  |TAMS 0x00000000e0300000| PB 0x00000000e0300000| Complete 
|   4|0x00000000e0400000, 0x00000000e0500000, 0x00000000e0500000|100%|HC|  |TAMS 0x00000000e0400000| PB 0x00000000e0400000| Complete 
|   5|0x00000000e0500000, 0x00000000e0600000, 0x00000000e0600000|100%| O|  |TAMS 0x00000000e0500000| PB 0x00000000e0500000| Untracked 
|   6|0x00000000e0600000, 0x00000000e0700000, 0x00000000e0700000|100%| O|  |TAMS 0x00000000e0600000| PB 0x00000000e0600000| Untracked 
|   7|0x00000000e0700000, 0x00000000e0800000, 0x00000000e0800000|100%| O|  |TAMS 0x00000000e0700000| PB 0x00000000e0700000| Untracked 
|   8|0x00000000e0800000, 0x00000000e0900000, 0x00000000e0900000|100%|HS|  |TAMS 0x00000000e0800000| PB 0x00000000e0800000| Complete 
|   9|0x00000000e0900000, 0x00000000e0a00000, 0x00000000e0a00000|100%|HS|  |TAMS 0x00000000e0900000| PB 0x00000000e0900000| Complete 
|  10|0x00000000e0a00000, 0x00000000e0b00000, 0x00000000e0b00000|100%| O|  |TAMS 0x00000000e0a00000| PB 0x00000000e0a00000| Untracked 
|  11|0x00000000e0b00000, 0x00000000e0c00000, 0x00000000e0c00000|100%| O|  |TAMS 0x00000000e0b00000| PB 0x00000000e0b00000| Untracked 
|  12|0x00000000e0c00000, 0x00000000e0d00000, 0x00000000e0d00000|100%|HS|  |TAMS 0x00000000e0c00000| PB 0x00000000e0c00000| Complete 
|  13|0x00000000e0d00000, 0x00000000e0e00000, 0x00000000e0e00000|100%|HC|  |TAMS 0x00000000e0d00000| PB 0x00000000e0d00000| Complete 
|  14|0x00000000e0e00000, 0x00000000e0f00000, 0x00000000e0f00000|100%|HC|  |TAMS 0x00000000e0e00000| PB 0x00000000e0e00000| Complete 
|  15|0x00000000e0f00000, 0x00000000e1000000, 0x00000000e1000000|100%|HC|  |TAMS 0x00000000e0f00000| PB 0x00000000e0f00000| Complete 
|  16|0x00000000e1000000, 0x00000000e1100000, 0x00000000e1100000|100%|HC|  |TAMS 0x00000000e1000000| PB 0x00000000e1000000| Complete 
|  17|0x00000000e1100000, 0x00000000e1200000, 0x00000000e1200000|100%|HS|  |TAMS 0x00000000e1100000| PB 0x00000000e1100000| Complete 
|  18|0x00000000e1200000, 0x00000000e1300000, 0x00000000e1300000|100%|HC|  |TAMS 0x00000000e1200000| PB 0x00000000e1200000| Complete 
|  19|0x00000000e1300000, 0x00000000e1400000, 0x00000000e1400000|100%|HC|  |TAMS 0x00000000e1300000| PB 0x00000000e1300000| Complete 
|  20|0x00000000e1400000, 0x00000000e1500000, 0x00000000e1500000|100%|HS|  |TAMS 0x00000000e1400000| PB 0x00000000e1400000| Complete 
|  21|0x00000000e1500000, 0x00000000e1600000, 0x00000000e1600000|100%|HC|  |TAMS 0x00000000e1500000| PB 0x00000000e1500000| Complete 
|  22|0x00000000e1600000, 0x00000000e1700000, 0x00000000e1700000|100%| O|  |TAMS 0x00000000e1600000| PB 0x00000000e1600000| Untracked 
|  23|0x00000000e1700000, 0x00000000e1800000, 0x00000000e1800000|100%| O|  |TAMS 0x00000000e1700000| PB 0x00000000e1700000| Untracked 
|  24|0x00000000e1800000, 0x00000000e1900000, 0x00000000e1900000|100%| O|  |TAMS 0x00000000e1800000| PB 0x00000000e1800000| Untracked 
|  25|0x00000000e1900000, 0x00000000e1a00000, 0x00000000e1a00000|100%| O|  |TAMS 0x00000000e1900000| PB 0x00000000e1900000| Untracked 
|  26|0x00000000e1a00000, 0x00000000e1b00000, 0x00000000e1b00000|100%| O|  |TAMS 0x00000000e1a00000| PB 0x00000000e1a00000| Untracked 
|  27|0x00000000e1b00000, 0x00000000e1c00000, 0x00000000e1c00000|100%| O|  |TAMS 0x00000000e1b00000| PB 0x00000000e1b00000| Untracked 
|  28|0x00000000e1c00000, 0x00000000e1d00000, 0x00000000e1d00000|100%| O|  |TAMS 0x00000000e1c00000| PB 0x00000000e1c00000| Untracked 
|  29|0x00000000e1d00000, 0x00000000e1e00000, 0x00000000e1e00000|100%| O|  |TAMS 0x00000000e1d00000| PB 0x00000000e1d00000| Untracked 
|  30|0x00000000e1e00000, 0x00000000e1f00000, 0x00000000e1f00000|100%| O|  |TAMS 0x00000000e1e00000| PB 0x00000000e1e00000| Untracked 
|  31|0x00000000e1f00000, 0x00000000e2000000, 0x00000000e2000000|100%| O|  |TAMS 0x00000000e1f00000| PB 0x00000000e1f00000| Untracked 
|  32|0x00000000e2000000, 0x00000000e2100000, 0x00000000e2100000|100%| O|  |TAMS 0x00000000e2000000| PB 0x00000000e2000000| Untracked 
|  33|0x00000000e2100000, 0x00000000e2200000, 0x00000000e2200000|100%| O|  |TAMS 0x00000000e2100000| PB 0x00000000e2100000| Untracked 
|  34|0x00000000e2200000, 0x00000000e2300000, 0x00000000e2300000|100%| O|CS|TAMS 0x00000000e2200000| PB 0x00000000e2200000| Complete 
|  35|0x00000000e2300000, 0x00000000e2400000, 0x00000000e2400000|100%| O|  |TAMS 0x00000000e2300000| PB 0x00000000e2300000| Untracked 
|  36|0x00000000e2400000, 0x00000000e2500000, 0x00000000e2500000|100%| O|  |TAMS 0x00000000e2400000| PB 0x00000000e2400000| Untracked 
|  37|0x00000000e2500000, 0x00000000e2600000, 0x00000000e2600000|100%| O|  |TAMS 0x00000000e2500000| PB 0x00000000e2500000| Untracked 
|  38|0x00000000e2600000, 0x00000000e2700000, 0x00000000e2700000|100%| O|  |TAMS 0x00000000e2600000| PB 0x00000000e2600000| Untracked 
|  39|0x00000000e2700000, 0x00000000e2800000, 0x00000000e2800000|100%| O|  |TAMS 0x00000000e2700000| PB 0x00000000e2700000| Untracked 
|  40|0x00000000e2800000, 0x00000000e2900000, 0x00000000e2900000|100%|HS|  |TAMS 0x00000000e2800000| PB 0x00000000e2800000| Complete 
|  41|0x00000000e2900000, 0x00000000e2a00000, 0x00000000e2a00000|100%|HC|  |TAMS 0x00000000e2900000| PB 0x00000000e2900000| Complete 
|  42|0x00000000e2a00000, 0x00000000e2b00000, 0x00000000e2b00000|100%|HS|  |TAMS 0x00000000e2a00000| PB 0x00000000e2a00000| Complete 
|  43|0x00000000e2b00000, 0x00000000e2c00000, 0x00000000e2c00000|100%|HC|  |TAMS 0x00000000e2b00000| PB 0x00000000e2b00000| Complete 
|  44|0x00000000e2c00000, 0x00000000e2d00000, 0x00000000e2d00000|100%|HC|  |TAMS 0x00000000e2c00000| PB 0x00000000e2c00000| Complete 
|  45|0x00000000e2d00000, 0x00000000e2e00000, 0x00000000e2e00000|100%|HC|  |TAMS 0x00000000e2d00000| PB 0x00000000e2d00000| Complete 
|  46|0x00000000e2e00000, 0x00000000e2f00000, 0x00000000e2f00000|100%|HC|  |TAMS 0x00000000e2e00000| PB 0x00000000e2e00000| Complete 
|  47|0x00000000e2f00000, 0x00000000e3000000, 0x00000000e3000000|100%|HS|  |TAMS 0x00000000e2f00000| PB 0x00000000e2f00000| Complete 
|  48|0x00000000e3000000, 0x00000000e3100000, 0x00000000e3100000|100%|HC|  |TAMS 0x00000000e3000000| PB 0x00000000e3000000| Complete 
|  49|0x00000000e3100000, 0x00000000e3200000, 0x00000000e3200000|100%|HC|  |TAMS 0x00000000e3100000| PB 0x00000000e3100000| Complete 
|  50|0x00000000e3200000, 0x00000000e3300000, 0x00000000e3300000|100%|HC|  |TAMS 0x00000000e3200000| PB 0x00000000e3200000| Complete 
|  51|0x00000000e3300000, 0x00000000e3400000, 0x00000000e3400000|100%|HC|  |TAMS 0x00000000e3300000| PB 0x00000000e3300000| Complete 
|  52|0x00000000e3400000, 0x00000000e3500000, 0x00000000e3500000|100%| O|  |TAMS 0x00000000e3400000| PB 0x00000000e3400000| Untracked 
|  53|0x00000000e3500000, 0x00000000e3600000, 0x00000000e3600000|100%| O|  |TAMS 0x00000000e3500000| PB 0x00000000e3500000| Untracked 
|  54|0x00000000e3600000, 0x00000000e3700000, 0x00000000e3700000|100%| O|  |TAMS 0x00000000e3600000| PB 0x00000000e3600000| Untracked 
|  55|0x00000000e3700000, 0x00000000e3800000, 0x00000000e3800000|100%| O|  |TAMS 0x00000000e3700000| PB 0x00000000e3700000| Untracked 
|  56|0x00000000e3800000, 0x00000000e3900000, 0x00000000e3900000|100%| O|  |TAMS 0x00000000e3800000| PB 0x00000000e3800000| Untracked 
|  57|0x00000000e3900000, 0x00000000e3a00000, 0x00000000e3a00000|100%| O|  |TAMS 0x00000000e3900000| PB 0x00000000e3900000| Untracked 
|  58|0x00000000e3a00000, 0x00000000e3b00000, 0x00000000e3b00000|100%| O|  |TAMS 0x00000000e3a00000| PB 0x00000000e3a00000| Untracked 
|  59|0x00000000e3b00000, 0x00000000e3c00000, 0x00000000e3c00000|100%| O|  |TAMS 0x00000000e3b00000| PB 0x00000000e3b00000| Untracked 
|  60|0x00000000e3c00000, 0x00000000e3d00000, 0x00000000e3d00000|100%| O|  |TAMS 0x00000000e3c00000| PB 0x00000000e3c00000| Untracked 
|  61|0x00000000e3d00000, 0x00000000e3e00000, 0x00000000e3e00000|100%| O|  |TAMS 0x00000000e3d00000| PB 0x00000000e3d00000| Untracked 
|  62|0x00000000e3e00000, 0x00000000e3f00000, 0x00000000e3f00000|100%| O|  |TAMS 0x00000000e3e00000| PB 0x00000000e3e00000| Untracked 
|  63|0x00000000e3f00000, 0x00000000e4000000, 0x00000000e4000000|100%| O|  |TAMS 0x00000000e3f00000| PB 0x00000000e3f00000| Untracked 
|  64|0x00000000e4000000, 0x00000000e4100000, 0x00000000e4100000|100%| O|  |TAMS 0x00000000e4000000| PB 0x00000000e4000000| Untracked 
|  65|0x00000000e4100000, 0x00000000e4200000, 0x00000000e4200000|100%| O|  |TAMS 0x00000000e4100000| PB 0x00000000e4100000| Untracked 
|  66|0x00000000e4200000, 0x00000000e4300000, 0x00000000e4300000|100%| O|  |TAMS 0x00000000e4200000| PB 0x00000000e4200000| Untracked 
|  67|0x00000000e4300000, 0x00000000e4300000, 0x00000000e4400000|  0%| F|  |TAMS 0x00000000e4300000| PB 0x00000000e4300000| Untracked 
|  68|0x00000000e4400000, 0x00000000e4400000, 0x00000000e4500000|  0%| F|  |TAMS 0x00000000e4400000| PB 0x00000000e4400000| Untracked 
|  69|0x00000000e4500000, 0x00000000e4500000, 0x00000000e4600000|  0%| F|  |TAMS 0x00000000e4500000| PB 0x00000000e4500000| Untracked 
|  70|0x00000000e4600000, 0x00000000e4600000, 0x00000000e4700000|  0%| F|  |TAMS 0x00000000e4600000| PB 0x00000000e4600000| Untracked 
|  71|0x00000000e4700000, 0x00000000e4700000, 0x00000000e4800000|  0%| F|  |TAMS 0x00000000e4700000| PB 0x00000000e4700000| Untracked 
|  72|0x00000000e4800000, 0x00000000e4800000, 0x00000000e4900000|  0%| F|  |TAMS 0x00000000e4800000| PB 0x00000000e4800000| Untracked 
|  73|0x00000000e4900000, 0x00000000e4900000, 0x00000000e4a00000|  0%| F|  |TAMS 0x00000000e4900000| PB 0x00000000e4900000| Untracked 
|  74|0x00000000e4a00000, 0x00000000e4a00000, 0x00000000e4b00000|  0%| F|  |TAMS 0x00000000e4a00000| PB 0x00000000e4a00000| Untracked 
|  75|0x00000000e4b00000, 0x00000000e4b00000, 0x00000000e4c00000|  0%| F|  |TAMS 0x00000000e4b00000| PB 0x00000000e4b00000| Untracked 
|  76|0x00000000e4c00000, 0x00000000e4c00000, 0x00000000e4d00000|  0%| F|  |TAMS 0x00000000e4c00000| PB 0x00000000e4c00000| Untracked 
|  77|0x00000000e4d00000, 0x00000000e4d00000, 0x00000000e4e00000|  0%| F|  |TAMS 0x00000000e4d00000| PB 0x00000000e4d00000| Untracked 
|  78|0x00000000e4e00000, 0x00000000e4e00000, 0x00000000e4f00000|  0%| F|  |TAMS 0x00000000e4e00000| PB 0x00000000e4e00000| Untracked 
|  79|0x00000000e4f00000, 0x00000000e4f00000, 0x00000000e5000000|  0%| F|  |TAMS 0x00000000e4f00000| PB 0x00000000e4f00000| Untracked 
|  80|0x00000000e5000000, 0x00000000e5000000, 0x00000000e5100000|  0%| F|  |TAMS 0x00000000e5000000| PB 0x00000000e5000000| Untracked 
|  81|0x00000000e5100000, 0x00000000e5100000, 0x00000000e5200000|  0%| F|  |TAMS 0x00000000e5100000| PB 0x00000000e5100000| Untracked 
|  82|0x00000000e5200000, 0x00000000e5200000, 0x00000000e5300000|  0%| F|  |TAMS 0x00000000e5200000| PB 0x00000000e5200000| Untracked 
|  83|0x00000000e5300000, 0x00000000e5400000, 0x00000000e5400000|100%| E|CS|TAMS 0x00000000e5300000| PB 0x00000000e5300000| Complete 
|  84|0x00000000e5400000, 0x00000000e5500000, 0x00000000e5500000|100%| E|CS|TAMS 0x00000000e5400000| PB 0x00000000e5400000| Complete 
|  85|0x00000000e5500000, 0x00000000e5600000, 0x00000000e5600000|100%| E|CS|TAMS 0x00000000e5500000| PB 0x00000000e5500000| Complete 
|  86|0x00000000e5600000, 0x00000000e5700000, 0x00000000e5700000|100%| E|CS|TAMS 0x00000000e5600000| PB 0x00000000e5600000| Complete 
|  87|0x00000000e5700000, 0x00000000e5800000, 0x00000000e5800000|100%| E|CS|TAMS 0x00000000e5700000| PB 0x00000000e5700000| Complete 
|  88|0x00000000e5800000, 0x00000000e5900000, 0x00000000e5900000|100%| E|CS|TAMS 0x00000000e5800000| PB 0x00000000e5800000| Complete 
|  89|0x00000000e5900000, 0x00000000e5a00000, 0x00000000e5a00000|100%| E|CS|TAMS 0x00000000e5900000| PB 0x00000000e5900000| Complete 
|  90|0x00000000e5a00000, 0x00000000e5b00000, 0x00000000e5b00000|100%| E|CS|TAMS 0x00000000e5a00000| PB 0x00000000e5a00000| Complete 
|  91|0x00000000e5b00000, 0x00000000e5c00000, 0x00000000e5c00000|100%| E|CS|TAMS 0x00000000e5b00000| PB 0x00000000e5b00000| Complete 
|  92|0x00000000e5c00000, 0x00000000e5d00000, 0x00000000e5d00000|100%| E|CS|TAMS 0x00000000e5c00000| PB 0x00000000e5c00000| Complete 
|  93|0x00000000e5d00000, 0x00000000e5e00000, 0x00000000e5e00000|100%| E|CS|TAMS 0x00000000e5d00000| PB 0x00000000e5d00000| Complete 
|  94|0x00000000e5e00000, 0x00000000e5f00000, 0x00000000e5f00000|100%| E|CS|TAMS 0x00000000e5e00000| PB 0x00000000e5e00000| Complete 
|  95|0x00000000e5f00000, 0x00000000e6000000, 0x00000000e6000000|100%| E|CS|TAMS 0x00000000e5f00000| PB 0x00000000e5f00000| Complete 
|  96|0x00000000e6000000, 0x00000000e6100000, 0x00000000e6100000|100%| E|CS|TAMS 0x00000000e6000000| PB 0x00000000e6000000| Complete 
|  97|0x00000000e6100000, 0x00000000e6200000, 0x00000000e6200000|100%| E|CS|TAMS 0x00000000e6100000| PB 0x00000000e6100000| Complete 
|  98|0x00000000e6200000, 0x00000000e6300000, 0x00000000e6300000|100%| E|CS|TAMS 0x00000000e6200000| PB 0x00000000e6200000| Complete 
|  99|0x00000000e6300000, 0x00000000e6400000, 0x00000000e6400000|100%| E|CS|TAMS 0x00000000e6300000| PB 0x00000000e6300000| Complete 
| 100|0x00000000e6400000, 0x00000000e6500000, 0x00000000e6500000|100%| E|CS|TAMS 0x00000000e6400000| PB 0x00000000e6400000| Complete 
| 101|0x00000000e6500000, 0x00000000e6600000, 0x00000000e6600000|100%| E|CS|TAMS 0x00000000e6500000| PB 0x00000000e6500000| Complete 
| 102|0x00000000e6600000, 0x00000000e6700000, 0x00000000e6700000|100%| E|CS|TAMS 0x00000000e6600000| PB 0x00000000e6600000| Complete 
| 103|0x00000000e6700000, 0x00000000e6700000, 0x00000000e6800000|  0%| F|  |TAMS 0x00000000e6700000| PB 0x00000000e6700000| Untracked 
| 104|0x00000000e6800000, 0x00000000e6800000, 0x00000000e6900000|  0%| F|  |TAMS 0x00000000e6800000| PB 0x00000000e6800000| Untracked 
| 105|0x00000000e6900000, 0x00000000e6900000, 0x00000000e6a00000|  0%| F|  |TAMS 0x00000000e6900000| PB 0x00000000e6900000| Untracked 
| 106|0x00000000e6a00000, 0x00000000e6a00000, 0x00000000e6b00000|  0%| F|  |TAMS 0x00000000e6a00000| PB 0x00000000e6a00000| Untracked 
| 107|0x00000000e6b00000, 0x00000000e6b00000, 0x00000000e6c00000|  0%| F|  |TAMS 0x00000000e6b00000| PB 0x00000000e6b00000| Untracked 
| 108|0x00000000e6c00000, 0x00000000e6c00000, 0x00000000e6d00000|  0%| F|  |TAMS 0x00000000e6c00000| PB 0x00000000e6c00000| Untracked 
| 109|0x00000000e6d00000, 0x00000000e6d00000, 0x00000000e6e00000|  0%| F|  |TAMS 0x00000000e6d00000| PB 0x00000000e6d00000| Untracked 
| 110|0x00000000e6e00000, 0x00000000e6e00000, 0x00000000e6f00000|  0%| F|  |TAMS 0x00000000e6e00000| PB 0x00000000e6e00000| Untracked 
| 111|0x00000000e6f00000, 0x00000000e6f00000, 0x00000000e7000000|  0%| F|  |TAMS 0x00000000e6f00000| PB 0x00000000e6f00000| Untracked 
| 112|0x00000000e7000000, 0x00000000e7000000, 0x00000000e7100000|  0%| F|  |TAMS 0x00000000e7000000| PB 0x00000000e7000000| Untracked 
| 113|0x00000000e7100000, 0x00000000e71eb710, 0x00000000e7200000| 91%| S|  |TAMS 0x00000000e7100000| PB 0x00000000e7100000| Complete 
| 114|0x00000000e7200000, 0x00000000e7300000, 0x00000000e7300000|100%| S|  |TAMS 0x00000000e7200000| PB 0x00000000e7200000| Complete 
| 115|0x00000000e7300000, 0x00000000e7400000, 0x00000000e7400000|100%| S|  |TAMS 0x00000000e7300000| PB 0x00000000e7300000| Complete 
| 116|0x00000000e7400000, 0x00000000e7500000, 0x00000000e7500000|100%| S|  |TAMS 0x00000000e7400000| PB 0x00000000e7400000| Complete 
| 117|0x00000000e7500000, 0x00000000e7600000, 0x00000000e7600000|100%| S|  |TAMS 0x00000000e7500000| PB 0x00000000e7500000| Complete 
| 118|0x00000000e7600000, 0x00000000e7700000, 0x00000000e7700000|100%| S|  |TAMS 0x00000000e7600000| PB 0x00000000e7600000| Complete 
| 119|0x00000000e7700000, 0x00000000e7800000, 0x00000000e7800000|100%| S|  |TAMS 0x00000000e7700000| PB 0x00000000e7700000| Complete 
| 120|0x00000000e7800000, 0x00000000e7900000, 0x00000000e7900000|100%| S|  |TAMS 0x00000000e7800000| PB 0x00000000e7800000| Complete 
| 121|0x00000000e7900000, 0x00000000e7a00000, 0x00000000e7a00000|100%| S|  |TAMS 0x00000000e7900000| PB 0x00000000e7900000| Complete 
| 122|0x00000000e7a00000, 0x00000000e7b00000, 0x00000000e7b00000|100%| S|  |TAMS 0x00000000e7a00000| PB 0x00000000e7a00000| Complete 
| 123|0x00000000e7b00000, 0x00000000e7c00000, 0x00000000e7c00000|100%| E|CS|TAMS 0x00000000e7b00000| PB 0x00000000e7b00000| Complete 
| 124|0x00000000e7c00000, 0x00000000e7d00000, 0x00000000e7d00000|100%| E|CS|TAMS 0x00000000e7c00000| PB 0x00000000e7c00000| Complete 
| 125|0x00000000e7d00000, 0x00000000e7e00000, 0x00000000e7e00000|100%| E|CS|TAMS 0x00000000e7d00000| PB 0x00000000e7d00000| Complete 
| 126|0x00000000e7e00000, 0x00000000e7f00000, 0x00000000e7f00000|100%| E|CS|TAMS 0x00000000e7e00000| PB 0x00000000e7e00000| Complete 
| 127|0x00000000e7f00000, 0x00000000e8000000, 0x00000000e8000000|100%| E|CS|TAMS 0x00000000e7f00000| PB 0x00000000e7f00000| Complete 
| 128|0x00000000e8000000, 0x00000000e8100000, 0x00000000e8100000|100%| E|CS|TAMS 0x00000000e8000000| PB 0x00000000e8000000| Complete 
| 129|0x00000000e8100000, 0x00000000e8200000, 0x00000000e8200000|100%| E|CS|TAMS 0x00000000e8100000| PB 0x00000000e8100000| Complete 
| 130|0x00000000e8200000, 0x00000000e8300000, 0x00000000e8300000|100%| E|CS|TAMS 0x00000000e8200000| PB 0x00000000e8200000| Complete 
| 131|0x00000000e8300000, 0x00000000e8400000, 0x00000000e8400000|100%| E|CS|TAMS 0x00000000e8300000| PB 0x00000000e8300000| Complete 
| 132|0x00000000e8400000, 0x00000000e8500000, 0x00000000e8500000|100%| E|CS|TAMS 0x00000000e8400000| PB 0x00000000e8400000| Complete 
| 133|0x00000000e8500000, 0x00000000e8600000, 0x00000000e8600000|100%| E|CS|TAMS 0x00000000e8500000| PB 0x00000000e8500000| Complete 
| 134|0x00000000e8600000, 0x00000000e8700000, 0x00000000e8700000|100%| E|CS|TAMS 0x00000000e8600000| PB 0x00000000e8600000| Complete 
| 135|0x00000000e8700000, 0x00000000e8800000, 0x00000000e8800000|100%| E|CS|TAMS 0x00000000e8700000| PB 0x00000000e8700000| Complete 
| 136|0x00000000e8800000, 0x00000000e8900000, 0x00000000e8900000|100%| E|CS|TAMS 0x00000000e8800000| PB 0x00000000e8800000| Complete 
| 137|0x00000000e8900000, 0x00000000e8a00000, 0x00000000e8a00000|100%| E|CS|TAMS 0x00000000e8900000| PB 0x00000000e8900000| Complete 
| 138|0x00000000e8a00000, 0x00000000e8b00000, 0x00000000e8b00000|100%| E|CS|TAMS 0x00000000e8a00000| PB 0x00000000e8a00000| Complete 
| 139|0x00000000e8b00000, 0x00000000e8c00000, 0x00000000e8c00000|100%| E|CS|TAMS 0x00000000e8b00000| PB 0x00000000e8b00000| Complete 
| 140|0x00000000e8c00000, 0x00000000e8d00000, 0x00000000e8d00000|100%| E|CS|TAMS 0x00000000e8c00000| PB 0x00000000e8c00000| Complete 
| 141|0x00000000e8d00000, 0x00000000e8e00000, 0x00000000e8e00000|100%| E|CS|TAMS 0x00000000e8d00000| PB 0x00000000e8d00000| Complete 
| 142|0x00000000e8e00000, 0x00000000e8f00000, 0x00000000e8f00000|100%| E|CS|TAMS 0x00000000e8e00000| PB 0x00000000e8e00000| Complete 
| 143|0x00000000e8f00000, 0x00000000e9000000, 0x00000000e9000000|100%| E|CS|TAMS 0x00000000e8f00000| PB 0x00000000e8f00000| Complete 
| 144|0x00000000e9000000, 0x00000000e9100000, 0x00000000e9100000|100%| E|CS|TAMS 0x00000000e9000000| PB 0x00000000e9000000| Complete 
| 145|0x00000000e9100000, 0x00000000e9200000, 0x00000000e9200000|100%| E|CS|TAMS 0x00000000e9100000| PB 0x00000000e9100000| Complete 
| 146|0x00000000e9200000, 0x00000000e9300000, 0x00000000e9300000|100%| E|CS|TAMS 0x00000000e9200000| PB 0x00000000e9200000| Complete 
| 147|0x00000000e9300000, 0x00000000e9400000, 0x00000000e9400000|100%| E|CS|TAMS 0x00000000e9300000| PB 0x00000000e9300000| Complete 
| 148|0x00000000e9400000, 0x00000000e9500000, 0x00000000e9500000|100%| E|CS|TAMS 0x00000000e9400000| PB 0x00000000e9400000| Complete 
| 149|0x00000000e9500000, 0x00000000e9600000, 0x00000000e9600000|100%| E|CS|TAMS 0x00000000e9500000| PB 0x00000000e9500000| Complete 
| 150|0x00000000e9600000, 0x00000000e9700000, 0x00000000e9700000|100%| E|CS|TAMS 0x00000000e9600000| PB 0x00000000e9600000| Complete 
| 151|0x00000000e9700000, 0x00000000e9800000, 0x00000000e9800000|100%| E|CS|TAMS 0x00000000e9700000| PB 0x00000000e9700000| Complete 
| 152|0x00000000e9800000, 0x00000000e9900000, 0x00000000e9900000|100%| E|CS|TAMS 0x00000000e9800000| PB 0x00000000e9800000| Complete 
| 153|0x00000000e9900000, 0x00000000e9a00000, 0x00000000e9a00000|100%| E|CS|TAMS 0x00000000e9900000| PB 0x00000000e9900000| Complete 
| 154|0x00000000e9a00000, 0x00000000e9b00000, 0x00000000e9b00000|100%| E|CS|TAMS 0x00000000e9a00000| PB 0x00000000e9a00000| Complete 
| 155|0x00000000e9b00000, 0x00000000e9c00000, 0x00000000e9c00000|100%| E|CS|TAMS 0x00000000e9b00000| PB 0x00000000e9b00000| Complete 
| 156|0x00000000e9c00000, 0x00000000e9d00000, 0x00000000e9d00000|100%| E|CS|TAMS 0x00000000e9c00000| PB 0x00000000e9c00000| Complete 
| 157|0x00000000e9d00000, 0x00000000e9e00000, 0x00000000e9e00000|100%| E|CS|TAMS 0x00000000e9d00000| PB 0x00000000e9d00000| Complete 
| 158|0x00000000e9e00000, 0x00000000e9f00000, 0x00000000e9f00000|100%| E|CS|TAMS 0x00000000e9e00000| PB 0x00000000e9e00000| Complete 
| 159|0x00000000e9f00000, 0x00000000ea000000, 0x00000000ea000000|100%| E|CS|TAMS 0x00000000e9f00000| PB 0x00000000e9f00000| Complete 
| 160|0x00000000ea000000, 0x00000000ea100000, 0x00000000ea100000|100%| E|CS|TAMS 0x00000000ea000000| PB 0x00000000ea000000| Complete 
| 161|0x00000000ea100000, 0x00000000ea200000, 0x00000000ea200000|100%| E|CS|TAMS 0x00000000ea100000| PB 0x00000000ea100000| Complete 
| 162|0x00000000ea200000, 0x00000000ea300000, 0x00000000ea300000|100%| E|CS|TAMS 0x00000000ea200000| PB 0x00000000ea200000| Complete 
| 163|0x00000000ea300000, 0x00000000ea400000, 0x00000000ea400000|100%| E|CS|TAMS 0x00000000ea300000| PB 0x00000000ea300000| Complete 
| 164|0x00000000ea400000, 0x00000000ea500000, 0x00000000ea500000|100%| E|CS|TAMS 0x00000000ea400000| PB 0x00000000ea400000| Complete 
| 165|0x00000000ea500000, 0x00000000ea600000, 0x00000000ea600000|100%| E|CS|TAMS 0x00000000ea500000| PB 0x00000000ea500000| Complete 
| 166|0x00000000ea600000, 0x00000000ea700000, 0x00000000ea700000|100%| E|CS|TAMS 0x00000000ea600000| PB 0x00000000ea600000| Complete 
| 167|0x00000000ea700000, 0x00000000ea800000, 0x00000000ea800000|100%| E|CS|TAMS 0x00000000ea700000| PB 0x00000000ea700000| Complete 
| 168|0x00000000ea800000, 0x00000000ea900000, 0x00000000ea900000|100%| E|CS|TAMS 0x00000000ea800000| PB 0x00000000ea800000| Complete 
| 169|0x00000000ea900000, 0x00000000eaa00000, 0x00000000eaa00000|100%| E|CS|TAMS 0x00000000ea900000| PB 0x00000000ea900000| Complete 
| 170|0x00000000eaa00000, 0x00000000eab00000, 0x00000000eab00000|100%| E|CS|TAMS 0x00000000eaa00000| PB 0x00000000eaa00000| Complete 
| 171|0x00000000eab00000, 0x00000000eac00000, 0x00000000eac00000|100%| E|CS|TAMS 0x00000000eab00000| PB 0x00000000eab00000| Complete 
| 172|0x00000000eac00000, 0x00000000ead00000, 0x00000000ead00000|100%| E|CS|TAMS 0x00000000eac00000| PB 0x00000000eac00000| Complete 
| 173|0x00000000ead00000, 0x00000000eae00000, 0x00000000eae00000|100%| E|CS|TAMS 0x00000000ead00000| PB 0x00000000ead00000| Complete 
| 174|0x00000000eae00000, 0x00000000eaf00000, 0x00000000eaf00000|100%| E|CS|TAMS 0x00000000eae00000| PB 0x00000000eae00000| Complete 
| 175|0x00000000eaf00000, 0x00000000eb000000, 0x00000000eb000000|100%| E|CS|TAMS 0x00000000eaf00000| PB 0x00000000eaf00000| Complete 
| 176|0x00000000eb000000, 0x00000000eb100000, 0x00000000eb100000|100%| E|CS|TAMS 0x00000000eb000000| PB 0x00000000eb000000| Complete 
| 177|0x00000000eb100000, 0x00000000eb200000, 0x00000000eb200000|100%| E|CS|TAMS 0x00000000eb100000| PB 0x00000000eb100000| Complete 
| 178|0x00000000eb200000, 0x00000000eb300000, 0x00000000eb300000|100%| E|CS|TAMS 0x00000000eb200000| PB 0x00000000eb200000| Complete 
| 179|0x00000000eb300000, 0x00000000eb400000, 0x00000000eb400000|100%| E|CS|TAMS 0x00000000eb300000| PB 0x00000000eb300000| Complete 
| 180|0x00000000eb400000, 0x00000000eb500000, 0x00000000eb500000|100%| E|CS|TAMS 0x00000000eb400000| PB 0x00000000eb400000| Complete 
| 181|0x00000000eb500000, 0x00000000eb600000, 0x00000000eb600000|100%| E|CS|TAMS 0x00000000eb500000| PB 0x00000000eb500000| Complete 
| 182|0x00000000eb600000, 0x00000000eb700000, 0x00000000eb700000|100%| E|CS|TAMS 0x00000000eb600000| PB 0x00000000eb600000| Complete 
| 183|0x00000000eb700000, 0x00000000eb800000, 0x00000000eb800000|100%| E|CS|TAMS 0x00000000eb700000| PB 0x00000000eb700000| Complete 
| 184|0x00000000eb800000, 0x00000000eb900000, 0x00000000eb900000|100%| E|CS|TAMS 0x00000000eb800000| PB 0x00000000eb800000| Complete 
| 185|0x00000000eb900000, 0x00000000eba00000, 0x00000000eba00000|100%| E|CS|TAMS 0x00000000eb900000| PB 0x00000000eb900000| Complete 
| 186|0x00000000eba00000, 0x00000000ebb00000, 0x00000000ebb00000|100%| E|CS|TAMS 0x00000000eba00000| PB 0x00000000eba00000| Complete 
| 187|0x00000000ebb00000, 0x00000000ebc00000, 0x00000000ebc00000|100%| E|CS|TAMS 0x00000000ebb00000| PB 0x00000000ebb00000| Complete 
| 188|0x00000000ebc00000, 0x00000000ebd00000, 0x00000000ebd00000|100%| E|CS|TAMS 0x00000000ebc00000| PB 0x00000000ebc00000| Complete 
| 189|0x00000000ebd00000, 0x00000000ebe00000, 0x00000000ebe00000|100%| E|CS|TAMS 0x00000000ebd00000| PB 0x00000000ebd00000| Complete 
| 190|0x00000000ebe00000, 0x00000000ebf00000, 0x00000000ebf00000|100%| E|CS|TAMS 0x00000000ebe00000| PB 0x00000000ebe00000| Complete 
| 191|0x00000000ebf00000, 0x00000000ec000000, 0x00000000ec000000|100%| E|CS|TAMS 0x00000000ebf00000| PB 0x00000000ebf00000| Complete 
| 192|0x00000000ec000000, 0x00000000ec100000, 0x00000000ec100000|100%| E|CS|TAMS 0x00000000ec000000| PB 0x00000000ec000000| Complete 
| 193|0x00000000ec100000, 0x00000000ec200000, 0x00000000ec200000|100%| E|CS|TAMS 0x00000000ec100000| PB 0x00000000ec100000| Complete 
| 194|0x00000000ec200000, 0x00000000ec300000, 0x00000000ec300000|100%| E|CS|TAMS 0x00000000ec200000| PB 0x00000000ec200000| Complete 
| 195|0x00000000ec300000, 0x00000000ec400000, 0x00000000ec400000|100%| E|CS|TAMS 0x00000000ec300000| PB 0x00000000ec300000| Complete 
| 196|0x00000000ec400000, 0x00000000ec500000, 0x00000000ec500000|100%| E|CS|TAMS 0x00000000ec400000| PB 0x00000000ec400000| Complete 
| 197|0x00000000ec500000, 0x00000000ec600000, 0x00000000ec600000|100%| E|CS|TAMS 0x00000000ec500000| PB 0x00000000ec500000| Complete 
| 198|0x00000000ec600000, 0x00000000ec700000, 0x00000000ec700000|100%| E|CS|TAMS 0x00000000ec600000| PB 0x00000000ec600000| Complete 
| 199|0x00000000ec700000, 0x00000000ec800000, 0x00000000ec800000|100%| E|CS|TAMS 0x00000000ec700000| PB 0x00000000ec700000| Complete 
| 200|0x00000000ec800000, 0x00000000ec900000, 0x00000000ec900000|100%| E|CS|TAMS 0x00000000ec800000| PB 0x00000000ec800000| Complete 
| 201|0x00000000ec900000, 0x00000000eca00000, 0x00000000eca00000|100%| E|CS|TAMS 0x00000000ec900000| PB 0x00000000ec900000| Complete 
| 202|0x00000000eca00000, 0x00000000ecb00000, 0x00000000ecb00000|100%| E|CS|TAMS 0x00000000eca00000| PB 0x00000000eca00000| Complete 
| 203|0x00000000ecb00000, 0x00000000ecc00000, 0x00000000ecc00000|100%| E|CS|TAMS 0x00000000ecb00000| PB 0x00000000ecb00000| Complete 
| 204|0x00000000ecc00000, 0x00000000ecd00000, 0x00000000ecd00000|100%| E|CS|TAMS 0x00000000ecc00000| PB 0x00000000ecc00000| Complete 
| 205|0x00000000ecd00000, 0x00000000ece00000, 0x00000000ece00000|100%| E|CS|TAMS 0x00000000ecd00000| PB 0x00000000ecd00000| Complete 
| 206|0x00000000ece00000, 0x00000000ecf00000, 0x00000000ecf00000|100%| E|CS|TAMS 0x00000000ece00000| PB 0x00000000ece00000| Complete 
| 207|0x00000000ecf00000, 0x00000000ed000000, 0x00000000ed000000|100%| E|CS|TAMS 0x00000000ecf00000| PB 0x00000000ecf00000| Complete 
| 208|0x00000000ed000000, 0x00000000ed100000, 0x00000000ed100000|100%| E|CS|TAMS 0x00000000ed000000| PB 0x00000000ed000000| Complete 
| 209|0x00000000ed100000, 0x00000000ed200000, 0x00000000ed200000|100%| E|CS|TAMS 0x00000000ed100000| PB 0x00000000ed100000| Complete 
| 210|0x00000000ed200000, 0x00000000ed300000, 0x00000000ed300000|100%| E|CS|TAMS 0x00000000ed200000| PB 0x00000000ed200000| Complete 
| 211|0x00000000ed300000, 0x00000000ed400000, 0x00000000ed400000|100%| E|CS|TAMS 0x00000000ed300000| PB 0x00000000ed300000| Complete 
| 212|0x00000000ed400000, 0x00000000ed500000, 0x00000000ed500000|100%| E|CS|TAMS 0x00000000ed400000| PB 0x00000000ed400000| Complete 
| 213|0x00000000ed500000, 0x00000000ed600000, 0x00000000ed600000|100%| E|CS|TAMS 0x00000000ed500000| PB 0x00000000ed500000| Complete 
| 214|0x00000000ed600000, 0x00000000ed700000, 0x00000000ed700000|100%| E|CS|TAMS 0x00000000ed600000| PB 0x00000000ed600000| Complete 
| 215|0x00000000ed700000, 0x00000000ed800000, 0x00000000ed800000|100%| E|CS|TAMS 0x00000000ed700000| PB 0x00000000ed700000| Complete 
| 216|0x00000000ed800000, 0x00000000ed900000, 0x00000000ed900000|100%| E|CS|TAMS 0x00000000ed800000| PB 0x00000000ed800000| Complete 
| 217|0x00000000ed900000, 0x00000000eda00000, 0x00000000eda00000|100%| E|CS|TAMS 0x00000000ed900000| PB 0x00000000ed900000| Complete 
| 218|0x00000000eda00000, 0x00000000edb00000, 0x00000000edb00000|100%| E|CS|TAMS 0x00000000eda00000| PB 0x00000000eda00000| Complete 
| 219|0x00000000edb00000, 0x00000000edc00000, 0x00000000edc00000|100%| E|CS|TAMS 0x00000000edb00000| PB 0x00000000edb00000| Complete 
| 220|0x00000000edc00000, 0x00000000edd00000, 0x00000000edd00000|100%| E|CS|TAMS 0x00000000edc00000| PB 0x00000000edc00000| Complete 
| 221|0x00000000edd00000, 0x00000000ede00000, 0x00000000ede00000|100%| E|CS|TAMS 0x00000000edd00000| PB 0x00000000edd00000| Complete 
| 222|0x00000000ede00000, 0x00000000edf00000, 0x00000000edf00000|100%| E|CS|TAMS 0x00000000ede00000| PB 0x00000000ede00000| Complete 
| 223|0x00000000edf00000, 0x00000000ee000000, 0x00000000ee000000|100%| E|CS|TAMS 0x00000000edf00000| PB 0x00000000edf00000| Complete 
| 224|0x00000000ee000000, 0x00000000ee100000, 0x00000000ee100000|100%| E|CS|TAMS 0x00000000ee000000| PB 0x00000000ee000000| Complete 
| 225|0x00000000ee100000, 0x00000000ee200000, 0x00000000ee200000|100%| E|CS|TAMS 0x00000000ee100000| PB 0x00000000ee100000| Complete 
| 226|0x00000000ee200000, 0x00000000ee300000, 0x00000000ee300000|100%| E|CS|TAMS 0x00000000ee200000| PB 0x00000000ee200000| Complete 
| 227|0x00000000ee300000, 0x00000000ee400000, 0x00000000ee400000|100%| E|CS|TAMS 0x00000000ee300000| PB 0x00000000ee300000| Complete 
| 228|0x00000000ee400000, 0x00000000ee500000, 0x00000000ee500000|100%| E|CS|TAMS 0x00000000ee400000| PB 0x00000000ee400000| Complete 
| 229|0x00000000ee500000, 0x00000000ee600000, 0x00000000ee600000|100%| E|CS|TAMS 0x00000000ee500000| PB 0x00000000ee500000| Complete 
| 230|0x00000000ee600000, 0x00000000ee700000, 0x00000000ee700000|100%| E|CS|TAMS 0x00000000ee600000| PB 0x00000000ee600000| Complete 
| 231|0x00000000ee700000, 0x00000000ee800000, 0x00000000ee800000|100%| E|CS|TAMS 0x00000000ee700000| PB 0x00000000ee700000| Complete 
| 232|0x00000000ee800000, 0x00000000ee900000, 0x00000000ee900000|100%| E|CS|TAMS 0x00000000ee800000| PB 0x00000000ee800000| Complete 
| 233|0x00000000ee900000, 0x00000000eea00000, 0x00000000eea00000|100%| E|CS|TAMS 0x00000000ee900000| PB 0x00000000ee900000| Complete 
| 234|0x00000000eea00000, 0x00000000eeb00000, 0x00000000eeb00000|100%| E|CS|TAMS 0x00000000eea00000| PB 0x00000000eea00000| Complete 
| 235|0x00000000eeb00000, 0x00000000eec00000, 0x00000000eec00000|100%| E|CS|TAMS 0x00000000eeb00000| PB 0x00000000eeb00000| Complete 
| 236|0x00000000eec00000, 0x00000000eed00000, 0x00000000eed00000|100%| E|CS|TAMS 0x00000000eec00000| PB 0x00000000eec00000| Complete 
| 237|0x00000000eed00000, 0x00000000eee00000, 0x00000000eee00000|100%| E|CS|TAMS 0x00000000eed00000| PB 0x00000000eed00000| Complete 
| 238|0x00000000eee00000, 0x00000000eef00000, 0x00000000eef00000|100%| E|CS|TAMS 0x00000000eee00000| PB 0x00000000eee00000| Complete 
| 239|0x00000000eef00000, 0x00000000ef000000, 0x00000000ef000000|100%| E|CS|TAMS 0x00000000eef00000| PB 0x00000000eef00000| Complete 
| 240|0x00000000ef000000, 0x00000000ef100000, 0x00000000ef100000|100%| E|CS|TAMS 0x00000000ef000000| PB 0x00000000ef000000| Complete 
| 241|0x00000000ef100000, 0x00000000ef200000, 0x00000000ef200000|100%| E|CS|TAMS 0x00000000ef100000| PB 0x00000000ef100000| Complete 
| 242|0x00000000ef200000, 0x00000000ef300000, 0x00000000ef300000|100%| E|CS|TAMS 0x00000000ef200000| PB 0x00000000ef200000| Complete 
| 243|0x00000000ef300000, 0x00000000ef400000, 0x00000000ef400000|100%| E|CS|TAMS 0x00000000ef300000| PB 0x00000000ef300000| Complete 
| 244|0x00000000ef400000, 0x00000000ef500000, 0x00000000ef500000|100%| E|CS|TAMS 0x00000000ef400000| PB 0x00000000ef400000| Complete 
| 245|0x00000000ef500000, 0x00000000ef600000, 0x00000000ef600000|100%| E|CS|TAMS 0x00000000ef500000| PB 0x00000000ef500000| Complete 
| 246|0x00000000ef600000, 0x00000000ef700000, 0x00000000ef700000|100%| E|CS|TAMS 0x00000000ef600000| PB 0x00000000ef600000| Complete 
| 247|0x00000000ef700000, 0x00000000ef800000, 0x00000000ef800000|100%| E|CS|TAMS 0x00000000ef700000| PB 0x00000000ef700000| Complete 
| 248|0x00000000ef800000, 0x00000000ef900000, 0x00000000ef900000|100%| E|CS|TAMS 0x00000000ef800000| PB 0x00000000ef800000| Complete 
| 249|0x00000000ef900000, 0x00000000efa00000, 0x00000000efa00000|100%| E|CS|TAMS 0x00000000ef900000| PB 0x00000000ef900000| Complete 
| 250|0x00000000efa00000, 0x00000000efb00000, 0x00000000efb00000|100%| E|CS|TAMS 0x00000000efa00000| PB 0x00000000efa00000| Complete 
| 251|0x00000000efb00000, 0x00000000efc00000, 0x00000000efc00000|100%| E|CS|TAMS 0x00000000efb00000| PB 0x00000000efb00000| Complete 
| 252|0x00000000efc00000, 0x00000000efd00000, 0x00000000efd00000|100%| E|CS|TAMS 0x00000000efc00000| PB 0x00000000efc00000| Complete 
| 253|0x00000000efd00000, 0x00000000efe00000, 0x00000000efe00000|100%| E|CS|TAMS 0x00000000efd00000| PB 0x00000000efd00000| Complete 
| 254|0x00000000efe00000, 0x00000000eff00000, 0x00000000eff00000|100%| E|CS|TAMS 0x00000000efe00000| PB 0x00000000efe00000| Complete 
| 255|0x00000000eff00000, 0x00000000f0000000, 0x00000000f0000000|100%| E|CS|TAMS 0x00000000eff00000| PB 0x00000000eff00000| Complete 

Card table byte_map: [0x00000224f1700000,0x00000224f1800000] _byte_map_base: 0x00000224f1000000

Marking Bits: (CMBitMap*) 0x00000224e8e85b60
 Bits: [0x00000224f1800000, 0x00000224f2000000)

Polling page: 0x00000224e8620000

Metaspace:

Usage:
  Non-class:     49.17 MB used.
      Class:      8.35 MB used.
       Both:     57.52 MB used.

Virtual space:
  Non-class space:       64.00 MB reserved,      50.19 MB ( 78%) committed,  1 nodes.
      Class space:      320.00 MB reserved,       9.31 MB (  3%) committed,  1 nodes.
             Both:      384.00 MB reserved,      59.50 MB ( 15%) committed. 

Chunk freelists:
   Non-Class:  13.86 MB
       Class:  6.50 MB
        Both:  20.36 MB

MaxMetaspaceSize: 384.00 MB
CompressedClassSpaceSize: 320.00 MB
Initial GC threshold: 21.00 MB
Current GC threshold: 60.00 MB
CDS: on
 - commit_granule_bytes: 65536.
 - commit_granule_words: 8192.
 - virtual_space_node_default_size: 8388608.
 - enlarge_chunks_in_place: 1.
 - use_allocation_guard: 0.


Internal statistics:

num_allocs_failed_limit: 12.
num_arena_births: 3516.
num_arena_deaths: 0.
num_vsnodes_births: 2.
num_vsnodes_deaths: 0.
num_space_committed: 952.
num_space_uncommitted: 0.
num_chunks_returned_to_freelist: 12.
num_chunks_taken_from_freelist: 6401.
num_chunk_merges: 6.
num_chunk_splits: 4091.
num_chunks_enlarged: 2466.
num_inconsistent_stats: 0.

CodeHeap 'non-profiled nmethods': size=120000Kb used=4450Kb max_used=4450Kb free=115549Kb
 bounds [0x0000022487ad0000, 0x0000022487f30000, 0x000002248f000000]
CodeHeap 'profiled nmethods': size=120000Kb used=13703Kb max_used=13703Kb free=106297Kb
 bounds [0x0000022480000000, 0x0000022480d70000, 0x0000022487530000]
CodeHeap 'non-nmethods': size=5760Kb used=2748Kb max_used=2823Kb free=3011Kb
 bounds [0x0000022487530000, 0x0000022487800000, 0x0000022487ad0000]
 total_blobs=7836 nmethods=6960 adapters=780
 compilation: enabled
              stopped_count=0, restarted_count=0
 full_count=0

Compilation events (20 events):
Event: 50.245 Thread 0x00000224fe11bf00 nmethod 7444 0x0000022487f1c890 code [0x0000022487f1ca40, 0x0000022487f1d118]
Event: 50.245 Thread 0x00000224fe11bf00 7436       4       groovy.lang.MetaClassImpl$1::methodNameAction (169 bytes)
Event: 50.257 Thread 0x00000224fe11bf00 nmethod 7436 0x0000022487f1d310 code [0x0000022487f1d500, 0x0000022487f1dad0]
Event: 50.258 Thread 0x00000224fe11bf00 7435       4       org.codehaus.groovy.runtime.metaclass.MetaMethodIndex::findMatchingMethod (48 bytes)
Event: 50.263 Thread 0x00000224f4a7e730 nmethod 7430 0x0000022487f1de10 code [0x0000022487f1e460, 0x0000022487f23f88]
Event: 50.268 Thread 0x00000224f4a7e730 7433       4       groovy.lang.MetaClassImpl::filterPropertyMethod (305 bytes)
Event: 50.269 Thread 0x00000224fe11bf00 nmethod 7435 0x0000022487f26110 code [0x0000022487f262c0, 0x0000022487f26650]
Event: 50.358 Thread 0x00000224f4a7e730 nmethod 7433 0x0000022487f26990 code [0x0000022487f26c00, 0x0000022487f27588]
Event: 50.400 Thread 0x00000224f4becb00 7450   !   3       org.gradle.internal.resources.DefaultResourceLockCoordinationService::getCurrent (33 bytes)
Event: 50.401 Thread 0x00000224f4becb00 nmethod 7450 0x0000022480d60690 code [0x0000022480d60840, 0x0000022480d60b00]
Event: 50.403 Thread 0x00000224f4a7e730 7451       4       com.google.common.collect.ImmutableList::iterator (5 bytes)
Event: 50.405 Thread 0x00000224f4becb00 7452       3       org.gradle.internal.service.DefaultServiceRegistry::get (10 bytes)
Event: 50.405 Thread 0x00000224f4a7e730 nmethod 7451 0x0000022487f27c90 code [0x0000022487f27e20, 0x0000022487f27ed0]
Event: 50.406 Thread 0x00000224f4becb00 nmethod 7452 0x0000022480d60c10 code [0x0000022480d60de0, 0x0000022480d611b8]
Event: 50.407 Thread 0x00000224f4becb00 7453       1       org.gradle.internal.logging.events.ProgressStartEvent::getProgressOperationId (5 bytes)
Event: 50.408 Thread 0x00000224f4becb00 nmethod 7453 0x0000022487f27f90 code [0x0000022487f28120, 0x0000022487f281e8]
Event: 50.429 Thread 0x00000224f4becb00 7454       3       java.lang.reflect.ProxyGenerator::addProxyMethod (33 bytes)
Event: 50.537 Thread 0x00000224f4becb00 nmethod 7454 0x0000022480d61310 code [0x0000022480d61500, 0x0000022480d61a50]
Event: 50.540 Thread 0x00000224f4a7e730 7456       4       java.lang.invoke.LambdaFormEditor::getInCache (165 bytes)
Event: 50.549 Thread 0x00000224f4a7e730 nmethod 7456 0x0000022487f28290 code [0x0000022487f28440, 0x0000022487f28930]

GC Heap History (17 events):
Event: 1.490 GC heap before
{Heap before GC invocations=0 (full 0):
 garbage-first heap   total 262144K, used 22528K [0x00000000e0000000, 0x0000000100000000)
  region size 1024K, 23 young (23552K), 0 survivors (0K)
 Metaspace       used 1110K, committed 1216K, reserved 393216K
  class space    used 78K, committed 128K, reserved 327680K
}
Event: 1.538 GC heap after
{Heap after GC invocations=1 (full 0):
 garbage-first heap   total 262144K, used 3941K [0x00000000e0000000, 0x0000000100000000)
  region size 1024K, 3 young (3072K), 3 survivors (3072K)
 Metaspace       used 1110K, committed 1216K, reserved 393216K
  class space    used 78K, committed 128K, reserved 327680K
}
Event: 3.088 GC heap before
{Heap before GC invocations=1 (full 0):
 garbage-first heap   total 262144K, used 39781K [0x00000000e0000000, 0x0000000100000000)
  region size 1024K, 35 young (35840K), 3 survivors (3072K)
 Metaspace       used 4421K, committed 4608K, reserved 393216K
  class space    used 541K, committed 640K, reserved 327680K
}
Event: 3.093 GC heap after
{Heap after GC invocations=2 (full 0):
 garbage-first heap   total 262144K, used 12000K [0x00000000e0000000, 0x0000000100000000)
  region size 1024K, 4 young (4096K), 4 survivors (4096K)
 Metaspace       used 4421K, committed 4608K, reserved 393216K
  class space    used 541K, committed 640K, reserved 327680K
}
Event: 5.254 GC heap before
{Heap before GC invocations=2 (full 0):
 garbage-first heap   total 262144K, used 70368K [0x00000000e0000000, 0x0000000100000000)
  region size 1024K, 59 young (60416K), 4 survivors (4096K)
 Metaspace       used 7405K, committed 7680K, reserved 393216K
  class space    used 967K, committed 1088K, reserved 327680K
}
Event: 5.264 GC heap after
{Heap after GC invocations=3 (full 0):
 garbage-first heap   total 262144K, used 19131K [0x00000000e0000000, 0x0000000100000000)
  region size 1024K, 8 young (8192K), 8 survivors (8192K)
 Metaspace       used 7405K, committed 7680K, reserved 393216K
  class space    used 967K, committed 1088K, reserved 327680K
}
Event: 12.702 GC heap before
{Heap before GC invocations=3 (full 0):
 garbage-first heap   total 262144K, used 96955K [0x00000000e0000000, 0x0000000100000000)
  region size 1024K, 85 young (87040K), 8 survivors (8192K)
 Metaspace       used 20907K, committed 21504K, reserved 393216K
  class space    used 2991K, committed 3264K, reserved 327680K
}
Event: 12.717 GC heap after
{Heap after GC invocations=4 (full 0):
 garbage-first heap   total 262144K, used 25275K [0x00000000e0000000, 0x0000000100000000)
  region size 1024K, 14 young (14336K), 14 survivors (14336K)
 Metaspace       used 20907K, committed 21504K, reserved 393216K
  class space    used 2991K, committed 3264K, reserved 327680K
}
Event: 22.636 GC heap before
{Heap before GC invocations=5 (full 0):
 garbage-first heap   total 262144K, used 140987K [0x00000000e0000000, 0x0000000100000000)
  region size 1024K, 118 young (120832K), 14 survivors (14336K)
 Metaspace       used 34607K, committed 35968K, reserved 393216K
  class space    used 5139K, committed 5824K, reserved 327680K
}
Event: 22.659 GC heap after
{Heap after GC invocations=6 (full 0):
 garbage-first heap   total 262144K, used 44792K [0x00000000e0000000, 0x0000000100000000)
  region size 1024K, 19 young (19456K), 19 survivors (19456K)
 Metaspace       used 34607K, committed 35968K, reserved 393216K
  class space    used 5139K, committed 5824K, reserved 327680K
}
Event: 22.670 GC heap before
{Heap before GC invocations=6 (full 0):
 garbage-first heap   total 262144K, used 44792K [0x00000000e0000000, 0x0000000100000000)
  region size 1024K, 20 young (20480K), 19 survivors (19456K)
 Metaspace       used 34918K, committed 36288K, reserved 393216K
  class space    used 5184K, committed 5888K, reserved 327680K
}
Event: 22.692 GC heap after
{Heap after GC invocations=7 (full 0):
 garbage-first heap   total 262144K, used 44284K [0x00000000e0000000, 0x0000000100000000)
  region size 1024K, 9 young (9216K), 9 survivors (9216K)
 Metaspace       used 34918K, committed 36288K, reserved 393216K
  class space    used 5184K, committed 5888K, reserved 327680K
}
Event: 22.726 GC heap before
{Heap before GC invocations=7 (full 0):
 garbage-first heap   total 262144K, used 44284K [0x00000000e0000000, 0x0000000100000000)
  region size 1024K, 10 young (10240K), 9 survivors (9216K)
 Metaspace       used 35333K, committed 36608K, reserved 393216K
  class space    used 5231K, committed 5888K, reserved 327680K
}
Event: 22.735 GC heap after
{Heap after GC invocations=8 (full 0):
 garbage-first heap   total 262144K, used 43881K [0x00000000e0000000, 0x0000000100000000)
  region size 1024K, 9 young (9216K), 9 survivors (9216K)
 Metaspace       used 35333K, committed 36608K, reserved 393216K
  class space    used 5231K, committed 5888K, reserved 327680K
}
Event: 39.856 GC heap before
{Heap before GC invocations=9 (full 0):
 garbage-first heap   total 262144K, used 209769K [0x00000000e0000000, 0x0000000100000000)
  region size 1024K, 153 young (156672K), 9 survivors (9216K)
 Metaspace       used 49749K, committed 51456K, reserved 393216K
  class space    used 7077K, committed 7936K, reserved 327680K
}
Event: 39.876 GC heap after
{Heap after GC invocations=10 (full 0):
 garbage-first heap   total 262144K, used 68334K [0x00000000e0000000, 0x0000000100000000)
  region size 1024K, 20 young (20480K), 20 survivors (20480K)
 Metaspace       used 49749K, committed 51456K, reserved 393216K
  class space    used 7077K, committed 7936K, reserved 327680K
}
Event: 50.563 GC heap before
{Heap before GC invocations=10 (full 0):
 garbage-first heap   total 262144K, used 204526K [0x00000000e0000000, 0x0000000100000000)
  region size 1024K, 153 young (156672K), 20 survivors (20480K)
 Metaspace       used 58899K, committed 60928K, reserved 393216K
  class space    used 8554K, committed 9536K, reserved 327680K
}

Dll operation events (15 events):
Event: 0.015 Loaded shared library C:\Program Files\Java\jdk-21\bin\java.dll
Event: 0.065 Loaded shared library C:\Program Files\Java\jdk-21\bin\jsvml.dll
Event: 0.234 Loaded shared library C:\Program Files\Java\jdk-21\bin\zip.dll
Event: 0.239 Loaded shared library C:\Program Files\Java\jdk-21\bin\instrument.dll
Event: 0.246 Loaded shared library C:\Program Files\Java\jdk-21\bin\net.dll
Event: 0.252 Loaded shared library C:\Program Files\Java\jdk-21\bin\nio.dll
Event: 0.257 Loaded shared library C:\Program Files\Java\jdk-21\bin\zip.dll
Event: 1.019 Loaded shared library C:\Program Files\Java\jdk-21\bin\jimage.dll
Event: 1.785 Loaded shared library C:\Program Files\Java\jdk-21\bin\verify.dll
Event: 2.234 Loaded shared library C:\Users\Yith Sopheaktra\.gradle\native\c067742578af261105cb4f569cf0c3c89f3d7b1fecec35dd04571415982c5e48\windows-amd64\native-platform.dll
Event: 2.243 Loaded shared library C:\Users\Yith Sopheaktra\.gradle\native\100fb08df4bc3b14c8652ba06237920a3bd2aa13389f12d3474272988ae205f9\windows-amd64\native-platform-file-events.dll
Event: 5.033 Loaded shared library C:\Program Files\Java\jdk-21\bin\management.dll
Event: 5.042 Loaded shared library C:\Program Files\Java\jdk-21\bin\management_ext.dll
Event: 5.622 Loaded shared library C:\Program Files\Java\jdk-21\bin\extnet.dll
Event: 6.049 Loaded shared library C:\Program Files\Java\jdk-21\bin\sunmscapi.dll

Deoptimization events (20 events):
Event: 45.417 Thread 0x00000224f4f3f3d0 DEOPT PACKING pc=0x0000022480c942ee sp=0x0000009f89cf27a0
Event: 45.417 Thread 0x00000224f4f3f3d0 DEOPT UNPACKING pc=0x0000022487584e42 sp=0x0000009f89cf1c88 mode 0
Event: 45.418 Thread 0x00000224f4f3f3d0 Uncommon trap: trap_request=0xffffffde fr.pc=0x0000022487e09d78 relative=0x0000000000000a78
Event: 45.418 Thread 0x00000224f4f3f3d0 Uncommon trap: reason=class_check action=maybe_recompile pc=0x0000022487e09d78 method=java.lang.ClassLoader.getDefinedPackage(Ljava/lang/String;)Ljava/lang/Package; @ 16 c2
Event: 45.418 Thread 0x00000224f4f3f3d0 DEOPT PACKING pc=0x0000022487e09d78 sp=0x0000009f89cf2ab0
Event: 45.418 Thread 0x00000224f4f3f3d0 DEOPT UNPACKING pc=0x00000224875846a2 sp=0x0000009f89cf2a68 mode 2
Event: 45.508 Thread 0x00000224f4f3f3d0 DEOPT PACKING pc=0x00000224800ee948 sp=0x0000009f89cf7670
Event: 45.508 Thread 0x00000224f4f3f3d0 DEOPT UNPACKING pc=0x0000022487584e42 sp=0x0000009f89cf6ae0 mode 0
Event: 49.091 Thread 0x00000224f4f3f3d0 Uncommon trap: trap_request=0xffffffcc fr.pc=0x0000022487f11588 relative=0x0000000000000248
Event: 49.091 Thread 0x00000224f4f3f3d0 Uncommon trap: reason=intrinsic_or_type_checked_inlining action=make_not_entrant pc=0x0000022487f11588 method=java.util.ArrayList.toArray([Ljava/lang/Object;)[Ljava/lang/Object; @ 36 c2
Event: 49.091 Thread 0x00000224f4f3f3d0 DEOPT PACKING pc=0x0000022487f11588 sp=0x0000009f89cf69d0
Event: 49.091 Thread 0x00000224f4f3f3d0 DEOPT UNPACKING pc=0x00000224875846a2 sp=0x0000009f89cf6970 mode 2
Event: 49.656 Thread 0x00000224f4f3f3d0 Uncommon trap: trap_request=0xffffffdc fr.pc=0x0000022487f15d14 relative=0x00000000000002d4
Event: 49.656 Thread 0x00000224f4f3f3d0 Uncommon trap: reason=class_check action=make_not_entrant pc=0x0000022487f15d14 method=java.util.ArrayList.toArray([Ljava/lang/Object;)[Ljava/lang/Object; @ 21 c2
Event: 49.656 Thread 0x00000224f4f3f3d0 DEOPT PACKING pc=0x0000022487f15d14 sp=0x0000009f89cf64d0
Event: 49.656 Thread 0x00000224f4f3f3d0 DEOPT UNPACKING pc=0x00000224875846a2 sp=0x0000009f89cf6490 mode 2
Event: 50.399 Thread 0x00000224f4f3f3d0 Uncommon trap: trap_request=0xffffff45 fr.pc=0x0000022487af983c relative=0x000000000000009c
Event: 50.399 Thread 0x00000224f4f3f3d0 Uncommon trap: reason=unstable_if action=reinterpret pc=0x0000022487af983c method=java.util.HashMap$HashMapSpliterator.getFence()I @ 37 c2
Event: 50.399 Thread 0x00000224f4f3f3d0 DEOPT PACKING pc=0x0000022487af983c sp=0x0000009f89cfa9c0
Event: 50.399 Thread 0x00000224f4f3f3d0 DEOPT UNPACKING pc=0x00000224875846a2 sp=0x0000009f89cfa938 mode 2

Classes loaded (20 events):
Event: 44.473 Loading class com/sun/org/apache/xerces/internal/utils/XMLSecurityPropertyManager$State
Event: 44.473 Loading class com/sun/org/apache/xerces/internal/utils/XMLSecurityPropertyManager$State done
Event: 44.473 Loading class com/sun/org/apache/xerces/internal/utils/XMLSecurityPropertyManager$Property
Event: 44.473 Loading class com/sun/org/apache/xerces/internal/utils/XMLSecurityPropertyManager$Property done
Event: 44.552 Loading class java/util/regex/Pattern$SliceI
Event: 44.552 Loading class java/util/regex/Pattern$SliceI done
Event: 45.689 Loading class java/io/PrintWriter$1
Event: 45.689 Loading class jdk/internal/access/JavaIOPrintWriterAccess
Event: 45.706 Loading class jdk/internal/access/JavaIOPrintWriterAccess done
Event: 45.706 Loading class java/io/PrintWriter$1 done
Event: 49.738 Loading class sun/reflect/generics/tree/LongSignature
Event: 49.738 Loading class sun/reflect/generics/tree/LongSignature done
Event: 50.410 Loading class java/lang/management/RuntimeMXBean
Event: 50.410 Loading class java/lang/management/RuntimeMXBean done
Event: 50.411 Loading class java/util/stream/ReduceOps$2
Event: 50.411 Loading class java/util/stream/ReduceOps$2 done
Event: 50.411 Loading class java/util/stream/ReduceOps$2ReducingSink
Event: 50.411 Loading class java/util/stream/ReduceOps$2ReducingSink done
Event: 50.411 Loading class sun/management/RuntimeImpl
Event: 50.411 Loading class sun/management/RuntimeImpl done

Classes unloaded (0 events):
No events

Classes redefined (0 events):
No events

Internal exceptions (20 events):
Event: 49.067 Thread 0x00000224f4f3f3d0 Exception <a 'java/lang/ClassNotFoundException'{0x00000000e85bc470}: org/gradle/api/internal/artifacts/DefaultArtifactRepositoryContainerCustomizer> (0x00000000e85bc470) 
thrown [s\open\src\hotspot\share\classfile\systemDictionary.cpp, line 312]
Event: 49.090 Thread 0x00000224f4f3f3d0 Exception <a 'java/lang/ClassNotFoundException'{0x00000000e84059f8}: org/gradle/api/internal/artifacts/dsl/DefaultRepositoryHandlerCustomizer> (0x00000000e84059f8) 
thrown [s\open\src\hotspot\share\classfile\systemDictionary.cpp, line 312]
Event: 49.319 Thread 0x00000224f4f3f3d0 Exception <a 'java/lang/ClassNotFoundException'{0x00000000e845d6f8}: org/gradle/api/internal/artifacts/dsl/DefaultRepositoryHandler_DecoratedCustomizer> (0x00000000e845d6f8) 
thrown [s\open\src\hotspot\share\classfile\systemDictionary.cpp, line 312]
Event: 49.369 Thread 0x00000224f4f3f3d0 Exception <a 'java/lang/ClassNotFoundException'{0x00000000e8378ea8}: groovy/lang/GString$1BeanInfo> (0x00000000e8378ea8) 
thrown [s\open\src\hotspot\share\classfile\systemDictionary.cpp, line 312]
Event: 49.373 Thread 0x00000224f4f3f3d0 Exception <a 'java/lang/ClassNotFoundException'{0x00000000e838d048}: groovy/lang/GStringBeanInfo> (0x00000000e838d048) 
thrown [s\open\src\hotspot\share\classfile\systemDictionary.cpp, line 312]
Event: 49.490 Thread 0x00000224f4f3f3d0 Exception <a 'java/lang/ClassNotFoundException'{0x00000000e83a0f60}: groovy/lang/GStringCustomizer> (0x00000000e83a0f60) 
thrown [s\open\src\hotspot\share\classfile\systemDictionary.cpp, line 312]
Event: 49.649 Thread 0x00000224f4f3f3d0 Exception <a 'java/lang/ClassNotFoundException'{0x00000000e83c0fa0}: groovy/lang/GString$1Customizer> (0x00000000e83c0fa0) 
thrown [s\open\src\hotspot\share\classfile\systemDictionary.cpp, line 312]
Event: 49.667 Thread 0x00000224f4f3f3d0 Exception <a 'java/lang/ClassNotFoundException'{0x00000000e83fd8b0}: groovy/lang/GroovyObjectBeanInfo> (0x00000000e83fd8b0) 
thrown [s\open\src\hotspot\share\classfile\systemDictionary.cpp, line 312]
Event: 49.669 Thread 0x00000224f4f3f3d0 Exception <a 'java/lang/ClassNotFoundException'{0x00000000e8211f90}: groovy/lang/GroovyObjectCustomizer> (0x00000000e8211f90) 
thrown [s\open\src\hotspot\share\classfile\systemDictionary.cpp, line 312]
Event: 49.672 Thread 0x00000224f4f3f3d0 Exception <a 'java/lang/ClassNotFoundException'{0x00000000e82289a0}: io/spring/gradle/dependencymanagement/dsl/ImportsHandlerBeanInfo> (0x00000000e82289a0) 
thrown [s\open\src\hotspot\share\classfile\systemDictionary.cpp, line 312]
Event: 49.673 Thread 0x00000224f4f3f3d0 Exception <a 'java/lang/ClassNotFoundException'{0x00000000e82340a8}: io/spring/gradle/dependencymanagement/dsl/ImportsHandlerCustomizer> (0x00000000e82340a8) 
thrown [s\open\src\hotspot\share\classfile\systemDictionary.cpp, line 312]
Event: 49.679 Thread 0x00000224f4f3f3d0 Exception <a 'java/lang/ClassNotFoundException'{0x00000000e8139af8}: org/codehaus/groovy/runtime/GStringImplBeanInfo> (0x00000000e8139af8) 
thrown [s\open\src\hotspot\share\classfile\systemDictionary.cpp, line 312]
Event: 49.680 Thread 0x00000224f4f3f3d0 Exception <a 'java/lang/ClassNotFoundException'{0x00000000e814e060}: org/codehaus/groovy/runtime/GStringImplCustomizer> (0x00000000e814e060) 
thrown [s\open\src\hotspot\share\classfile\systemDictionary.cpp, line 312]
Event: 49.728 Thread 0x00000224f4f3f3d0 Exception <a 'java/lang/ClassNotFoundException'{0x00000000e7ef69d8}: org/gradle/api/internal/tasks/DefaultTaskContainer_DecoratedBeanInfo> (0x00000000e7ef69d8) 
thrown [s\open\src\hotspot\share\classfile\systemDictionary.cpp, line 312]
Event: 49.729 Thread 0x00000224f4f3f3d0 Exception <a 'java/lang/ClassNotFoundException'{0x00000000e7d085f0}: org/gradle/api/internal/tasks/DefaultTaskContainerBeanInfo> (0x00000000e7d085f0) 
thrown [s\open\src\hotspot\share\classfile\systemDictionary.cpp, line 312]
Event: 49.730 Thread 0x00000224f4f3f3d0 Exception <a 'java/lang/ClassNotFoundException'{0x00000000e7d1a2d8}: org/gradle/api/internal/tasks/DefaultTaskCollectionBeanInfo> (0x00000000e7d1a2d8) 
thrown [s\open\src\hotspot\share\classfile\systemDictionary.cpp, line 312]
Event: 49.732 Thread 0x00000224f4f3f3d0 Exception <a 'java/lang/ClassNotFoundException'{0x00000000e7d2ba38}: org/gradle/api/internal/tasks/DefaultTaskCollectionCustomizer> (0x00000000e7d2ba38) 
thrown [s\open\src\hotspot\share\classfile\systemDictionary.cpp, line 312]
Event: 49.737 Thread 0x00000224f4f3f3d0 Exception <a 'java/lang/ClassNotFoundException'{0x00000000e7d90d68}: org/gradle/api/internal/tasks/DefaultTaskContainerCustomizer> (0x00000000e7d90d68) 
thrown [s\open\src\hotspot\share\classfile\systemDictionary.cpp, line 312]
Event: 49.748 Thread 0x00000224f4f3f3d0 Exception <a 'java/lang/ClassNotFoundException'{0x00000000e7c1d870}: org/gradle/api/internal/tasks/DefaultTaskContainer_DecoratedCustomizer> (0x00000000e7c1d870) 
thrown [s\open\src\hotspot\share\classfile\systemDictionary.cpp, line 312]
Event: 50.399 Thread 0x00000224f4f3f3d0 Implicit null exception at 0x0000022487af9800 to 0x0000022487af982c

ZGC Phase Switch (0 events):
No events

VM Operations (20 events):
Event: 42.341 Executing VM operation: HandshakeAllThreads (Deoptimize) done
Event: 42.465 Executing VM operation: HandshakeAllThreads (Deoptimize)
Event: 42.465 Executing VM operation: HandshakeAllThreads (Deoptimize) done
Event: 43.462 Executing VM operation: Cleanup
Event: 43.462 Executing VM operation: Cleanup done
Event: 44.235 Executing VM operation: ICBufferFull
Event: 44.235 Executing VM operation: ICBufferFull done
Event: 44.235 Executing VM operation: ICBufferFull
Event: 44.235 Executing VM operation: ICBufferFull done
Event: 44.882 Executing VM operation: ICBufferFull
Event: 44.882 Executing VM operation: ICBufferFull done
Event: 45.574 Executing VM operation: ICBufferFull
Event: 45.575 Executing VM operation: ICBufferFull done
Event: 46.580 Executing VM operation: Cleanup
Event: 46.580 Executing VM operation: Cleanup done
Event: 47.589 Executing VM operation: Cleanup
Event: 47.589 Executing VM operation: Cleanup done
Event: 49.596 Executing VM operation: Cleanup
Event: 49.645 Executing VM operation: Cleanup done
Event: 50.563 Executing VM operation: G1CollectForAllocation (G1 Evacuation Pause)

Events (20 events):
Event: 44.089 Thread 0x00000224fca14420 Thread added: 0x00000224fca14420
Event: 44.090 Thread 0x00000224fae50e40 Thread added: 0x00000224fae50e40
Event: 44.095 Thread 0x00000224fca17f30 Thread added: 0x00000224fca17f30
Event: 44.100 Thread 0x00000224fca12350 Thread added: 0x00000224fca12350
Event: 44.102 Thread 0x00000224fca178a0 Thread added: 0x00000224fca178a0
Event: 44.105 Thread 0x00000224fca15e60 Thread added: 0x00000224fca15e60
Event: 44.107 Thread 0x00000224fca18c50 Thread added: 0x00000224fca18c50
Event: 44.160 Thread 0x00000224fca11cc0 Thread added: 0x00000224fca11cc0
Event: 44.161 Thread 0x00000224fca13070 Thread added: 0x00000224fca13070
Event: 44.162 Thread 0x00000224fca129e0 Thread added: 0x00000224fca129e0
Event: 44.163 Thread 0x00000224fca164f0 Thread added: 0x00000224fca164f0
Event: 44.164 Thread 0x00000224fca13700 Thread added: 0x00000224fca13700
Event: 44.166 Thread 0x00000224fca14ab0 Thread added: 0x00000224fca14ab0
Event: 44.168 Thread 0x00000224fca13d90 Thread added: 0x00000224fca13d90
Event: 44.643 Thread 0x00000224fe4a3130 Thread added: 0x00000224fe4a3130
Event: 45.459 Thread 0x00000224fae50e40 Thread exited: 0x00000224fae50e40
Event: 49.056 Thread 0x00000224fe11bf00 Thread added: 0x00000224fe11bf00
Event: 49.323 Thread 0x00000224fe11bf00 Thread exited: 0x00000224fe11bf00
Event: 49.679 Thread 0x00000224fe11bf00 Thread added: 0x00000224fe11bf00
Event: 50.400 Thread 0x00000224fe11bf00 Thread exited: 0x00000224fe11bf00


Dynamic libraries:
0x00007ff600570000 - 0x00007ff600580000 	C:\Program Files\Java\jdk-21\bin\java.exe
0x00007ff9a1ef0000 - 0x00007ff9a2107000 	C:\Windows\SYSTEM32\ntdll.dll
0x00007ff9a0290000 - 0x00007ff9a0354000 	C:\Windows\System32\KERNEL32.DLL
0x00007ff99f2d0000 - 0x00007ff99f67d000 	C:\Windows\System32\KERNELBASE.dll
0x00007ff99fa60000 - 0x00007ff99fb71000 	C:\Windows\System32\ucrtbase.dll
0x00007ff997190000 - 0x00007ff9971a9000 	C:\Program Files\Java\jdk-21\bin\jli.dll
0x00007ff99fe10000 - 0x00007ff99fec2000 	C:\Windows\System32\ADVAPI32.dll
0x00007ff99fef0000 - 0x00007ff99ff97000 	C:\Windows\System32\msvcrt.dll
0x00007ff9a0030000 - 0x00007ff9a00d9000 	C:\Windows\System32\sechost.dll
0x00007ff99f810000 - 0x00007ff99f838000 	C:\Windows\System32\bcrypt.dll
0x00007ff9a0360000 - 0x00007ff9a0474000 	C:\Windows\System32\RPCRT4.dll
0x00007ff99fc20000 - 0x00007ff99fdce000 	C:\Windows\System32\USER32.dll
0x00007ff99f840000 - 0x00007ff99f866000 	C:\Windows\System32\win32u.dll
0x00007ff9a1c90000 - 0x00007ff9a1cb9000 	C:\Windows\System32\GDI32.dll
0x00007ff997230000 - 0x00007ff99724b000 	C:\Program Files\Java\jdk-21\bin\VCRUNTIME140.dll
0x00007ff99f6f0000 - 0x00007ff99f809000 	C:\Windows\System32\gdi32full.dll
0x00007ff99fb80000 - 0x00007ff99fc1a000 	C:\Windows\System32\msvcp_win.dll
0x00007ff987760000 - 0x00007ff9879f3000 	C:\Windows\WinSxS\amd64_microsoft.windows.common-controls_6595b64144ccf1df_6.0.22621.3672_none_2713b9d173822955\COMCTL32.dll
0x00007ff998540000 - 0x00007ff99854a000 	C:\Windows\SYSTEM32\VERSION.dll
0x00007ff99fdd0000 - 0x00007ff99fe01000 	C:\Windows\System32\IMM32.DLL
0x00007ff998040000 - 0x00007ff99804c000 	C:\Program Files\Java\jdk-21\bin\vcruntime140_1.dll
0x00007ff994500000 - 0x00007ff99458e000 	C:\Program Files\Java\jdk-21\bin\msvcp140.dll
0x00007ff93ff30000 - 0x00007ff940c43000 	C:\Program Files\Java\jdk-21\bin\server\jvm.dll
0x00007ff99ffb0000 - 0x00007ff9a0021000 	C:\Windows\System32\WS2_32.dll
0x00007ff99e1d0000 - 0x00007ff99e21d000 	C:\Windows\SYSTEM32\POWRPROF.dll
0x00007ff991590000 - 0x00007ff9915c4000 	C:\Windows\SYSTEM32\WINMM.dll
0x00007ff99e1b0000 - 0x00007ff99e1c3000 	C:\Windows\SYSTEM32\UMPDC.dll
0x00007ff99e310000 - 0x00007ff99e328000 	C:\Windows\SYSTEM32\kernel.appcore.dll
0x00007ff997180000 - 0x00007ff99718a000 	C:\Program Files\Java\jdk-21\bin\jimage.dll
0x00007ff995aa0000 - 0x00007ff995cd2000 	C:\Windows\SYSTEM32\DBGHELP.DLL
0x00007ff9a16f0000 - 0x00007ff9a1a7e000 	C:\Windows\System32\combase.dll
0x00007ff9a0480000 - 0x00007ff9a0557000 	C:\Windows\System32\OLEAUT32.dll
0x00007ff986460000 - 0x00007ff986492000 	C:\Windows\SYSTEM32\dbgcore.DLL
0x00007ff99f870000 - 0x00007ff99f8eb000 	C:\Windows\System32\bcryptPrimitives.dll
0x00007ff997170000 - 0x00007ff99717f000 	C:\Program Files\Java\jdk-21\bin\instrument.dll
0x00007ff995ee0000 - 0x00007ff995eff000 	C:\Program Files\Java\jdk-21\bin\java.dll
0x00007ff9a0a20000 - 0x00007ff9a1287000 	C:\Windows\System32\SHELL32.dll
0x00007ff99d140000 - 0x00007ff99da3f000 	C:\Windows\SYSTEM32\windows.storage.dll
0x00007ff99d000000 - 0x00007ff99d13f000 	C:\Windows\SYSTEM32\wintypes.dll
0x00007ff9a1590000 - 0x00007ff9a1689000 	C:\Windows\System32\SHCORE.dll
0x00007ff9a1690000 - 0x00007ff9a16ee000 	C:\Windows\System32\shlwapi.dll
0x00007ff99f140000 - 0x00007ff99f167000 	C:\Windows\SYSTEM32\profapi.dll
0x00007ff9553c0000 - 0x00007ff955497000 	C:\Program Files\Java\jdk-21\bin\jsvml.dll
0x00007ff995ec0000 - 0x00007ff995ed8000 	C:\Program Files\Java\jdk-21\bin\zip.dll
0x00007ff9962a0000 - 0x00007ff9962b0000 	C:\Program Files\Java\jdk-21\bin\net.dll
0x00007ff99aa90000 - 0x00007ff99abc6000 	C:\Windows\SYSTEM32\WINHTTP.dll
0x00007ff99e770000 - 0x00007ff99e7d9000 	C:\Windows\system32\mswsock.dll
0x00007ff994eb0000 - 0x00007ff994ec6000 	C:\Program Files\Java\jdk-21\bin\nio.dll
0x00007ff994ea0000 - 0x00007ff994eb0000 	C:\Program Files\Java\jdk-21\bin\verify.dll
0x00007ff996300000 - 0x00007ff996327000 	C:\Users\Yith Sopheaktra\.gradle\native\c067742578af261105cb4f569cf0c3c89f3d7b1fecec35dd04571415982c5e48\windows-amd64\native-platform.dll
0x00007ff9538b0000 - 0x00007ff9539f4000 	C:\Users\Yith Sopheaktra\.gradle\native\100fb08df4bc3b14c8652ba06237920a3bd2aa13389f12d3474272988ae205f9\windows-amd64\native-platform-file-events.dll
0x00007ff994970000 - 0x00007ff99497a000 	C:\Program Files\Java\jdk-21\bin\management.dll
0x00007ff994960000 - 0x00007ff99496b000 	C:\Program Files\Java\jdk-21\bin\management_ext.dll
0x00007ff99ffa0000 - 0x00007ff99ffa8000 	C:\Windows\System32\PSAPI.DLL
0x00007ff99e9f0000 - 0x00007ff99ea0b000 	C:\Windows\SYSTEM32\CRYPTSP.dll
0x00007ff99e270000 - 0x00007ff99e2a5000 	C:\Windows\system32\rsaenh.dll
0x00007ff99e810000 - 0x00007ff99e838000 	C:\Windows\SYSTEM32\USERENV.dll
0x00007ff99e980000 - 0x00007ff99e98c000 	C:\Windows\SYSTEM32\CRYPTBASE.dll
0x00007ff99dca0000 - 0x00007ff99dccd000 	C:\Windows\SYSTEM32\IPHLPAPI.DLL
0x00007ff9a0560000 - 0x00007ff9a0569000 	C:\Windows\System32\NSI.dll
0x00007ff994950000 - 0x00007ff994959000 	C:\Program Files\Java\jdk-21\bin\extnet.dll
0x00007ff9944f0000 - 0x00007ff9944fe000 	C:\Program Files\Java\jdk-21\bin\sunmscapi.dll
0x00007ff99f8f0000 - 0x00007ff99fa56000 	C:\Windows\System32\CRYPT32.dll
0x00007ff99ebb0000 - 0x00007ff99ebde000 	C:\Windows\SYSTEM32\ncrypt.dll
0x00007ff99eb70000 - 0x00007ff99eba7000 	C:\Windows\SYSTEM32\NTASN1.dll
0x00007ff989e70000 - 0x00007ff989e78000 	C:\Windows\system32\wshunix.dll

dbghelp: loaded successfully - version: 4.0.5 - missing functions: none
symbol engine: initialized successfully - sym options: 0x614 - pdb path: .;C:\Program Files\Java\jdk-21\bin;C:\Windows\SYSTEM32;C:\Windows\WinSxS\amd64_microsoft.windows.common-controls_6595b64144ccf1df_6.0.22621.3672_none_2713b9d173822955;C:\Program Files\Java\jdk-21\bin\server;C:\Users\Yith Sopheaktra\.gradle\native\c067742578af261105cb4f569cf0c3c89f3d7b1fecec35dd04571415982c5e48\windows-amd64;C:\Users\Yith Sopheaktra\.gradle\native\100fb08df4bc3b14c8652ba06237920a3bd2aa13389f12d3474272988ae205f9\windows-amd64

VM Arguments:
jvm_args: --add-opens=java.base/java.util=ALL-UNNAMED --add-opens=java.base/java.lang=ALL-UNNAMED --add-opens=java.base/java.lang.invoke=ALL-UNNAMED --add-opens=java.prefs/java.util.prefs=ALL-UNNAMED --add-exports=jdk.compiler/com.sun.tools.javac.api=ALL-UNNAMED --add-exports=jdk.compiler/com.sun.tools.javac.util=ALL-UNNAMED --add-opens=java.base/java.nio.charset=ALL-UNNAMED --add-opens=java.base/java.net=ALL-UNNAMED --add-opens=java.base/java.util.concurrent.atomic=ALL-UNNAMED -XX:MaxMetaspaceSize=384m -XX:+HeapDumpOnOutOfMemoryError -Xms256m -Xmx512m -Dfile.encoding=UTF-8 -Duser.country=US -Duser.language=en -Duser.variant -javaagent:C:\Users\Yith Sopheaktra\.gradle\wrapper\dists\gradle-8.10.1-bin\e90i968nv55tch01zkse4avv3\gradle-8.10.1\lib\agents\gradle-instrumentation-agent-8.10.1.jar 
java_command: org.gradle.launcher.daemon.bootstrap.GradleDaemon 8.10.1
java_class_path (initial): C:\Users\Yith Sopheaktra\.gradle\wrapper\dists\gradle-8.10.1-bin\e90i968nv55tch01zkse4avv3\gradle-8.10.1\lib\gradle-daemon-main-8.10.1.jar
Launcher Type: SUN_STANDARD

[Global flags]
     intx CICompilerCount                          = 4                                         {product} {ergonomic}
   size_t CompressedClassSpaceSize                 = 335544320                                 {product} {ergonomic}
     uint ConcGCThreads                            = 2                                         {product} {ergonomic}
     uint G1ConcRefinementThreads                  = 8                                         {product} {ergonomic}
   size_t G1HeapRegionSize                         = 1048576                                   {product} {ergonomic}
    uintx GCDrainStackTargetSize                   = 64                                        {product} {ergonomic}
     bool HeapDumpOnOutOfMemoryError               = true                                   {manageable} {command line}
   size_t InitialHeapSize                          = 268435456                                 {product} {command line}
   size_t MarkStackSize                            = 4194304                                   {product} {ergonomic}
   size_t MaxHeapSize                              = 536870912                                 {product} {command line}
   size_t MaxMetaspaceSize                         = 402653184                                 {product} {command line}
   size_t MaxNewSize                               = 321912832                                 {product} {ergonomic}
   size_t MinHeapDeltaBytes                        = 1048576                                   {product} {ergonomic}
   size_t MinHeapSize                              = 268435456                                 {product} {command line}
    uintx NonNMethodCodeHeapSize                   = 5839372                                {pd product} {ergonomic}
    uintx NonProfiledCodeHeapSize                  = 122909434                              {pd product} {ergonomic}
    uintx ProfiledCodeHeapSize                     = 122909434                              {pd product} {ergonomic}
    uintx ReservedCodeCacheSize                    = 251658240                              {pd product} {ergonomic}
     bool SegmentedCodeCache                       = true                                      {product} {ergonomic}
   size_t SoftMaxHeapSize                          = 536870912                              {manageable} {ergonomic}
     bool UseCompressedOops                        = true                           {product lp64_product} {ergonomic}
     bool UseG1GC                                  = true                                      {product} {ergonomic}
     bool UseLargePagesIndividualAllocation        = false                                  {pd product} {ergonomic}

Logging:
Log output configuration:
 #0: stdout all=warning uptime,level,tags foldmultilines=false
 #1: stderr all=off uptime,level,tags foldmultilines=false

Environment Variables:
PATH=C:\Python312\Scripts\;C:\Python312\;C:\Program Files\Common Files\Oracle\Java\javapath;C:\Windows\system32;C:\Windows;C:\Windows\System32\Wbem;C:\Windows\System32\WindowsPowerShell\v1.0\;C:\Windows\System32\OpenSSH\;C:\Program Files\Java\jdk-21\bin;C:\Program Files\Docker\Docker\resources\bin;C:\Program Files (x86)\NVIDIA Corporation\PhysX\Common;C:\Program Files\Git\bin;C:\Program Files\Git\cmd;C:\Program Files\Microsoft SQL Server\150\Tools\Binn\;C:\Program Files\Microsoft SQL Server\Client SDK\ODBC\170\Tools\Binn\;C:\Program Files\dotnet\;C:\Program Files\nodejs\;C:\ProgramData\chocolatey\bin;C:\Users\Yith Sopheaktra\.console-ninja\.bin;C:\Users\Yith Sopheaktra\AppData\Local\Microsoft\WindowsApps;C:\Users\Yith Sopheaktra\AppData\Local\JetBrains\Toolbox\scripts;C:\Users\Yith Sopheaktra\AppData\Local\Programs\Microsoft VS Code\bin;C:\Users\Yith Sopheaktra\AppData\Local\Programs\oh-my-posh\bin;C:\Users\Yith Sopheaktra\AppData\Local\Microsoft\WinGet\Packages\Schniz.fnm_Microsoft.Winget.Source_8wekyb3d8bbwe;C:\Users\Yith Sopheaktra\.dotnet\tools;C:\Users\Yith Sopheaktra\AppData\Roaming\npm
USERNAME=Yith Sopheaktra
OS=Windows_NT
PROCESSOR_IDENTIFIER=Intel64 Family 6 Model 94 Stepping 3, GenuineIntel
TMP=C:\Users\YITHSO~1\AppData\Local\Temp
TEMP=C:\Users\YITHSO~1\AppData\Local\Temp




Periodic native trim disabled

---------------  S Y S T E M  ---------------

OS:
 Windows 11 , 64 bit Build 22621 (10.0.22621.3958)
OS uptime: 4 days 21:28 hours
Hyper-V role detected

CPU: total 8 (initial active 8) (4 cores per cpu, 2 threads per core) family 6 model 94 stepping 3 microcode 0xd6, cx8, cmov, fxsr, ht, mmx, 3dnowpref, sse, sse2, sse3, ssse3, sse4.1, sse4.2, popcnt, lzcnt, tsc, tscinvbit, avx, avx2, aes, erms, clmul, bmi1, bmi2, rtm, adx, fma, vzeroupper, clflush, clflushopt, hv, rdtscp, f16c
Processor Information for all 8 processors :
  Max Mhz: 2601, Current Mhz: 2601, Mhz Limit: 2601

Memory: 4k page, system-wide physical 16288M (5829M free)
TotalPageFile size 18720M (AvailPageFile size 6928M)
current process WorkingSet (physical memory assigned to process): 430M, peak: 430M
current process commit charge ("private bytes"): 493M, peak: 504M

vm_info: Java HotSpot(TM) 64-Bit Server VM (21.0.4+8-LTS-274) for windows-amd64 JRE (21.0.4+8-LTS-274), built on 2024-06-05T05:23:33Z by "mach5one" with MS VC++ 17.6 (VS2022)

END.
