#
# A fatal error has been detected by the Java Runtime Environment:
#
#  EXCEPTION_ACCESS_VIOLATION (0xc0000005) at pc=0x00007fffc63c3510, pid=8784, tid=14972
#
# JRE version: Java(TM) SE Runtime Environment (21.0.4+8) (build 21.0.4+8-LTS-274)
# Java VM: Java HotSpot(TM) 64-Bit Server VM (21.0.4+8-LTS-274, mixed mode, emulated-client, sharing, tiered, compressed oops, compressed class ptrs, g1 gc, windows-amd64)
# Problematic frame:
# V  [jvm.dll+0x9e3510]
#
# No core dump will be written. Minidumps are not enabled by default on client versions of Windows
#
# If you would like to submit a bug report, please visit:
#   https://bugreport.java.com/bugreport/crash.jsp
#

---------------  S U M M A R Y ------------

Command Line: -XX:TieredStopAtLevel=1 -Dspring.output.ansi.enabled=always -Dcom.sun.management.jmxremote -Dspring.jmx.enabled=true -Dspring.liveBeansView.mbeanDomain -Dspring.application.admin.enabled=true -Dmanagement.endpoints.jmx.exposure.include=* -javaagent:C:\Users\Yith Sopheaktra\AppData\Local\Programs\IntelliJ IDEA Ultimate\lib\idea_rt.jar=59841:C:\Users\Yith Sopheaktra\AppData\Local\Programs\IntelliJ IDEA Ultimate\bin -Dfile.encoding=UTF-8 -Dsun.stdout.encoding=UTF-8 -Dsun.stderr.encoding=UTF-8 co.istad.eurekaservice.EurekaServiceApplication

Host: Intel(R) Core(TM) i7-6700HQ CPU @ 2.60GHz, 8 cores, 15G,  Windows 11 , 64 bit Build 22621 (10.0.22621.3958)
Time: Thu Sep 19 00:18:37 2024 SE Asia Standard Time elapsed time: 7.238911 seconds (0d 0h 0m 7s)

---------------  T H R E A D  ---------------

Current thread (0x0000025f608cde50):  WorkerThread "GC Thread#3"    [id=14972, stack(0x0000008cc1900000,0x0000008cc1a00000) (1024K)]

Stack: [0x0000008cc1900000,0x0000008cc1a00000],  sp=0x0000008cc19ff8f8,  free space=1022k
Native frames: (J=compiled Java code, j=interpreted, Vv=VM code, C=native code)
V  [jvm.dll+0x9e3510]


siginfo: EXCEPTION_ACCESS_VIOLATION (0xc0000005), data execution prevention violation at address 0x00007fffc63c3510


Registers:
RAX=0x000000000000025f, RBX=0x0000000000000019, RCX=0x0000025f7c02f778, RDX=0x0000000709506b50
RSP=0x0000008cc19ff8f8, RBP=0x0000025f7c02f5f0, RSI=0x0000000709506b50, RDI=0x0000000000000019
R8 =0x0000025f000022e0, R9 =0x00007fffc6597e40, R10=0x0000000000000000, R11=0x0000008cc19ff730
R12=0x00000000000c26ac, R13=0x0000025f000022e0, R14=0x0000000709506b50, R15=0x00000000000c26ac
RIP=0x00007fffc63c3510, EFLAGS=0x0000000000010202


Register to memory mapping:

RAX=0x000000000000025f is an unknown value
RBX=0x0000000000000019 is an unknown value
RCX=0x0000025f7c02f778 points into unknown readable memory: 0x00007fffc63b3430 | 30 34 3b c6 ff 7f 00 00
RDX=
[error occurred during error reporting (printing register info), id 0xc0000005, EXCEPTION_ACCESS_VIOLATION (0xc0000005) at pc=0x00007fffc5b1d286]
RSP=0x0000008cc19ff8f8 points into unknown readable memory: 0x00007fffc5d35649 | 49 56 d3 c5 ff 7f 00 00
RBP=0x0000025f7c02f5f0 points into unknown readable memory: 0x00007fffc63b3478 | 78 34 3b c6 ff 7f 00 00
RSI=
[error occurred during error reporting (printing register info, attempt 2), id 0xc0000005, EXCEPTION_ACCESS_VIOLATION (0xc0000005) at pc=0x00007fffc5b1d286]
RDI=0x0000000000000019 is an unknown value
R8 =0x0000025f000022e0 is pointing into metadata
R9 =0x00007fffc6597e40 jvm.dll
R10=0x0 is null
R11=0x0000008cc19ff730 points into unknown readable memory: 0x0000000000000000 | 00 00 00 00 00 00 00 00
R12=0x00000000000c26ac is an unknown value
R13=0x0000025f000022e0 is pointing into metadata
R14=
[error occurred during error reporting (printing register info, attempt 3), id 0xc0000005, EXCEPTION_ACCESS_VIOLATION (0xc0000005) at pc=0x00007fffc5b1d286]
Top of Stack: (sp=0x0000008cc19ff8f8)
0x0000008cc19ff8f8:   00007fffc5d35649 0000000000000019
0x0000008cc19ff908:   0000025f7c02f5f0 0000000709506b50
0x0000008cc19ff918:   00007fffc5d336af 000000070265619c
0x0000008cc19ff928:   0000025f7c02f778 0000025f7c02f5f0
0x0000008cc19ff938:   0000025f000022e0 0000025f7c02f5f0
0x0000008cc19ff948:   0000000000000000 0000000000000003
0x0000008cc19ff958:   00007fffc5d34c7c 0000000000000019
0x0000008cc19ff968:   0000000709506b50 0000000000613560
0x0000008cc19ff978:   0000000000000003 0000000700000003
0x0000008cc19ff988:   00007fff00000000 0000000000000019
0x0000008cc19ff998:   0000025f758be7d0 0000025f000606a0
0x0000008cc19ff9a8:   00000000000003d8 0000025f7c02f778
0x0000008cc19ff9b8:   0000000000000000 0000000000000040
0x0000008cc19ff9c8:   0000025f7a55d830 000000000000002c
0x0000008cc19ff9d8:   0000025f7c02f5f0 0000025f62b175c0
0x0000008cc19ff9e8:   000000000000042f 000000070265619c
0x0000008cc19ff9f8:   00007fffc5d35dc3 0000000702360000
0x0000008cc19ffa08:   0000000702360100 0000000700000000
0x0000008cc19ffa18:   0000000000613560 0000000702362000
0x0000008cc19ffa28:   0000000000000006 0000008cc19ffc20
0x0000008cc19ffa38:   0000000702367808 0000008cc19ffc20
0x0000008cc19ffa48:   00007fffc5d3249e 0000008cc19ffad0
0x0000008cc19ffa58:   0000025f7c02f5f0 0000000702349e00
0x0000008cc19ffa68:   0000000000000080 00000000044de8e7
0x0000008cc19ffa78:   0000000459b6dced 000000000000002c
0x0000008cc19ffa88:   0000008cc19ffc20 0000025f62b9eb20
0x0000008cc19ffa98:   00007fffc5d3f11b 0000000000000006
0x0000008cc19ffaa8:   0000025f62b9eb20 0000008cc19ffc20
0x0000008cc19ffab8:   00007fffc60a1b1f 0000000702362000
0x0000008cc19ffac8:   0000000000000b00 00007fffc63b46a0
0x0000008cc19ffad8:   0000000000000000 0000025f62b0e130
0x0000008cc19ffae8:   0000025f7c02f5f0 0000008cc19ffc70 

Instructions: (pc=0x00007fffc63c3510)
0x00007fffc63c3410:   74 61 2c 20 77 72 69 74 65 20 66 61 69 6c 65 64
0x00007fffc63c3420:   2e 00 00 00 00 00 00 00 55 6e 61 62 6c 65 20 74
0x00007fffc63c3430:   6f 20 77 72 69 74 65 20 6a 66 72 20 65 6d 65 72
0x00007fffc63c3440:   67 65 6e 63 79 20 64 75 6d 70 20 66 69 6c 65 00
0x00007fffc63c3450:   56 4d 20 45 72 72 6f 72 00 00 00 00 43 72 61 73
0x00007fffc63c3460:   68 00 00 00 00 00 00 00 4f 75 74 20 6f 66 20 4d
0x00007fffc63c3470:   65 6d 6f 72 79 00 00 00 18 00 00 00 0d 00 00 00
0x00007fffc63c3480:   0e 00 00 00 00 00 00 00 0f 00 00 00 00 00 00 00
0x00007fffc63c3490:   00 00 00 00 00 00 00 00 10 00 00 00 05 00 00 00
0x00007fffc63c34a0:   43 6f 64 65 00 00 00 00 4a 00 00 00 63 6f 6d 6d
0x00007fffc63c34b0:   69 74 00 00 00 00 00 00 65 76 65 6e 74 43 6f 6e
0x00007fffc63c34c0:   66 69 67 75 72 61 74 69 6f 6e 00 00 00 00 00 00
0x00007fffc63c34d0:   64 75 72 61 74 69 6f 6e 00 00 00 00 62 65 67 69
0x00007fffc63c34e0:   6e 00 00 00 00 00 00 00 69 73 45 6e 61 62 6c 65
0x00007fffc63c34f0:   64 00 00 00 28 29 5a 00 65 6e 64 00 00 00 00 00
0x00007fffc63c3500:   73 68 6f 75 6c 64 43 6f 6d 6d 69 74 00 00 00 00
0x00007fffc63c3510:   73 74 61 72 74 54 69 6d 65 00 00 00 00 00 00 00
0x00007fffc63c3520:   4c 6a 64 6b 2f 6a 66 72 2f 69 6e 74 65 72 6e 61
0x00007fffc63c3530:   6c 2f 65 76 65 6e 74 2f 45 76 65 6e 74 43 6f 6e
0x00007fffc63c3540:   66 69 67 75 72 61 74 69 6f 6e 3b 00 00 00 00 00
0x00007fffc63c3550:   4c 6a 61 76 61 2f 6c 61 6e 67 2f 4f 62 6a 65 63
0x00007fffc63c3560:   74 3b 00 00 00 00 00 00 3c 63 6c 69 6e 69 74 3e
0x00007fffc63c3570:   00 00 00 00 00 00 00 00 6a 64 6b 2f 6a 66 72 2f
0x00007fffc63c3580:   46 6c 69 67 68 74 52 65 63 6f 72 64 65 72 00 00
0x00007fffc63c3590:   72 65 67 69 73 74 65 72 00 00 00 00 00 00 00 00
0x00007fffc63c35a0:   28 4c 6a 61 76 61 2f 6c 61 6e 67 2f 43 6c 61 73
0x00007fffc63c35b0:   73 3b 29 56 00 00 00 00 53 74 61 63 6b 4d 61 70
0x00007fffc63c35c0:   54 61 62 6c 65 00 00 00 45 78 63 65 70 74 69 6f
0x00007fffc63c35d0:   6e 73 00 00 00 00 00 00 4c 69 6e 65 4e 75 6d 62
0x00007fffc63c35e0:   65 72 54 61 62 6c 65 00 52 75 6e 74 69 6d 65 56
0x00007fffc63c35f0:   69 73 69 62 6c 65 41 6e 6e 6f 74 61 74 69 6f 6e
0x00007fffc63c3600:   00 00 00 00 00 00 00 00 18 00 00 00 0d 00 00 00 


Stack slot to memory mapping:

stack at sp + 0 slots: 0x00007fffc5d35649 jvm.dll
stack at sp + 1 slots: 0x0000000000000019 is an unknown value
stack at sp + 2 slots: 0x0000025f7c02f5f0 points into unknown readable memory: 0x00007fffc63b3478 | 78 34 3b c6 ff 7f 00 00
stack at sp + 3 slots: 
[error occurred during error reporting (inspecting top of stack), id 0xc0000005, EXCEPTION_ACCESS_VIOLATION (0xc0000005) at pc=0x00007fffc5b1d286]
stack at sp + 4 slots: 0x00007fffc5d336af jvm.dll
stack at sp + 5 slots: 0x000000070265619c is pointing into object: java.lang.String 
{0x0000000702656188} - klass: 'java/lang/String'
 - ---- fields (total size 3 words):
 - private 'hash' 'I' @12  -1685925349 (0x9b82d21b)
 - private final 'coder' 'B' @16  0 (0x00)
 - private 'hashIsZero' 'Z' @17  false (0x00)
 - injected 'flags' 'B' @18  0 (0x00)
 - private final 'value' '[B' @20  
[error occurred during error reporting (inspecting top of stack, attempt 2), id 0xc0000005, EXCEPTION_ACCESS_VIOLATION (0xc0000005) at pc=0x0000025f7591e220]
stack at sp + 6 slots: 0x0000025f7c02f778 points into unknown readable memory: 0x00007fffc63b3430 | 30 34 3b c6 ff 7f 00 00
stack at sp + 7 slots: 0x0000025f7c02f5f0 points into unknown readable memory: 0x00007fffc63b3478 | 78 34 3b c6 ff 7f 00 00


---------------  P R O C E S S  ---------------

Threads class SMR info:
_java_thread_list=0x0000025f7c006410, length=18, elements={
0x0000025f608fdd10, 0x0000025f75a7a2d0, 0x0000025f75a7b0f0, 0x0000025f75a84620,
0x0000025f75a88b90, 0x0000025f75a895f0, 0x0000025f75a8b190, 0x0000025f75a8dd70,
0x0000025f75c99620, 0x0000025f75ca09d0, 0x0000025f7a30e560, 0x0000025f7a30ebd0,
0x0000025f7a4d6d50, 0x0000025f7ae819f0, 0x0000025f7aec3780, 0x0000025f7b1f8e20,
0x0000025f75c9f560, 0x0000025f75ca1770
}

Java Threads: ( => current thread )
  0x0000025f608fdd10 JavaThread "main"                              [_thread_blocked, id=8856, stack(0x0000008cc0200000,0x0000008cc0300000) (1024K)]
  0x0000025f75a7a2d0 JavaThread "Reference Handler"          daemon [_thread_blocked, id=1416, stack(0x0000008cc0a00000,0x0000008cc0b00000) (1024K)]
  0x0000025f75a7b0f0 JavaThread "Finalizer"                  daemon [_thread_blocked, id=12972, stack(0x0000008cc0b00000,0x0000008cc0c00000) (1024K)]
  0x0000025f75a84620 JavaThread "Signal Dispatcher"          daemon [_thread_blocked, id=15664, stack(0x0000008cc0c00000,0x0000008cc0d00000) (1024K)]
  0x0000025f75a88b90 JavaThread "Attach Listener"            daemon [_thread_blocked, id=13168, stack(0x0000008cc0d00000,0x0000008cc0e00000) (1024K)]
  0x0000025f75a895f0 JavaThread "Service Thread"             daemon [_thread_blocked, id=13668, stack(0x0000008cc0e00000,0x0000008cc0f00000) (1024K)]
  0x0000025f75a8b190 JavaThread "Monitor Deflation Thread"   daemon [_thread_blocked, id=13876, stack(0x0000008cc0f00000,0x0000008cc1000000) (1024K)]
  0x0000025f75a8dd70 JavaThread "C1 CompilerThread0"         daemon [_thread_blocked, id=16500, stack(0x0000008cc1000000,0x0000008cc1100000) (1024K)]
  0x0000025f75c99620 JavaThread "Common-Cleaner"             daemon [_thread_blocked, id=2744, stack(0x0000008cc1100000,0x0000008cc1200000) (1024K)]
  0x0000025f75ca09d0 JavaThread "C1 CompilerThread1"         daemon [_thread_blocked, id=11532, stack(0x0000008cc1200000,0x0000008cc1300000) (1024K)]
  0x0000025f7a30e560 JavaThread "Monitor Ctrl-Break"         daemon [_thread_in_native, id=7508, stack(0x0000008cc1400000,0x0000008cc1500000) (1024K)]
  0x0000025f7a30ebd0 JavaThread "Notification Thread"        daemon [_thread_blocked, id=1436, stack(0x0000008cc1500000,0x0000008cc1600000) (1024K)]
  0x0000025f7a4d6d50 JavaThread "RMI TCP Accept-0"           daemon [_thread_in_native, id=5196, stack(0x0000008cc1600000,0x0000008cc1700000) (1024K)]
  0x0000025f7ae819f0 JavaThread "RMI TCP Connection(1)-192.168.56.1" daemon [_thread_in_native, id=1360, stack(0x0000008cc1c00000,0x0000008cc1d00000) (1024K)]
  0x0000025f7aec3780 JavaThread "RMI Scheduler(0)"           daemon [_thread_blocked, id=4228, stack(0x0000008cc1d00000,0x0000008cc1e00000) (1024K)]
  0x0000025f7b1f8e20 JavaThread "Keep-Alive-Timer"           daemon [_thread_blocked, id=9720, stack(0x0000008cc1300000,0x0000008cc1400000) (1024K)]
  0x0000025f75c9f560 JavaThread "C1 CompilerThread2"         daemon [_thread_blocked, id=15100, stack(0x0000008cc2000000,0x0000008cc2100000) (1024K)]
  0x0000025f75ca1770 JavaThread "C1 CompilerThread3"         daemon [_thread_blocked, id=15272, stack(0x0000008cc2300000,0x0000008cc2400000) (1024K)]
Total: 18

Other Threads:
  0x0000025f608cd370 VMThread "VM Thread"                           [id=11428, stack(0x0000008cc0900000,0x0000008cc0a00000) (1024K)]
  0x0000025f75a488e0 WatcherThread "VM Periodic Task Thread"        [id=12772, stack(0x0000008cc0800000,0x0000008cc0900000) (1024K)]
  0x0000025f608cc890 WorkerThread "GC Thread#0"                     [id=2564, stack(0x0000008cc0300000,0x0000008cc0400000) (1024K)]
  0x0000025f608cd710 WorkerThread "GC Thread#1"                     [id=13520, stack(0x0000008cc1700000,0x0000008cc1800000) (1024K)]
  0x0000025f608ccc30 WorkerThread "GC Thread#2"                     [id=15560, stack(0x0000008cc1800000,0x0000008cc1900000) (1024K)]
=>0x0000025f608cde50 WorkerThread "GC Thread#3"                     [id=14972, stack(0x0000008cc1900000,0x0000008cc1a00000) (1024K)]
  0x0000025f7a57afa0 WorkerThread "GC Thread#4"                     [id=11996, stack(0x0000008cc1a00000,0x0000008cc1b00000) (1024K)]
  0x0000025f7a57b340 WorkerThread "GC Thread#5"                     [id=10364, stack(0x0000008cc1b00000,0x0000008cc1c00000) (1024K)]
  0x0000025f7a57be20 WorkerThread "GC Thread#6"                     [id=10484, stack(0x0000008cc1e00000,0x0000008cc1f00000) (1024K)]
  0x0000025f7a57ba80 WorkerThread "GC Thread#7"                     [id=7164, stack(0x0000008cc1f00000,0x0000008cc2000000) (1024K)]
  0x0000025f62b77d40 ConcurrentGCThread "G1 Main Marker"            [id=16236, stack(0x0000008cc0400000,0x0000008cc0500000) (1024K)]
  0x0000025f608ccfd0 WorkerThread "G1 Conc#0"                       [id=13104, stack(0x0000008cc0500000,0x0000008cc0600000) (1024K)]
  0x0000025f7a5787c0 WorkerThread "G1 Conc#1"                       [id=11204, stack(0x0000008cc2200000,0x0000008cc2300000) (1024K)]
  0x0000025f759065d0 ConcurrentGCThread "G1 Refine#0"               [id=2148, stack(0x0000008cc0600000,0x0000008cc0700000) (1024K)]
  0x0000025f75907140 ConcurrentGCThread "G1 Service"                [id=4892, stack(0x0000008cc0700000,0x0000008cc0800000) (1024K)]
Total: 15

Threads with active compile tasks:
Total: 0

VM state: at safepoint (normal execution)

VM Mutex/Monitor currently owned by a thread:  ([mutex/lock_event])
[0x00007fffc6617e98] Threads_lock - owner thread: 0x0000025f608cd370
[0x00007fffc6617f98] Heap_lock - owner thread: 0x0000025f608fdd10

Heap address: 0x0000000701600000, size: 4074 MB, Compressed Oops mode: Zero based, Oop shift amount: 3

CDS archive(s) mapped at: [0x0000025f00000000-0x0000025f00c90000-0x0000025f00c90000), size 13172736, SharedBaseAddress: 0x0000025f00000000, ArchiveRelocationMode: 1.
Compressed class space mapped at: 0x0000025f01000000-0x0000025f41000000, reserved size: 1073741824
Narrow klass base: 0x0000025f00000000, Narrow klass shift: 0, Narrow klass range: 0x100000000

GC Precious Log:
 CardTable entry size: 512
 Card Set container configuration: InlinePtr #cards 4 size 8 Array Of Cards #cards 16 size 48 Howl #buckets 8 coarsen threshold 3686 Howl Bitmap #cards 512 size 80 coarsen threshold 460 Card regions per heap region 1 cards per card region 4096
 CPUs: 8 total, 8 available
 Memory: 16288M
 Large Page Support: Disabled
 NUMA Support: Disabled
 Compressed Oops: Enabled (Zero based)
 Heap Region Size: 2M
 Heap Min Capacity: 8M
 Heap Initial Capacity: 256M
 Heap Max Capacity: 4074M
 Pre-touch: Disabled
 Parallel Workers: 8
 Concurrent Workers: 2
 Concurrent Refinement Workers: 8
 Periodic GC: Disabled

Heap:
 garbage-first heap   total 81920K, used 64900K [0x0000000701600000, 0x0000000800000000)
  region size 2048K, 24 young (49152K), 3 survivors (6144K)
 Metaspace       used 41207K, committed 41856K, reserved 1114112K
  class space    used 5717K, committed 6016K, reserved 1048576K

Heap Regions: E=young(eden), S=young(survivor), O=old, HS=humongous(starts), HC=humongous(continues), CS=collection set, F=free, TAMS=top-at-mark-start, PB=parsable bottom
|   0|0x0000000701600000, 0x0000000701800000, 0x0000000701800000|100%| O|  |TAMS 0x0000000701600000| PB 0x0000000701600000| Untracked 
|   1|0x0000000701800000, 0x0000000701a00000, 0x0000000701a00000|100%| O|  |TAMS 0x0000000701800000| PB 0x0000000701800000| Untracked 
|   2|0x0000000701a00000, 0x0000000701c00000, 0x0000000701c00000|100%| O|  |TAMS 0x0000000701a00000| PB 0x0000000701a00000| Untracked 
|   3|0x0000000701c00000, 0x0000000701dee880, 0x0000000701e00000| 96%| O|  |TAMS 0x0000000701c00000| PB 0x0000000701c00000| Untracked 
|   4|0x0000000701e00000, 0x0000000702000000, 0x0000000702000000|100%| O|  |TAMS 0x0000000701e00000| PB 0x0000000701e00000| Untracked 
|   5|0x0000000702000000, 0x0000000702200000, 0x0000000702200000|100%| O|  |TAMS 0x0000000702000000| PB 0x0000000702000000| Untracked 
|   6|0x0000000702200000, 0x0000000702400000, 0x0000000702400000|100%| O|  |TAMS 0x0000000702200000| PB 0x0000000702200000| Untracked 
|   7|0x0000000702400000, 0x0000000702600000, 0x0000000702600000|100%| O|  |TAMS 0x0000000702400000| PB 0x0000000702400000| Untracked 
|   8|0x0000000702600000, 0x0000000702800000, 0x0000000702800000|100%| O|  |TAMS 0x0000000702600000| PB 0x0000000702600000| Untracked 
|   9|0x0000000702800000, 0x0000000702a00000, 0x0000000702a00000|100%| O|  |TAMS 0x0000000702800000| PB 0x0000000702800000| Untracked 
|  10|0x0000000702a00000, 0x0000000702a00000, 0x0000000702c00000|  0%| F|  |TAMS 0x0000000702a00000| PB 0x0000000702a00000| Untracked 
|  11|0x0000000702c00000, 0x0000000702c00000, 0x0000000702e00000|  0%| F|  |TAMS 0x0000000702c00000| PB 0x0000000702c00000| Untracked 
|  12|0x0000000702e00000, 0x0000000702e00000, 0x0000000703000000|  0%| F|  |TAMS 0x0000000702e00000| PB 0x0000000702e00000| Untracked 
|  13|0x0000000703000000, 0x0000000703200000, 0x0000000703200000|100%| S|  |TAMS 0x0000000703000000| PB 0x0000000703000000| Complete 
|  14|0x0000000703200000, 0x0000000703400000, 0x0000000703400000|100%| S|  |TAMS 0x0000000703200000| PB 0x0000000703200000| Complete 
|  15|0x0000000703400000, 0x0000000703600000, 0x0000000703600000|100%| S|  |TAMS 0x0000000703400000| PB 0x0000000703400000| Complete 
|  16|0x0000000703600000, 0x0000000703800000, 0x0000000703800000|100%| E|CS|TAMS 0x0000000703600000| PB 0x0000000703600000| Complete 
|  17|0x0000000703800000, 0x0000000703a00000, 0x0000000703a00000|100%| E|CS|TAMS 0x0000000703800000| PB 0x0000000703800000| Complete 
|  18|0x0000000703a00000, 0x0000000703c00000, 0x0000000703c00000|100%| E|CS|TAMS 0x0000000703a00000| PB 0x0000000703a00000| Complete 
|  19|0x0000000703c00000, 0x0000000703e00000, 0x0000000703e00000|100%| E|CS|TAMS 0x0000000703c00000| PB 0x0000000703c00000| Complete 
|  20|0x0000000703e00000, 0x0000000704000000, 0x0000000704000000|100%| E|CS|TAMS 0x0000000703e00000| PB 0x0000000703e00000| Complete 
|  21|0x0000000704000000, 0x0000000704200000, 0x0000000704200000|100%| E|CS|TAMS 0x0000000704000000| PB 0x0000000704000000| Complete 
|  22|0x0000000704200000, 0x0000000704400000, 0x0000000704400000|100%| E|CS|TAMS 0x0000000704200000| PB 0x0000000704200000| Complete 
|  23|0x0000000704400000, 0x0000000704600000, 0x0000000704600000|100%| E|CS|TAMS 0x0000000704400000| PB 0x0000000704400000| Complete 
|  24|0x0000000704600000, 0x0000000704800000, 0x0000000704800000|100%| E|CS|TAMS 0x0000000704600000| PB 0x0000000704600000| Complete 
|  25|0x0000000704800000, 0x0000000704a00000, 0x0000000704a00000|100%| E|CS|TAMS 0x0000000704800000| PB 0x0000000704800000| Complete 
|  26|0x0000000704a00000, 0x0000000704c00000, 0x0000000704c00000|100%| E|CS|TAMS 0x0000000704a00000| PB 0x0000000704a00000| Complete 
|  27|0x0000000704c00000, 0x0000000704e00000, 0x0000000704e00000|100%| E|CS|TAMS 0x0000000704c00000| PB 0x0000000704c00000| Complete 
|  28|0x0000000704e00000, 0x0000000705000000, 0x0000000705000000|100%| E|CS|TAMS 0x0000000704e00000| PB 0x0000000704e00000| Complete 
|  29|0x0000000705000000, 0x0000000705200000, 0x0000000705200000|100%| E|CS|TAMS 0x0000000705000000| PB 0x0000000705000000| Complete 
|  30|0x0000000705200000, 0x0000000705400000, 0x0000000705400000|100%| E|CS|TAMS 0x0000000705200000| PB 0x0000000705200000| Complete 
|  31|0x0000000705400000, 0x0000000705600000, 0x0000000705600000|100%| E|CS|TAMS 0x0000000705400000| PB 0x0000000705400000| Complete 
|  32|0x0000000705600000, 0x0000000705800000, 0x0000000705800000|100%| E|CS|TAMS 0x0000000705600000| PB 0x0000000705600000| Complete 
|  33|0x0000000705800000, 0x0000000705a00000, 0x0000000705a00000|100%| E|CS|TAMS 0x0000000705800000| PB 0x0000000705800000| Complete 
|  34|0x0000000705a00000, 0x0000000705c00000, 0x0000000705c00000|100%| E|CS|TAMS 0x0000000705a00000| PB 0x0000000705a00000| Complete 
|  35|0x0000000705c00000, 0x0000000705e00000, 0x0000000705e00000|100%| E|CS|TAMS 0x0000000705c00000| PB 0x0000000705c00000| Complete 
|  62|0x0000000709200000, 0x00000007093729b0, 0x0000000709400000| 72%| E|CS|TAMS 0x0000000709200000| PB 0x0000000709200000| Complete 
|  63|0x0000000709400000, 0x0000000709600000, 0x0000000709600000|100%| E|CS|TAMS 0x0000000709400000| PB 0x0000000709400000| Complete 
|  64|0x0000000709600000, 0x0000000709800000, 0x0000000709800000|100%| E|CS|TAMS 0x0000000709600000| PB 0x0000000709600000| Complete 
| 127|0x0000000711400000, 0x0000000711600000, 0x0000000711600000|100%| E|CS|TAMS 0x0000000711400000| PB 0x0000000711400000| Complete 

Card table byte_map: [0x0000025f6e860000,0x0000025f6f060000] _byte_map_base: 0x0000025f6b055000

Marking Bits: (CMBitMap*) 0x0000025f62b673a0
 Bits: [0x0000025f6f060000, 0x0000025f73008000)

Polling page: 0x0000025f60a00000

Metaspace:

Usage:
  Non-class:     34.66 MB used.
      Class:      5.58 MB used.
       Both:     40.24 MB used.

Virtual space:
  Non-class space:       64.00 MB reserved,      35.00 MB ( 55%) committed,  1 nodes.
      Class space:        1.00 GB reserved,       5.88 MB ( <1%) committed,  1 nodes.
             Both:        1.06 GB reserved,      40.88 MB (  4%) committed. 

Chunk freelists:
   Non-Class:  12.56 MB
       Class:  9.98 MB
        Both:  22.54 MB

MaxMetaspaceSize: unlimited
CompressedClassSpaceSize: 1.00 GB
Initial GC threshold: 21.00 MB
Current GC threshold: 59.06 MB
CDS: on
 - commit_granule_bytes: 65536.
 - commit_granule_words: 8192.
 - virtual_space_node_default_size: 8388608.
 - enlarge_chunks_in_place: 1.
 - use_allocation_guard: 0.


Internal statistics:

num_allocs_failed_limit: 6.
num_arena_births: 868.
num_arena_deaths: 0.
num_vsnodes_births: 2.
num_vsnodes_deaths: 0.
num_space_committed: 654.
num_space_uncommitted: 0.
num_chunks_returned_to_freelist: 6.
num_chunks_taken_from_freelist: 2322.
num_chunk_merges: 6.
num_chunk_splits: 1605.
num_chunks_enlarged: 1166.
num_inconsistent_stats: 0.

CodeCache: size=49152Kb used=11293Kb max_used=11293Kb free=37858Kb
 bounds [0x0000025f6af50000, 0x0000025f6ba60000, 0x0000025f6df50000]
 total_blobs=5763 nmethods=5160 adapters=524
 compilation: enabled
              stopped_count=0, restarted_count=0
 full_count=0

Compilation events (20 events):
Event: 7.190 Thread 0x0000025f75ca1770 nmethod 5193 0x0000025f6ba50090 code [0x0000025f6ba50220, 0x0000025f6ba503a8]
Event: 7.190 Thread 0x0000025f75ca09d0 nmethod 5192 0x0000025f6ba50490 code [0x0000025f6ba50640, 0x0000025f6ba508b0]
Event: 7.190 Thread 0x0000025f75a8dd70 nmethod 5195 0x0000025f6ba50990 code [0x0000025f6ba50b60, 0x0000025f6ba50d38]
Event: 7.190 Thread 0x0000025f75ca1770 5198   !   1       java.lang.invoke.LambdaFormEditor::putInCache (523 bytes)
Event: 7.191 Thread 0x0000025f75ca09d0 5196       1       java.lang.invoke.LambdaFormBuffer::nameArray (15 bytes)
Event: 7.191 Thread 0x0000025f75a8dd70 5197       1       java.lang.invoke.LambdaFormBuffer::resultIndex (41 bytes)
Event: 7.191 Thread 0x0000025f75ca09d0 nmethod 5196 0x0000025f6ba50e90 code [0x0000025f6ba51040, 0x0000025f6ba51190]
Event: 7.191 Thread 0x0000025f75c9f560 nmethod 5194 0x0000025f6ba51290 code [0x0000025f6ba51460, 0x0000025f6ba51a38]
Event: 7.191 Thread 0x0000025f75a8dd70 nmethod 5197 0x0000025f6ba51c10 code [0x0000025f6ba51da0, 0x0000025f6ba51ee8]
Event: 7.192 Thread 0x0000025f75ca09d0 5199       1       java.lang.invoke.LambdaFormEditor$TransformKey::withResult (17 bytes)
Event: 7.192 Thread 0x0000025f75a8dd70 5200       1       java.lang.invoke.LambdaFormEditor$Transform::<init> (17 bytes)
Event: 7.192 Thread 0x0000025f75ca09d0 nmethod 5199 0x0000025f6ba51f90 code [0x0000025f6ba52140, 0x0000025f6ba52348]
Event: 7.192 Thread 0x0000025f75a8dd70 nmethod 5200 0x0000025f6ba52410 code [0x0000025f6ba525a0, 0x0000025f6ba527c0]
Event: 7.193 Thread 0x0000025f75ca09d0 5201       1       java.lang.invoke.LambdaForm$Name::cloneWithIndex (47 bytes)
Event: 7.193 Thread 0x0000025f75ca09d0 nmethod 5201 0x0000025f6ba52810 code [0x0000025f6ba529e0, 0x0000025f6ba52cd0]
Event: 7.194 Thread 0x0000025f75ca1770 nmethod 5198 0x0000025f6ba52e10 code [0x0000025f6ba53160, 0x0000025f6ba54890]
Event: 7.205 Thread 0x0000025f75ca09d0 5202       1       java.lang.String::valueOf (39 bytes)
Event: 7.205 Thread 0x0000025f75ca1770 5203       1       java.lang.StringLatin1::toBytes (9 bytes)
Event: 7.205 Thread 0x0000025f75ca1770 nmethod 5203 0x0000025f6ba55c90 code [0x0000025f6ba55e20, 0x0000025f6ba55f68]
Event: 7.205 Thread 0x0000025f75ca09d0 nmethod 5202 0x0000025f6ba56010 code [0x0000025f6ba561c0, 0x0000025f6ba56580]

GC Heap History (17 events):
Event: 0.966 GC heap before
{Heap before GC invocations=0 (full 0):
 garbage-first heap   total 262144K, used 20480K [0x0000000701600000, 0x0000000800000000)
  region size 2048K, 11 young (22528K), 0 survivors (0K)
 Metaspace       used 5769K, committed 6016K, reserved 1114112K
  class space    used 663K, committed 768K, reserved 1048576K
}
Event: 0.973 GC heap after
{Heap after GC invocations=1 (full 0):
 garbage-first heap   total 262144K, used 7247K [0x0000000701600000, 0x0000000800000000)
  region size 2048K, 2 young (4096K), 2 survivors (4096K)
 Metaspace       used 5769K, committed 6016K, reserved 1114112K
  class space    used 663K, committed 768K, reserved 1048576K
}
Event: 1.623 GC heap before
{Heap before GC invocations=1 (full 0):
 garbage-first heap   total 262144K, used 31823K [0x0000000701600000, 0x0000000800000000)
  region size 2048K, 14 young (28672K), 2 survivors (4096K)
 Metaspace       used 11503K, committed 11840K, reserved 1114112K
  class space    used 1506K, committed 1664K, reserved 1048576K
}
Event: 1.629 GC heap after
{Heap after GC invocations=2 (full 0):
 garbage-first heap   total 262144K, used 10043K [0x0000000701600000, 0x0000000800000000)
  region size 2048K, 2 young (4096K), 2 survivors (4096K)
 Metaspace       used 11503K, committed 11840K, reserved 1114112K
  class space    used 1506K, committed 1664K, reserved 1048576K
}
Event: 3.943 GC heap before
{Heap before GC invocations=2 (full 0):
 garbage-first heap   total 262144K, used 57147K [0x0000000701600000, 0x0000000800000000)
  region size 2048K, 26 young (53248K), 2 survivors (4096K)
 Metaspace       used 21140K, committed 21504K, reserved 1114112K
  class space    used 2758K, committed 2944K, reserved 1048576K
}
Event: 3.950 GC heap after
{Heap after GC invocations=3 (full 0):
 garbage-first heap   total 262144K, used 13166K [0x0000000701600000, 0x0000000800000000)
  region size 2048K, 3 young (6144K), 3 survivors (6144K)
 Metaspace       used 21140K, committed 21504K, reserved 1114112K
  class space    used 2758K, committed 2944K, reserved 1048576K
}
Event: 4.477 GC heap before
{Heap before GC invocations=4 (full 0):
 garbage-first heap   total 61440K, used 43886K [0x0000000701600000, 0x0000000800000000)
  region size 2048K, 18 young (36864K), 3 survivors (6144K)
 Metaspace       used 24426K, committed 24832K, reserved 1114112K
  class space    used 3200K, committed 3392K, reserved 1048576K
}
Event: 4.486 GC heap after
{Heap after GC invocations=5 (full 0):
 garbage-first heap   total 61440K, used 15907K [0x0000000701600000, 0x0000000800000000)
  region size 2048K, 3 young (6144K), 3 survivors (6144K)
 Metaspace       used 24426K, committed 24832K, reserved 1114112K
  class space    used 3200K, committed 3392K, reserved 1048576K
}
Event: 4.905 GC heap before
{Heap before GC invocations=5 (full 0):
 garbage-first heap   total 61440K, used 44579K [0x0000000701600000, 0x0000000800000000)
  region size 2048K, 17 young (34816K), 3 survivors (6144K)
 Metaspace       used 26193K, committed 26624K, reserved 1114112K
  class space    used 3466K, committed 3648K, reserved 1048576K
}
Event: 4.915 GC heap after
{Heap after GC invocations=6 (full 0):
 garbage-first heap   total 61440K, used 16625K [0x0000000701600000, 0x0000000800000000)
  region size 2048K, 2 young (4096K), 2 survivors (4096K)
 Metaspace       used 26193K, committed 26624K, reserved 1114112K
  class space    used 3466K, committed 3648K, reserved 1048576K
}
Event: 5.515 GC heap before
{Heap before GC invocations=6 (full 0):
 garbage-first heap   total 61440K, used 47345K [0x0000000701600000, 0x0000000800000000)
  region size 2048K, 17 young (34816K), 2 survivors (4096K)
 Metaspace       used 29803K, committed 30272K, reserved 1114112K
  class space    used 4022K, committed 4224K, reserved 1048576K
}
Event: 5.524 GC heap after
{Heap after GC invocations=7 (full 0):
 garbage-first heap   total 61440K, used 19246K [0x0000000701600000, 0x0000000800000000)
  region size 2048K, 3 young (6144K), 3 survivors (6144K)
 Metaspace       used 29803K, committed 30272K, reserved 1114112K
  class space    used 4022K, committed 4224K, reserved 1048576K
}
Event: 6.048 GC heap before
{Heap before GC invocations=7 (full 0):
 garbage-first heap   total 61440K, used 47918K [0x0000000701600000, 0x0000000800000000)
  region size 2048K, 18 young (36864K), 3 survivors (6144K)
 Metaspace       used 33282K, committed 33856K, reserved 1114112K
  class space    used 4522K, committed 4800K, reserved 1048576K
}
Event: 6.062 GC heap after
{Heap after GC invocations=8 (full 0):
 garbage-first heap   total 161792K, used 21260K [0x0000000701600000, 0x0000000800000000)
  region size 2048K, 3 young (6144K), 3 survivors (6144K)
 Metaspace       used 33282K, committed 33856K, reserved 1114112K
  class space    used 4522K, committed 4800K, reserved 1048576K
}
Event: 6.448 GC heap before
{Heap before GC invocations=8 (full 0):
 garbage-first heap   total 161792K, used 47884K [0x0000000701600000, 0x0000000800000000)
  region size 2048K, 17 young (34816K), 3 survivors (6144K)
 Metaspace       used 35507K, committed 36096K, reserved 1114112K
  class space    used 4849K, committed 5120K, reserved 1048576K
}
Event: 6.457 GC heap after
{Heap after GC invocations=9 (full 0):
 garbage-first heap   total 161792K, used 21892K [0x0000000701600000, 0x0000000800000000)
  region size 2048K, 3 young (6144K), 3 survivors (6144K)
 Metaspace       used 35507K, committed 36096K, reserved 1114112K
  class space    used 4849K, committed 5120K, reserved 1048576K
}
Event: 7.218 GC heap before
{Heap before GC invocations=10 (full 0):
 garbage-first heap   total 81920K, used 64900K [0x0000000701600000, 0x0000000800000000)
  region size 2048K, 24 young (49152K), 3 survivors (6144K)
 Metaspace       used 41207K, committed 41856K, reserved 1114112K
  class space    used 5717K, committed 6016K, reserved 1048576K
}

Dll operation events (13 events):
Event: 0.011 Loaded shared library C:\Program Files\Java\jdk-21\bin\java.dll
Event: 0.232 Loaded shared library C:\Program Files\Java\jdk-21\bin\zip.dll
Event: 0.236 Loaded shared library C:\Program Files\Java\jdk-21\bin\instrument.dll
Event: 0.242 Loaded shared library C:\Program Files\Java\jdk-21\bin\net.dll
Event: 0.244 Loaded shared library C:\Program Files\Java\jdk-21\bin\nio.dll
Event: 0.252 Loaded shared library C:\Program Files\Java\jdk-21\bin\zip.dll
Event: 0.489 Loaded shared library C:\Users\Yith Sopheaktra\AppData\Local\Programs\IntelliJ IDEA Ultimate\bin\breakgen64.dll
Event: 0.494 Loaded shared library C:\Program Files\Java\jdk-21\bin\jimage.dll
Event: 0.503 Loaded shared library C:\Program Files\Java\jdk-21\bin\extnet.dll
Event: 0.514 Loaded shared library C:\Program Files\Java\jdk-21\bin\management.dll
Event: 0.526 Loaded shared library C:\Program Files\Java\jdk-21\bin\management_ext.dll
Event: 3.953 Loaded shared library C:\Program Files\Java\jdk-21\bin\sunmscapi.dll
Event: 5.921 Loaded shared library C:\Program Files\Java\jdk-21\bin\verify.dll

Deoptimization events (0 events):
No events

Classes loaded (20 events):
Event: 7.210 Loading class java/awt/font/TextAttribute
Event: 7.210 Loading class java/awt/font/TextAttribute done
Event: 7.211 Loading class java/awt/font/JavaAWTFontAccessImpl
Event: 7.211 Loading class jdk/internal/access/JavaAWTFontAccess
Event: 7.211 Loading class jdk/internal/access/JavaAWTFontAccess done
Event: 7.211 Loading class java/awt/font/JavaAWTFontAccessImpl done
Event: 7.212 Loading class java/time/Clock$FixedClock
Event: 7.212 Loading class java/time/Clock$FixedClock done
Event: 7.212 Loading class java/time/Clock$OffsetClock
Event: 7.213 Loading class java/time/Clock$OffsetClock done
Event: 7.213 Loading class java/time/Clock$TickClock
Event: 7.213 Loading class java/time/Clock$TickClock done
Event: 7.213 Loading class java/time/chrono/HijrahEra
Event: 7.213 Loading class java/time/chrono/HijrahEra done
Event: 7.213 Loading class java/time/chrono/MinguoEra
Event: 7.213 Loading class java/time/chrono/MinguoEra done
Event: 7.214 Loading class java/time/chrono/ThaiBuddhistEra
Event: 7.214 Loading class java/time/chrono/ThaiBuddhistEra done
Event: 7.214 Loading class java/lang/invoke/SerializedLambda
Event: 7.214 Loading class java/lang/invoke/SerializedLambda done

Classes unloaded (0 events):
No events

Classes redefined (0 events):
No events

Internal exceptions (20 events):
Event: 5.707 Thread 0x0000025f608fdd10 Exception <a 'java/lang/NoSuchMethodError'{0x000000070dd13530}: 'int java.lang.invoke.DelegatingMethodHandle$Holder.reinvoke_L(java.lang.Object, java.lang.Object, java.lang.Object, java.lang.Object)'> (0x000000070dd13530) 
thrown [s\open\src\hotspot\share\interpreter\linkResolver.cpp, line 773]
Event: 5.767 Thread 0x0000025f608fdd10 Exception <a 'java/io/FileNotFoundException'{0x00000007047da710}> (0x00000007047da710) 
thrown [s\open\src\hotspot\share\prims\jni.cpp, line 520]
Event: 5.768 Thread 0x0000025f608fdd10 Exception <a 'java/io/FileNotFoundException'{0x00000007047dbde8}> (0x00000007047dbde8) 
thrown [s\open\src\hotspot\share\prims\jni.cpp, line 520]
Event: 5.816 Thread 0x0000025f608fdd10 Exception <a 'java/lang/NoSuchMethodError'{0x00000007043cb108}: 'int java.lang.invoke.DirectMethodHandle$Holder.invokeInterface(java.lang.Object, java.lang.Object, java.lang.Object, java.lang.Object)'> (0x00000007043cb108) 
thrown [s\open\src\hotspot\share\interpreter\linkResolver.cpp, line 773]
Event: 5.854 Thread 0x0000025f608fdd10 Exception <a 'java/lang/NoSuchMethodError'{0x00000007041db2f0}: 'java.lang.Object java.lang.invoke.DirectMethodHandle$Holder.invokeStaticInit(java.lang.Object, java.lang.Object, java.lang.Object, java.lang.Object)'> (0x00000007041db2f0) 
thrown [s\open\src\hotspot\share\interpreter\linkResolver.cpp, line 773]
Event: 5.856 Thread 0x0000025f608fdd10 Exception <a 'java/lang/IncompatibleClassChangeError'{0x00000007041f2ee0}: Found class java.lang.Object, but interface was expected> (0x00000007041f2ee0) 
thrown [s\open\src\hotspot\share\interpreter\linkResolver.cpp, line 840]
Event: 5.856 Thread 0x0000025f608fdd10 Exception <a 'java/lang/IncompatibleClassChangeError'{0x0000000703e00df0}: Found class java.lang.Object, but interface was expected> (0x0000000703e00df0) 
thrown [s\open\src\hotspot\share\interpreter\linkResolver.cpp, line 840]
Event: 5.862 Thread 0x0000025f608fdd10 Exception <a 'java/lang/IncompatibleClassChangeError'{0x0000000703e2f2f0}: Found class java.lang.Object, but interface was expected> (0x0000000703e2f2f0) 
thrown [s\open\src\hotspot\share\interpreter\linkResolver.cpp, line 840]
Event: 5.977 Thread 0x0000025f608fdd10 Exception <a 'java/lang/NoSuchMethodError'{0x0000000703aca060}: 'java.lang.Object java.lang.invoke.DirectMethodHandle$Holder.invokeStatic(java.lang.Object, java.lang.Object, int, java.lang.Object)'> (0x0000000703aca060) 
thrown [s\open\src\hotspot\share\interpreter\linkResolver.cpp, line 773]
Event: 5.977 Thread 0x0000025f608fdd10 Exception <a 'java/lang/NoSuchMethodError'{0x0000000703ad0680}: 'java.lang.Object java.lang.invoke.DirectMethodHandle$Holder.newInvokeSpecial(java.lang.Object, java.lang.Object, int)'> (0x0000000703ad0680) 
thrown [s\open\src\hotspot\share\interpreter\linkResolver.cpp, line 773]
Event: 6.019 Thread 0x0000025f608fdd10 Exception <a 'java/lang/NoSuchMethodError'{0x00000007036525f0}: 'void java.lang.invoke.DirectMethodHandle$Holder.invokeInterface(java.lang.Object, java.lang.Object, int, java.lang.Object)'> (0x00000007036525f0) 
thrown [s\open\src\hotspot\share\interpreter\linkResolver.cpp, line 773]
Event: 6.020 Thread 0x0000025f608fdd10 Exception <a 'java/lang/NoSuchMethodError'{0x0000000703656220}: 'void java.lang.invoke.DelegatingMethodHandle$Holder.reinvoke_L(java.lang.Object, java.lang.Object, int, java.lang.Object)'> (0x0000000703656220) 
thrown [s\open\src\hotspot\share\interpreter\linkResolver.cpp, line 773]
Event: 6.022 Thread 0x0000025f608fdd10 Exception <a 'java/lang/NoSuchMethodError'{0x0000000703679cb8}: 'void java.lang.invoke.Invokers$Holder.invokeExact_MT(java.lang.Object, java.lang.Object, int, java.lang.Object)'> (0x0000000703679cb8) 
thrown [s\open\src\hotspot\share\interpreter\linkResolver.cpp, line 773]
Event: 6.144 Thread 0x0000025f608fdd10 Exception <a 'java/lang/NoSuchMethodError'{0x000000070a706980}: 'java.lang.Object java.lang.invoke.DirectMethodHandle$Holder.newInvokeSpecial(java.lang.Object, java.lang.Object, java.lang.Object, int, java.lang.Object, java.lang.Object)'> (0x000000070a706980) 
thrown [s\open\src\hotspot\share\interpreter\linkResolver.cpp, line 773]
Event: 6.314 Thread 0x0000025f608fdd10 Exception <a 'java/lang/NoSuchMethodError'{0x0000000709f70800}: 'long java.lang.invoke.DirectMethodHandle$Holder.invokeVirtual(java.lang.Object, java.lang.Object)'> (0x0000000709f70800) 
thrown [s\open\src\hotspot\share\interpreter\linkResolver.cpp, line 773]
Event: 6.386 Thread 0x0000025f608fdd10 Exception <a 'java/lang/NoSuchMethodError'{0x0000000709ad2d18}: 'java.lang.Object java.lang.invoke.DirectMethodHandle$Holder.invokeSpecial(java.lang.Object, java.lang.Object, java.lang.Object, long, int)'> (0x0000000709ad2d18) 
thrown [s\open\src\hotspot\share\interpreter\linkResolver.cpp, line 773]
Event: 6.386 Thread 0x0000025f608fdd10 Exception <a 'java/lang/NoSuchMethodError'{0x0000000709ad6860}: 'java.lang.Object java.lang.invoke.Invokers$Holder.linkToTargetMethod(java.lang.Object, long, int, java.lang.Object)'> (0x0000000709ad6860) 
thrown [s\open\src\hotspot\share\interpreter\linkResolver.cpp, line 773]
Event: 6.640 Thread 0x0000025f608fdd10 Exception <a 'java/lang/NoSuchMethodError'{0x00000007058f2190}: 'java.lang.reflect.Constructor[] java.lang.Class.getDeclaredConstructors(java.lang.Class)'> (0x00000007058f2190) 
thrown [s\open\src\hotspot\share\interpreter\linkResolver.cpp, line 773]
Event: 6.896 Thread 0x0000025f608fdd10 Exception <a 'java/lang/NoSuchMethodError'{0x0000000704f5d318}: 'java.lang.reflect.Method[] java.lang.Class.getDeclaredMethods(java.lang.Class)'> (0x0000000704f5d318) 
thrown [s\open\src\hotspot\share\interpreter\linkResolver.cpp, line 773]
Event: 7.002 Thread 0x0000025f608fdd10 Exception <a 'java/lang/NoSuchMethodError'{0x00000007048dae48}: 'int java.lang.invoke.DirectMethodHandle$Holder.invokeStatic(java.lang.Object, java.lang.Object, java.lang.Object, java.lang.Object, java.lang.Object)'> (0x00000007048dae48) 
thrown [s\open\src\hotspot\share\interpreter\linkResolver.cpp, line 773]

ZGC Phase Switch (0 events):
No events

VM Operations (20 events):
Event: 6.062 Executing VM operation: G1CollectForAllocation (G1 Evacuation Pause) done
Event: 6.285 Executing VM operation: HandshakeAllThreads (Deoptimize)
Event: 6.285 Executing VM operation: HandshakeAllThreads (Deoptimize) done
Event: 6.285 Executing VM operation: HandshakeAllThreads (Deoptimize)
Event: 6.285 Executing VM operation: HandshakeAllThreads (Deoptimize) done
Event: 6.322 Executing VM operation: HandshakeAllThreads (Deoptimize)
Event: 6.322 Executing VM operation: HandshakeAllThreads (Deoptimize) done
Event: 6.448 Executing VM operation: CollectForMetadataAllocation (Metadata GC Threshold)
Event: 6.457 Executing VM operation: CollectForMetadataAllocation (Metadata GC Threshold) done
Event: 6.479 Executing VM operation: G1PauseRemark
Event: 6.485 Executing VM operation: G1PauseRemark done
Event: 6.487 Executing VM operation: G1PauseCleanup
Event: 6.487 Executing VM operation: G1PauseCleanup done
Event: 6.703 Executing VM operation: HandshakeAllThreads (Deoptimize)
Event: 6.703 Executing VM operation: HandshakeAllThreads (Deoptimize) done
Event: 6.751 Executing VM operation: HandshakeAllThreads (Deoptimize)
Event: 6.751 Executing VM operation: HandshakeAllThreads (Deoptimize) done
Event: 7.185 Executing VM operation: HandshakeAllThreads (Deoptimize)
Event: 7.185 Executing VM operation: HandshakeAllThreads (Deoptimize) done
Event: 7.217 Executing VM operation: G1CollectForAllocation (G1 Evacuation Pause)

Events (20 events):
Event: 6.484 Thread 0x0000025f608cd370 flushing nmethod 0x0000025f6b2b6590
Event: 6.484 Thread 0x0000025f608cd370 flushing nmethod 0x0000025f6b2b8110
Event: 6.484 Thread 0x0000025f608cd370 flushing nmethod 0x0000025f6b2c5910
Event: 6.484 Thread 0x0000025f608cd370 flushing nmethod 0x0000025f6b33d790
Event: 6.484 Thread 0x0000025f608cd370 flushing nmethod 0x0000025f6b3c0110
Event: 6.484 Thread 0x0000025f608cd370 flushing nmethod 0x0000025f6b1e1b10
Event: 6.484 Thread 0x0000025f608cd370 flushing nmethod 0x0000025f6b1f4d10
Event: 6.484 Thread 0x0000025f608cd370 flushing nmethod 0x0000025f6b260f10
Event: 6.484 Thread 0x0000025f608cd370 flushing nmethod 0x0000025f6b2a6e90
Event: 6.484 Thread 0x0000025f608cd370 flushing nmethod 0x0000025f6b2c0590
Event: 6.484 Thread 0x0000025f608cd370 flushing nmethod 0x0000025f6b333610
Event: 6.484 Thread 0x0000025f608cd370 flushing nmethod 0x0000025f6b334390
Event: 6.484 Thread 0x0000025f608cd370 flushing nmethod 0x0000025f6b35e290
Event: 6.484 Thread 0x0000025f608cd370 flushing nmethod 0x0000025f6b35e590
Event: 6.484 Thread 0x0000025f608cd370 flushing nmethod 0x0000025f6b3ec090
Event: 6.484 Thread 0x0000025f608cd370 flushing nmethod 0x0000025f6b5bd810
Event: 6.569 Thread 0x0000025f7becaf20 Thread added: 0x0000025f7becaf20
Event: 6.573 Thread 0x0000025f7becaf20 Thread exited: 0x0000025f7becaf20
Event: 7.074 Thread 0x0000025f7c20bde0 Thread added: 0x0000025f7c20bde0
Event: 7.080 Thread 0x0000025f7c20bde0 Thread exited: 0x0000025f7c20bde0


Dynamic libraries:
0x00007ff735c50000 - 0x00007ff735c60000 	C:\Program Files\Java\jdk-21\bin\java.exe
0x00007fffe7810000 - 0x00007fffe7a27000 	C:\Windows\SYSTEM32\ntdll.dll
0x00007fffe6b30000 - 0x00007fffe6bf4000 	C:\Windows\System32\KERNEL32.DLL
0x00007fffe5020000 - 0x00007fffe53cd000 	C:\Windows\System32\KERNELBASE.dll
0x00007fffe4e60000 - 0x00007fffe4f71000 	C:\Windows\System32\ucrtbase.dll
0x00007fffd3640000 - 0x00007fffd365b000 	C:\Program Files\Java\jdk-21\bin\VCRUNTIME140.dll
0x00007fffd3690000 - 0x00007fffd36a9000 	C:\Program Files\Java\jdk-21\bin\jli.dll
0x00007fffe6db0000 - 0x00007fffe6e62000 	C:\Windows\System32\ADVAPI32.dll
0x00007fffe6480000 - 0x00007fffe6527000 	C:\Windows\System32\msvcrt.dll
0x00007fffe6c20000 - 0x00007fffe6cc9000 	C:\Windows\System32\sechost.dll
0x00007fffe4e30000 - 0x00007fffe4e58000 	C:\Windows\System32\bcrypt.dll
0x00007fffe5f80000 - 0x00007fffe6094000 	C:\Windows\System32\RPCRT4.dll
0x00007fffe6130000 - 0x00007fffe62de000 	C:\Windows\System32\USER32.dll
0x00007fffd4950000 - 0x00007fffd4be3000 	C:\Windows\WinSxS\amd64_microsoft.windows.common-controls_6595b64144ccf1df_6.0.22621.3672_none_2713b9d173822955\COMCTL32.dll
0x00007fffe4f80000 - 0x00007fffe4fa6000 	C:\Windows\System32\win32u.dll
0x00007fffe6e70000 - 0x00007fffe6e99000 	C:\Windows\System32\GDI32.dll
0x00007fffe4d10000 - 0x00007fffe4e29000 	C:\Windows\System32\gdi32full.dll
0x00007fffe4c70000 - 0x00007fffe4d0a000 	C:\Windows\System32\msvcp_win.dll
0x00007fffdf0f0000 - 0x00007fffdf0fa000 	C:\Windows\SYSTEM32\VERSION.dll
0x00007fffe7730000 - 0x00007fffe7761000 	C:\Windows\System32\IMM32.DLL
0x00007fffd3680000 - 0x00007fffd368c000 	C:\Program Files\Java\jdk-21\bin\vcruntime140_1.dll
0x00007fffcf130000 - 0x00007fffcf1be000 	C:\Program Files\Java\jdk-21\bin\msvcp140.dll
0x00007fffc59e0000 - 0x00007fffc66f3000 	C:\Program Files\Java\jdk-21\bin\server\jvm.dll
0x00007fffe60b0000 - 0x00007fffe6121000 	C:\Windows\System32\WS2_32.dll
0x00007fffe39a0000 - 0x00007fffe39ed000 	C:\Windows\SYSTEM32\POWRPROF.dll
0x00007fffdbbf0000 - 0x00007fffdbc24000 	C:\Windows\SYSTEM32\WINMM.dll
0x00007fffe3980000 - 0x00007fffe3993000 	C:\Windows\SYSTEM32\UMPDC.dll
0x00007fffe3c30000 - 0x00007fffe3c48000 	C:\Windows\SYSTEM32\kernel.appcore.dll
0x00007fffd28c0000 - 0x00007fffd28ca000 	C:\Program Files\Java\jdk-21\bin\jimage.dll
0x00007fffdb0f0000 - 0x00007fffdb322000 	C:\Windows\SYSTEM32\DBGHELP.DLL
0x00007fffe5bf0000 - 0x00007fffe5f7e000 	C:\Windows\System32\combase.dll
0x00007fffe6cd0000 - 0x00007fffe6da7000 	C:\Windows\System32\OLEAUT32.dll
0x00007fffd4cb0000 - 0x00007fffd4ce2000 	C:\Windows\SYSTEM32\dbgcore.DLL
0x00007fffe4b30000 - 0x00007fffe4bab000 	C:\Windows\System32\bcryptPrimitives.dll
0x00007fffd28b0000 - 0x00007fffd28bf000 	C:\Program Files\Java\jdk-21\bin\instrument.dll
0x00007fffcf110000 - 0x00007fffcf12f000 	C:\Program Files\Java\jdk-21\bin\java.dll
0x00007fffe6ec0000 - 0x00007fffe7727000 	C:\Windows\System32\SHELL32.dll
0x00007fffe2a60000 - 0x00007fffe335f000 	C:\Windows\SYSTEM32\windows.storage.dll
0x00007fffe2920000 - 0x00007fffe2a5f000 	C:\Windows\SYSTEM32\wintypes.dll
0x00007fffe5a60000 - 0x00007fffe5b59000 	C:\Windows\System32\SHCORE.dll
0x00007fffe7770000 - 0x00007fffe77ce000 	C:\Windows\System32\shlwapi.dll
0x00007fffe4a60000 - 0x00007fffe4a87000 	C:\Windows\SYSTEM32\profapi.dll
0x00007fffcf0f0000 - 0x00007fffcf108000 	C:\Program Files\Java\jdk-21\bin\zip.dll
0x00007fffcf0e0000 - 0x00007fffcf0f0000 	C:\Program Files\Java\jdk-21\bin\net.dll
0x00007fffdf6f0000 - 0x00007fffdf826000 	C:\Windows\SYSTEM32\WINHTTP.dll
0x00007fffe4090000 - 0x00007fffe40f9000 	C:\Windows\system32\mswsock.dll
0x00007fffce070000 - 0x00007fffce086000 	C:\Program Files\Java\jdk-21\bin\nio.dll
0x00007fffd3a10000 - 0x00007fffd3a2a000 	C:\Users\Yith Sopheaktra\AppData\Local\Programs\IntelliJ IDEA Ultimate\bin\breakgen64.dll
0x00007fffe3620000 - 0x00007fffe3718000 	C:\Windows\SYSTEM32\DNSAPI.dll
0x00007fffe35b0000 - 0x00007fffe35dd000 	C:\Windows\SYSTEM32\IPHLPAPI.DLL
0x00007fffe63e0000 - 0x00007fffe63e9000 	C:\Windows\System32\NSI.dll
0x00007fffcce70000 - 0x00007fffcce79000 	C:\Program Files\Java\jdk-21\bin\extnet.dll
0x00007fffdd680000 - 0x00007fffdd68a000 	C:\Windows\System32\rasadhlp.dll
0x00007fffde9c0000 - 0x00007fffdea43000 	C:\Windows\System32\fwpuclnt.dll
0x00007fffcf0d0000 - 0x00007fffcf0da000 	C:\Program Files\Java\jdk-21\bin\management.dll
0x00007fffcdcb0000 - 0x00007fffcdcbb000 	C:\Program Files\Java\jdk-21\bin\management_ext.dll
0x00007fffe5be0000 - 0x00007fffe5be8000 	C:\Windows\System32\PSAPI.DLL
0x00007fffe4330000 - 0x00007fffe434b000 	C:\Windows\SYSTEM32\CRYPTSP.dll
0x00007fffe3b90000 - 0x00007fffe3bc5000 	C:\Windows\system32\rsaenh.dll
0x00007fffe4130000 - 0x00007fffe4158000 	C:\Windows\SYSTEM32\USERENV.dll
0x00007fffe42a0000 - 0x00007fffe42ac000 	C:\Windows\SYSTEM32\CRYPTBASE.dll
0x00007fffd5960000 - 0x00007fffd5977000 	C:\Windows\system32\napinsp.dll
0x00007fffd5860000 - 0x00007fffd587b000 	C:\Windows\system32\pnrpnsp.dll
0x00007fffd31c0000 - 0x00007fffd31d1000 	C:\Windows\System32\winrnr.dll
0x00007fffc3460000 - 0x00007fffc3475000 	C:\Windows\system32\wshbth.dll
0x00007fffb2d40000 - 0x00007fffb2d67000 	C:\Windows\system32\nlansp_c.dll
0x00007fffcbcd0000 - 0x00007fffcbcde000 	C:\Program Files\Java\jdk-21\bin\sunmscapi.dll
0x00007fffe53d0000 - 0x00007fffe5537000 	C:\Windows\System32\CRYPT32.dll
0x00007fffe44d0000 - 0x00007fffe44fe000 	C:\Windows\SYSTEM32\ncrypt.dll
0x00007fffe4490000 - 0x00007fffe44c7000 	C:\Windows\SYSTEM32\NTASN1.dll
0x00007fffd69c0000 - 0x00007fffd69d0000 	C:\Program Files\Java\jdk-21\bin\verify.dll

dbghelp: loaded successfully - version: 4.0.5 - missing functions: none
symbol engine: initialized successfully - sym options: 0x614 - pdb path: .;C:\Program Files\Java\jdk-21\bin;C:\Windows\SYSTEM32;C:\Windows\WinSxS\amd64_microsoft.windows.common-controls_6595b64144ccf1df_6.0.22621.3672_none_2713b9d173822955;C:\Program Files\Java\jdk-21\bin\server;C:\Users\Yith Sopheaktra\AppData\Local\Programs\IntelliJ IDEA Ultimate\bin

VM Arguments:
jvm_args: -XX:TieredStopAtLevel=1 -Dspring.output.ansi.enabled=always -Dcom.sun.management.jmxremote -Dspring.jmx.enabled=true -Dspring.liveBeansView.mbeanDomain -Dspring.application.admin.enabled=true -Dmanagement.endpoints.jmx.exposure.include=* -javaagent:C:\Users\Yith Sopheaktra\AppData\Local\Programs\IntelliJ IDEA Ultimate\lib\idea_rt.jar=59841:C:\Users\Yith Sopheaktra\AppData\Local\Programs\IntelliJ IDEA Ultimate\bin -Dfile.encoding=UTF-8 -Dsun.stdout.encoding=UTF-8 -Dsun.stderr.encoding=UTF-8 
java_command: co.istad.eurekaservice.EurekaServiceApplication
java_class_path (initial): D:\CSTAD Advance\spring-microservices\EUREKA-SERVICE\build\classes\java\main;D:\CSTAD Advance\spring-microservices\EUREKA-SERVICE\build\resources\main;C:\Users\Yith Sopheaktra\.gradle\caches\modules-2\files-2.1\org.springframework.cloud\spring-cloud-starter-netflix-eureka-server\4.1.3\61ccf2793b0a0c9ef4c45521b39c28392db73515\spring-cloud-starter-netflix-eureka-server-4.1.3.jar;C:\Users\Yith Sopheaktra\.gradle\caches\modules-2\files-2.1\org.springframework.cloud\spring-cloud-starter-config\4.1.3\db83c140fb8493a05ceae42d999db7d4b45dcb63\spring-cloud-starter-config-4.1.3.jar;C:\Users\Yith Sopheaktra\.gradle\caches\modules-2\files-2.1\org.springframework.cloud\spring-cloud-starter-loadbalancer\4.1.4\f0fb6af4e68b4e4bb1fed47ea0d833369fb9c73c\spring-cloud-starter-loadbalancer-4.1.4.jar;C:\Users\Yith Sopheaktra\.gradle\caches\modules-2\files-2.1\org.springframework.cloud\spring-cloud-starter\4.1.4\e32d5329fff525c522ebe3fea48f3a0e8ad08547\spring-cloud-starter-4.1.4.jar;C:\Users\Yith Sopheaktra\.gradle\caches\modules-2\files-2.1\org.springframework.cloud\spring-cloud-netflix-eureka-server\4.1.3\1dfdddbdee2972a98ae7b336bca58bb8f82bbcb6\spring-cloud-netflix-eureka-server-4.1.3.jar;C:\Users\Yith Sopheaktra\.gradle\caches\modules-2\files-2.1\org.glassfish.jaxb\jaxb-runtime\4.0.5\ca84c2a7169b5293e232b9d00d1e4e36d4c3914a\jaxb-runtime-4.0.5.jar;C:\Users\Yith Sopheaktra\.gradle\caches\modules-2\files-2.1\org.springframework.cloud\spring-cloud-config-client\4.1.3\76b03836f1211b47c0c138c5ea473c5aa88f69e9\spring-cloud-config-client-4.1.3.jar;C:\Users\Yith Sopheaktra\.gradle\caches\modules-2\files-2.1\com.fasterxml.jackson.core\jackson-databind\2.17.2\e6deb029e5901e027c129341fac39e515066b68c\jackson-databind-2.17.2.jar;C:\Users\Yith Sopheaktra\.gradle\caches\modules-2\files-2.1\org.springframework.boot\spring-boot-starter-cache\3.3.3\e5753a3a44d27946cac52b51399de044ce9314f2\spring-boot-starter-cache-3.3.3.jar;C:\Users\Yith Sopheaktra\.gradle\caches\modules-2\files-2.1\org.springframework.cloud\spring-cloud-loadbalancer\4.1.4\630b76d1979f95144df72d75328863233dfc188a\spring-cloud-loadbalancer-4.1.4.jar;C:\Users\Yith Sopheaktra\.gradle\caches\modules-2\files-2.1\com.stoyanr\evictor\1.0.0\d4615a8516dc28cb958e723f1a0902faa8732217\evictor-1.0.0.jar;C:\Users\Yith Sopheaktra\.gradle\caches\modules-2\files-2.1\org.springframework.boot\spring-boot-starter\3.3.3\174d6cb1c59036a01756d6bf4d8945325f94155f\spring-boot-starter-3.3.3.jar;C:\Users\Yith Sopheaktra\.gradle\caches\modules-2\files-2.1\org.springframework.cloud\spring-cloud-context\4.1.4\79f3f11e3c9ee32108bc21c6b3fa5b2233aed820\spring-cloud-context-4.1.4.jar;C:\Users\Yith Sopheaktra\.gradle\caches\modules-2\files-2.1\org.springframework.cloud\spring-cloud-commons\4.1.4\17a5acd971f66a9fc0f1f82d977b29a1ee081b30\spring-cloud-commons-4.1.4.jar;C:\Users\Yith Sopheaktra\.gradle\caches\modules-2\files-2.1\org.springframework.security\spring-security-rsa\1.1.3\3d0c30d4b9adaf350e88ea1b0a62912aee4c3eee\spring-security-rsa-1.1.3.jar;C:\Users\Yith Sopheaktra\.gradle\caches\modules-2\files-2.1\org.springframework.cloud\spring-cloud-netflix-eureka-client\4.1.3\195b61066368e69b3920d691143f6a08491caee9\spring-cloud-netflix-eureka-client-4.1.3.jar;C:\Users\Yith Sopheaktra\.gradle\caches\modules-2\files-2.1\com.netflix.eureka\eureka-core-jersey3\2.0.3\d24b83772c0b1d4a1d38ef0546e5132b161bfbe3\eureka-core-jersey3-2.0.3.jar;C:\Users\Yith Sopheaktra\.gradle\caches\modules-2\files-2.1\com.netflix.eureka\eureka-client-jersey3\2.0.3\cdff102f7b47a65d1eb64ea3e086b79e3f4073a\eureka-client-jersey3-2.0.3.jar;C:\Users\Yith Sopheaktra\.gradle\caches\modules-2\files-2.1\org.springframework.boot\spring-boot-starter-web\3.3.3\f19325fefd33dc920c0f68547a798ed731a8c70c\spring-boot-starter-web-3.3.3.jar;C:\Users\Yith Sopheaktra\.gradle\caches\modules-2\files-2.1\com.fasterxml.jackson.dataformat\jackson-dataformat-xml\2.17.2\ad58f5bd089e743ac6e5999b2d1e3cf8515cea9a\jackson-dataformat-xml-2.17.2.jar;C:\Users\Yith Sopheaktra\.gradle\caches\modules-2\files-2.1\org.springframework.boot\spring-boot-starter-actuator\3.3.3\8f44e7b6d6cd17ebe82cb4ecd4554bab8cc4ccb5\spring-boot-starter-actuator-3.3.3.jar;C:\Users\Yith Sopheaktra\.gradle\caches\modules-2\files-2.1\org.springframework.boot\spring-boot-starter-freemarker\3.3.3\5fe24d69fd885a51e70a003e9ac65a9641309d86\spring-boot-starter-freemarker-3.3.3.jar;C:\Users\Yith Sopheaktra\.gradle\caches\modules-2\files-2.1\org.glassfish.jersey.containers\jersey-container-servlet\3.1.8\f80af4a5feb6a063297f6944363524e7b9399205\jersey-container-servlet-3.1.8.jar;C:\Users\Yith Sopheaktra\.gradle\caches\modules-2\files-2.1\org.glassfish.jersey.core\jersey-server\3.1.8\ed02e7d7a04c6bcb0653c0179d8cf56969590e8f\jersey-server-3.1.8.jar;C:\Users\Yith Sopheaktra\.gradle\caches\modules-2\files-2.1\org.glassfish.jersey.core\jersey-client\3.1.8\3d5cc934f54ce715ee0aea6073e687721eec6db3\jersey-client-3.1.8.jar;C:\Users\Yith Sopheaktra\.gradle\caches\modules-2\files-2.1\org.glassfish.jersey.inject\jersey-hk2\3.1.8\4cec532697a56b9c1634222348ba0de5ec25e8b7\jersey-hk2-3.1.8.jar;C:\Users\Yith Sopheaktra\.gradle\caches\modules-2\files-2.1\org.glassfish.hk2\spring-bridge\3.1.1\9246ebe0ebf72c32b7d46dd31e290ca055fe2582\spring-bridge-3.1.1.jar;C:\Users\Yith Sopheaktra\.gradle\caches\modules-2\files-2.1\org.glassfish.jaxb\jaxb-core\4.0.5\7b4b11ea5542eea4ad55e1080b23be436795b3\jaxb-core-4.0.5.jar;C:\Users\Yith Sopheaktra\.gradle\caches\modules-2\files-2.1\com.fasterxml.jackson.core\jackson-annotations\2.17.2\147b7b9412ffff24339f8aba080b292448e08698\jackson-annotations-2.17.2.jar;C:\Users\Yith Sopheaktra\.gradle\caches\modules-2\files-2.1\org.springframework.boot\spring-boot-autoconfigure\3.3.3\4445f0bbf838c1e3aeb5a83bf2367fbd1013237f\spring-boot-autoconfigure-3.3.3.jar;C:\Users\Yith Sopheaktra\.gradle\caches\modules-2\files-2.1\org.springframework\spring-web\6.1.12\b60e69b3ec87f8e001537a0fa7e3e2732dfafa7e\spring-web-6.1.12.jar;C:\Users\Yith Sopheaktra\.gradle\caches\modules-2\files-2.1\org.apache.httpcomponents.client5\httpclient5\5.3.1\56b53c8f4bcdaada801d311cf2ff8a24d6d96883\httpclient5-5.3.1.jar;C:\Users\Yith Sopheaktra\.gradle\caches\modules-2\files-2.1\com.fasterxml.jackson.core\jackson-core\2.17.2\969a35cb35c86512acbadcdbbbfb044c877db814\jackson-core-2.17.2.jar;C:\Users\Yith Sopheaktra\.gradle\caches\modules-2\files-2.1\org.springframework\spring-context-support\6.1.12\c1959ca8494c59f5b0ef98d6ff44b71874df1682\spring-context-support-6.1.12.jar;C:\Users\Yith Sopheaktra\.gradle\caches\modules-2\files-2.1\io.projectreactor.addons\reactor-extra\3.5.2\163f7babfc93f949738a440ea8cae5079cdb4aaa\reactor-extra-3.5.2.jar;C:\Users\Yith Sopheaktra\.gradle\caches\modules-2\files-2.1\io.projectreactor\reactor-core\3.6.9\2f0a64e3ea9793922afdf7ea0e7250401930de94\reactor-core-3.6.9.jar;C:\Users\Yith Sopheaktra\.gradle\caches\modules-2\files-2.1\org.springframework.boot\spring-boot\3.3.3\f34dba93611823e521800a47043267715184911b\spring-boot-3.3.3.jar;C:\Users\Yith Sopheaktra\.gradle\caches\modules-2\files-2.1\org.springframework.boot\spring-boot-starter-logging\3.3.3\43d07b2e6bbb628c7fc5df103d35ee2eb091522\spring-boot-starter-logging-3.3.3.jar;C:\Users\Yith Sopheaktra\.gradle\caches\modules-2\files-2.1\jakarta.annotation\jakarta.annotation-api\2.1.1\48b9bda22b091b1f48b13af03fe36db3be6e1ae3\jakarta.annotation-api-2.1.1.jar;C:\Users\Yith Sopheaktra\.gradle\caches\modules-2\files-2.1\org.springframework\spring-core\6.1.12\5f4162fb645c4f72b57b21d721fce9f26edb9bb9\spring-core-6.1.12.jar;C:\Users\Yith Sopheaktra\.gradle\caches\modules-2\files-2.1\org.yaml\snakeyaml\2.2\3af797a25458550a16bf89acc8e4ab2b7f2bfce0\snakeyaml-2.2.jar;C:\Users\Yith Sopheaktra\.gradle\caches\modules-2\files-2.1\org.springframework.security\spring-security-crypto\6.3.3\a44e901cd1cfa1d6c20d30b69b83499e12e607a1\spring-security-crypto-6.3.3.jar;C:\Users\Yith Sopheaktra\.gradle\caches\modules-2\files-2.1\org.bouncycastle\bcprov-jdk18on\1.78\619aafb92dc0b4c6cc4cf86c487ca48ee2d67a8e\bcprov-jdk18on-1.78.jar;C:\Users\Yith Sopheaktra\.gradle\caches\modules-2\files-2.1\com.netflix.eureka\eureka-client\2.0.3\f3446f6da4a4d49b2e4d2a63d129975f8dd0a915\eureka-client-2.0.3.jar;C:\Users\Yith Sopheaktra\.gradle\caches\modules-2\files-2.1\com.netflix.eureka\eureka-core\2.0.3\37b2d7c39cce2cc0ee60288c197133b33774cd72\eureka-core-2.0.3.jar;C:\Users\Yith Sopheaktra\.gradle\caches\modules-2\files-2.1\org.glassfish.jersey.connectors\jersey-apache-connector\3.1.8\d3ed1e9b0d7715ddef5dd0f6db6d629514144976\jersey-apache-connector-3.1.8.jar;C:\Users\Yith Sopheaktra\.gradle\caches\modules-2\files-2.1\org.springframework.boot\spring-boot-starter-json\3.3.3\3dde3b6089f772a77763020cc97a219307a8f39f\spring-boot-starter-json-3.3.3.jar;C:\Users\Yith Sopheaktra\.gradle\caches\modules-2\files-2.1\org.springframework\spring-webmvc\6.1.12\86bb0c203d68adb4b2675765f5a372f4c5254b2d\spring-webmvc-6.1.12.jar;C:\Users\Yith Sopheaktra\.gradle\caches\modules-2\files-2.1\org.springframework.boot\spring-boot-starter-tomcat\3.3.3\8ca660b0ecba2f0ff8ce27603fe89953dc4ec18d\spring-boot-starter-tomcat-3.3.3.jar;C:\Users\Yith Sopheaktra\.gradle\caches\modules-2\files-2.1\com.fasterxml.woodstox\woodstox-core\6.7.0\ebbbdee43bb8c49f673f35b5697ae6d8515a4711\woodstox-core-6.7.0.jar;C:\Users\Yith Sopheaktra\.gradle\caches\modules-2\files-2.1\org.codehaus.woodstox\stax2-api\4.2.2\b0d746cadea928e5264f2ea294ea9a1bf815bbde\stax2-api-4.2.2.jar;C:\Users\Yith Sopheaktra\.gradle\caches\modules-2\files-2.1\org.springframework.boot\spring-boot-actuator-autoconfigure\3.3.3\49c44f2ef968ee4cc5c3adee03ecbc55d64aaa93\spring-boot-actuator-autoconfigure-3.3.3.jar;C:\Users\Yith Sopheaktra\.gradle\caches\modules-2\files-2.1\io.micrometer\micrometer-jakarta9\1.13.3\c976f1677936dfb710fffe5476ab3b1ef79f6d63\micrometer-jakarta9-1.13.3.jar;C:\Users\Yith Sopheaktra\.gradle\caches\modules-2\files-2.1\io.micrometer\micrometer-observation\1.13.3\99840eb14ecf95d349f39123c867c2ca33808d\micrometer-observation-1.13.3.jar;C:\Users\Yith Sopheaktra\.gradle\caches\modules-2\files-2.1\org.freemarker\freemarker\2.3.33\fecaeb606993fc9fd0f95fe5a644048a69c39474\freemarker-2.3.33.jar;C:\Users\Yith Sopheaktra\.gradle\caches\modules-2\files-2.1\org.glassfish.jersey.containers\jersey-container-servlet-core\3.1.8\2ea7dc7e94d134df5b6378ceb73c14d54fd5a86c\jersey-container-servlet-core-3.1.8.jar;C:\Users\Yith Sopheaktra\.gradle\caches\modules-2\files-2.1\org.glassfish.jersey.core\jersey-common\3.1.8\46a5712b60eca0368714ecd22cdf479770b8100b\jersey-common-3.1.8.jar;C:\Users\Yith Sopheaktra\.gradle\caches\modules-2\files-2.1\jakarta.ws.rs\jakarta.ws.rs-api\3.1.0\15ce10d249a38865b58fc39521f10f29ab0e3363\jakarta.ws.rs-api-3.1.0.jar;C:\Users\Yith Sopheaktra\.gradle\caches\modules-2\files-2.1\jakarta.inject\jakarta.inject-api\2.0.1\4c28afe1991a941d7702fe1362c365f0a8641d1e\jakarta.inject-api-2.0.1.jar;C:\Users\Yith Sopheaktra\.gradle\caches\modules-2\files-2.1\jakarta.validation\jakarta.validation-api\3.0.2\92b6631659ba35ca09e44874d3eb936edfeee532\jakarta.validation-api-3.0.2.jar;C:\Users\Yith Sopheaktra\.gradle\caches\modules-2\files-2.1\org.glassfish.hk2\hk2-locator\3.0.6\92d5c92c9f23bea4b8681c6f8d6ba3d708619f81\hk2-locator-3.0.6.jar;C:\Users\Yith Sopheaktra\.gradle\caches\modules-2\files-2.1\org.javassist\javassist\3.30.2-GA\284580b5e42dfa1b8267058566435d9e93fae7f7\javassist-3.30.2-GA.jar;C:\Users\Yith Sopheaktra\.gradle\caches\modules-2\files-2.1\org.springframework\spring-context\6.1.12\e69d476d1334935529a61f403749c6b8593e3272\spring-context-6.1.12.jar;C:\Users\Yith Sopheaktra\.gradle\caches\modules-2\files-2.1\org.glassfish.hk2\hk2-api\3.1.1\18d114e0da203809052f5f000803f2db6c9e9cf5\hk2-api-3.1.1.jar;C:\Users\Yith Sopheaktra\.gradle\caches\modules-2\files-2.1\jakarta.xml.bind\jakarta.xml.bind-api\4.0.2\6cd5a999b834b63238005b7144136379dc36cad2\jakarta.xml.bind-api-4.0.2.jar;C:\Users\Yith Sopheaktra\.gradle\caches\modules-2\files-2.1\jakarta.activation\jakarta.activation-api\2.1.3\fa165bd70cda600368eee31555222776a46b881f\jakarta.activation-api-2.1.3.jar;C:\Users\Yith Sopheaktra\.gradle\caches\modules-2\files-2.1\org.glassfish.jaxb\txw2\4.0.5\f36a4ef12120a9bb06d766d6a0e54b144fd7ed98\txw2-4.0.5.jar;C:\Users\Yith Sopheaktra\.gradle\caches\modules-2\files-2.1\com.sun.istack\istack-commons-runtime\4.1.2\18ec117c85f3ba0ac65409136afa8e42bc74e739\istack-commons-runtime-4.1.2.jar;C:\Users\Yith Sopheaktra\.gradle\caches\modules-2\files-2.1\org.springframework\spring-beans\6.1.12\f0344fa934f114a15f02c2b1a199189ec12b7eb5\spring-beans-6.1.12.jar;C:\Users\Yith Sopheaktra\.gradle\caches\modules-2\files-2.1\org.apache.httpcomponents.core5\httpcore5-h2\5.2.5\9425df4d1365cee86a8e031a036bdca4343da4b\httpcore5-h2-5.2.5.jar;C:\Users\Yith Sopheaktra\.gradle\caches\modules-2\files-2.1\org.apache.httpcomponents.core5\httpcore5\5.2.5\dab1e18842971a45ca8942491ce005ab86a028d7\httpcore5-5.2.5.jar;C:\Users\Yith Sopheaktra\.gradle\caches\modules-2\files-2.1\org.slf4j\slf4j-api\2.0.16\172931663a09a1fa515567af5fbef00897d3c04\slf4j-api-2.0.16.jar;C:\Users\Yith Sopheaktra\.gradle\caches\modules-2\files-2.1\org.reactivestreams\reactive-streams\1.0.4\3864a1320d97d7b045f729a326e1e077661f31b7\reactive-streams-1.0.4.jar;C:\Users\Yith Sopheaktra\.gradle\caches\modules-2\files-2.1\ch.qos.logback\logback-classic\1.5.7\ad4ff8ca015737ade8e8a9de07de565c423e5b7a\logback-classic-1.5.7.jar;C:\Users\Yith Sopheaktra\.gradle\caches\modules-2\files-2.1\org.apache.logging.log4j\log4j-to-slf4j\2.23.1\425ad1eb8a39904d2830e907a324e956fb456520\log4j-to-slf4j-2.23.1.jar;C:\Users\Yith Sopheaktra\.gradle\caches\modules-2\files-2.1\org.slf4j\jul-to-slf4j\2.0.16\6d57da3e961daac65bcca0dd3def6cd11e48a24a\jul-to-slf4j-2.0.16.jar;C:\Users\Yith Sopheaktra\.gradle\caches\modules-2\files-2.1\org.springframework\spring-jcl\6.1.12\f46d6016fd1dd3801a0e6fcd64789ac468254944\spring-jcl-6.1.12.jar;C:\Users\Yith Sopheaktra\.gradle\caches\modules-2\files-2.1\com.thoughtworks.xstream\xstream\1.4.20\e2315b8b2e95e9f21697833c8e56cdd9c98a5ee\xstream-1.4.20.jar;C:\Users\Yith Sopheaktra\.gradle\caches\modules-2\files-2.1\com.netflix.spectator\spectator-api\1.7.3\d7d62fc0559b4de07c99a8072896b4abb0c4124d\spectator-api-1.7.3.jar;C:\Users\Yith Sopheaktra\.gradle\caches\modules-2\files-2.1\org.apache.httpcomponents\httpclient\4.5.14\1194890e6f56ec29177673f2f12d0b8e627dec98\httpclient-4.5.14.jar;C:\Users\Yith Sopheaktra\.gradle\caches\modules-2\files-2.1\commons-configuration\commons-configuration\1.10\2b36e4adfb66d966c5aef2d73deb6be716389dc9\commons-configuration-1.10.jar;C:\Users\Yith Sopheaktra\.gradle\caches\modules-2\files-2.1\commons-codec\commons-codec\1.16.1\47bd4d333fba53406f6c6c51884ddbca435c8862\commons-codec-1.16.1.jar;C:\Users\Yith Sopheaktra\.gradle\caches\modules-2\files-2.1\commons-logging\commons-logging\1.3.1\8cff7dc1e492911f3dd7640ebfb60d6206a1dd40\commons-logging-1.3.1.jar;C:\Users\Yith Sopheaktra\.gradle\caches\modules-2\files-2.1\com.fasterxml.jackson.datatype\jackson-datatype-jsr310\2.17.2\267b85e9ba2892a37be6d80aa9ca1438a0d8c210\jackson-datatype-jsr310-2.17.2.jar;C:\Users\Yith Sopheaktra\.gradle\caches\modules-2\files-2.1\com.fasterxml.jackson.datatype\jackson-datatype-jdk8\2.17.2\efd3dd0e1d0db8bc72abbe71c15e697bb83b4b45\jackson-datatype-jdk8-2.17.2.jar;C:\Users\Yith Sopheaktra\.gradle\caches\modules-2\files-2.1\com.fasterxml.jackson.module\jackson-module-parameter-names\2.17.2\d27b9f95ccce98984c1ba58d61c5a9c072b1ad95\jackson-module-parameter-names-2.17.2.jar;C:\Users\Yith Sopheaktra\.gradle\caches\modules-2\files-2.1\org.springframework\spring-aop\6.1.12\5fce5ff02455fad179fc0ea05435dfb79bbeaa66\spring-aop-6.1.12.jar;C:\Users\Yith Sopheaktra\.gradle\caches\modules-2\files-2.1\org.springframework\spring-expression\6.1.12\644bbc2e65eb40feb7284b8570d7a7eb8b1fe8df\spring-expression-6.1.12.jar;C:\Users\Yith Sopheaktra\.gradle\caches\modules-2\files-2.1\org.apache.tomcat.embed\tomcat-embed-websocket\10.1.28\1a5ee88106795215e8a7b6cfea46e57cdfc96430\tomcat-embed-websocket-10.1.28.jar;C:\Users\Yith Sopheaktra\.gradle\caches\modules-2\files-2.1\org.apache.tomcat.embed\tomcat-embed-core\10.1.28\624f53789b7ba96bc3c8e871fb5eed4cab5a7c89\tomcat-embed-core-10.1.28.jar;C:\Users\Yith Sopheaktra\.gradle\caches\modules-2\files-2.1\org.apache.tomcat.embed\tomcat-embed-el\10.1.28\3220f687c5ffc8650559f08ecac5b149838627b3\tomcat-embed-el-10.1.28.jar;C:\Users\Yith Sopheaktra\.gradle\caches\modules-2\files-2.1\org.springframework.boot\spring-boot-actuator\3.3.3\cedbe2d79a7c1b9a3f3f38cd3626478f7c6e56e3\spring-boot-actuator-3.3.3.jar;C:\Users\Yith Sopheaktra\.gradle\caches\modules-2\files-2.1\io.micrometer\micrometer-core\1.13.3\c3d676424063cea7a1825f57128bc9bf74672b3b\micrometer-core-1.13.3.jar;C:\Users\Yith Sopheaktra\.gradle\caches\modules-2\files-2.1\io.micrometer\micrometer-commons\1.13.3\47b6b093cd6ba80c9da8d973ea79c7ef69a878d5\micrometer-commons-1.13.3.jar;C:\Users\Yith Sopheaktra\.gradle\caches\modules-2\files-2.1\org.glassfish.hk2\osgi-resource-locator\1.0.3\de3b21279df7e755e38275137539be5e2c80dd58\osgi-resource-locator-1.0.3.jar;C:\Users\Yith Sopheaktra\.gradle\caches\modules-2\files-2.1\org.glassfish.hk2.external\aopalliance-repackaged\3.1.1\271bbab4cb1e3e5c556acf2580f75cb184818c1f\aopalliance-repackaged-3.1.1.jar;C:\Users\Yith Sopheaktra\.gradle\caches\modules-2\files-2.1\org.glassfish.hk2\hk2-utils\3.1.1\d7f6959b2a724d479d8b1420c4aa03751eb4447f\hk2-utils-3.1.1.jar;C:\Users\Yith Sopheaktra\.gradle\caches\modules-2\files-2.1\ch.qos.logback\logback-core\1.5.7\ba0d0cbac3f21abd28faed3b4931d5b49cc5887e\logback-core-1.5.7.jar;C:\Users\Yith Sopheaktra\.gradle\caches\modules-2\files-2.1\org.apache.logging.log4j\log4j-api\2.23.1\9c15c29c526d9c6783049c0a77722693c66706e1\log4j-api-2.23.1.jar;C:\Users\Yith Sopheaktra\.gradle\caches\modules-2\files-2.1\io.github.x-stream\mxparser\1.2.2\476fb3b3bb3716cad797cd054ce45f89445794e9\mxparser-1.2.2.jar;C:\Users\Yith Sopheaktra\.gradle\caches\modules-2\files-2.1\org.apache.httpcomponents\httpcore\4.4.16\51cf043c87253c9f58b539c9f7e44c8894223850\httpcore-4.4.16.jar;C:\Users\Yith Sopheaktra\.gradle\caches\modules-2\files-2.1\commons-lang\commons-lang\2.6\ce1edb914c94ebc388f086c6827e8bdeec71ac2\commons-lang-2.6.jar;C:\Users\Yith Sopheaktra\.gradle\caches\modules-2\files-2.1\xmlpull\xmlpull\1.1.3.1\2b8e230d2ab644e4ecaa94db7cdedbc40c805dfa\xmlpull-1.1.3.1.jar;C:\Users\Yith Sopheaktra\.gradle\caches\modules-2\files-2.1\org.eclipse.angus\angus-activation\2.0.2\41f1e0ddd157c856926ed149ab837d110955a9fc\angus-activation-2.0.2.jar;C:\Users\Yith Sopheaktra\.gradle\caches\modules-2\files-2.1\com.netflix.netflix-commons\netflix-eventbus\0.3.0\3f864adbe81f0849729fcbba3fe693c32be739ea\netflix-eventbus-0.3.0.jar;C:\Users\Yith Sopheaktra\.gradle\caches\modules-2\files-2.1\javax.annotation\javax.annotation-api\1.2\479c1e06db31c432330183f5cae684163f186146\javax.annotation-api-1.2.jar;C:\Users\Yith Sopheaktra\.gradle\caches\modules-2\files-2.1\org.codehaus.jettison\jettison\1.5.4\174ca56c411b05aec323d8f53e66709c0d28b337\jettison-1.5.4.jar;C:\Users\Yith Sopheaktra\.gradle\caches\modules-2\files-2.1\com.google.guava\guava\33.0.0-jre\161ba27964a62f241533807a46b8711b13c1d94b\guava-33.0.0-jre.jar;C:\Users\Yith Sopheaktra\.gradle\caches\modules-2\files-2.1\com.netflix.netflix-commons\netflix-infix\0.3.0\acc65969f7367ddd2f1265e0cd7330509ed530dc\netflix-infix-0.3.0.jar;C:\Users\Yith Sopheaktra\.gradle\caches\modules-2\files-2.1\com.netflix.servo\servo-core\0.5.3\790cdf248baa2bf0b4b42fe83d79c717ed510f2b\servo-core-0.5.3.jar;C:\Users\Yith Sopheaktra\.gradle\caches\modules-2\files-2.1\org.apache.commons\commons-math\2.2\4877b85d388275f994a5cfc7eceb73a8045d3006\commons-math-2.2.jar;C:\Users\Yith Sopheaktra\.gradle\caches\modules-2\files-2.1\com.google.guava\failureaccess\1.0.2\c4a06a64e650562f30b7bf9aaec1bfed43aca12b\failureaccess-1.0.2.jar;C:\Users\Yith Sopheaktra\.gradle\caches\modules-2\files-2.1\com.google.guava\listenablefuture\9999.0-empty-to-avoid-conflict-with-guava\b421526c5f297295adef1c886e5246c39d4ac629\listenablefuture-9999.0-empty-to-avoid-conflict-with-guava.jar;C:\Users\Yith Sopheaktra\.gradle\caches\modules-2\files-2.1\org.checkerframework\checker-qual\3.41.0\8be6df7f1e9bccb19f8f351b3651f0bac2f5e0c\checker-qual-3.41.0.jar;C:\Users\Yith Sopheaktra\.gradle\caches\modules-2\files-2.1\com.google.errorprone\error_prone_annotations\2.23.0\43a27853b6c7d54893e0b1997c2c778c347179eb\error_prone_annotations-2.23.0.jar;C:\Users\Yith Sopheaktra\.gradle\caches\modules-2\files-2.1\org.hdrhistogram\HdrHistogram\2.2.2\7959933ebcc0f05b2eaa5af0a0c8689fa257b15c\HdrHistogram-2.2.2.jar;C:\Users\Yith Sopheaktra\.gradle\caches\modules-2\files-2.1\org.latencyutils\LatencyUtils\2.0.3\769c0b82cb2421c8256300e907298a9410a2a3d3\LatencyUtils-2.0.3.jar;C:\Users\Yith Sopheaktra\.gradle\caches\modules-2\files-2.1\commons-jxpath\commons-jxpath\1.3\c22d7d0f0f40eb7059a23cfa61773a416768b137\commons-jxpath-1.3.jar;C:\Users\Yith Sopheaktra\.gradle\caches\modules-2\files-2.1\joda-time\joda-time\2.3\56498efd17752898cfcc3868c1b6211a07b12b8f\joda-time-2.3.jar;C:\Users\Yith Sopheaktra\.gradle\caches\modules-2\files-2.1\org.antlr\antlr-runtime\3.4\8f011408269a8e42b8548687e137d8eeb56df4b4\antlr-runtime-3.4.jar;C:\Users\Yith Sopheaktra\.gradle\caches\modules-2\files-2.1\com.google.code.gson\gson\2.10.1\b3add478d4382b78ea20b1671390a858002feb6c\gson-2.10.1.jar;C:\Users\Yith Sopheaktra\.gradle\caches\modules-2\files-2.1\org.antlr\stringtemplate\3.2.1\59ec8083721eae215c6f3caee944c410d2be34de\stringtemplate-3.2.1.jar;C:\Users\Yith Sopheaktra\.gradle\caches\modules-2\files-2.1\antlr\antlr\2.7.7\83cd2cd674a217ade95a4bb83a8a14f351f48bd0\antlr-2.7.7.jar
Launcher Type: SUN_STANDARD

[Global flags]
     intx CICompilerCount                          = 4                                         {product} {ergonomic}
     uint ConcGCThreads                            = 2                                         {product} {ergonomic}
     uint G1ConcRefinementThreads                  = 8                                         {product} {ergonomic}
   size_t G1HeapRegionSize                         = 2097152                                   {product} {ergonomic}
    uintx GCDrainStackTargetSize                   = 64                                        {product} {ergonomic}
   size_t InitialHeapSize                          = 268435456                                 {product} {ergonomic}
     bool ManagementServer                         = true                                      {product} {command line}
   size_t MarkStackSize                            = 4194304                                   {product} {ergonomic}
   size_t MaxHeapSize                              = 4271898624                                {product} {ergonomic}
   size_t MaxNewSize                               = 2562719744                                {product} {ergonomic}
   size_t MinHeapDeltaBytes                        = 2097152                                   {product} {ergonomic}
   size_t MinHeapSize                              = 8388608                                   {product} {ergonomic}
    uintx NonNMethodCodeHeapSize                   = 4096                                   {pd product} {ergonomic}
    uintx NonProfiledCodeHeapSize                  = 0                                      {pd product} {ergonomic}
     bool ProfileInterpreter                       = false                                  {pd product} {command line}
    uintx ProfiledCodeHeapSize                     = 0                                      {pd product} {ergonomic}
   size_t SoftMaxHeapSize                          = 4271898624                             {manageable} {ergonomic}
     intx TieredStopAtLevel                        = 1                                         {product} {command line}
     bool UseCompressedOops                        = true                           {product lp64_product} {ergonomic}
     bool UseG1GC                                  = true                                      {product} {ergonomic}
     bool UseLargePagesIndividualAllocation        = false                                  {pd product} {ergonomic}

Logging:
Log output configuration:
 #0: stdout all=warning uptime,level,tags foldmultilines=false
 #1: stderr all=off uptime,level,tags foldmultilines=false

Environment Variables:
PATH=C:\Program Files (x86)\VMware\VMware Workstation\bin\;C:\Program Files\Common Files\Oracle\Java\javapath;C:\Windows\system32;C:\Windows;C:\Windows\System32\Wbem;C:\Windows\System32\WindowsPowerShell\v1.0\;C:\Windows\System32\OpenSSH\;C:\Program Files\Java\jdk-21\bin;C:\Program Files\Docker\Docker\resources\bin;C:\Program Files (x86)\NVIDIA Corporation\PhysX\Common;C:\Program Files\Git\bin;C:\Program Files\Git\cmd;C:\Program Files\Microsoft SQL Server\150\Tools\Binn\;C:\Program Files\Microsoft SQL Server\Client SDK\ODBC\170\Tools\Binn\;C:\Program Files\dotnet\;C:\Users\Yith Sopheaktra\AppData\Local\Microsoft\WindowsApps;C:\Users\Yith Sopheaktra\AppData\Local\JetBrains\Toolbox\scripts;C:\Users\Yith Sopheaktra\AppData\Local\Programs\Microsoft VS Code\bin;C:\Users\Yith Sopheaktra\AppData\Local\Programs\oh-my-posh\bin;C:\Users\Yith Sopheaktra\AppData\Local\Microsoft\WinGet\Packages\Schniz.fnm_Microsoft.Winget.Source_8wekyb3d8bbwe;C:\Users\Yith Sopheaktra\.dotnet\tools
USERNAME=Yith Sopheaktra
OS=Windows_NT
PROCESSOR_IDENTIFIER=Intel64 Family 6 Model 94 Stepping 3, GenuineIntel
TMP=C:\Users\YITHSO~1\AppData\Local\Temp
TEMP=C:\Users\YITHSO~1\AppData\Local\Temp




Periodic native trim disabled

---------------  S Y S T E M  ---------------

OS:
 Windows 11 , 64 bit Build 22621 (10.0.22621.3958)
OS uptime: 5 days 15:17 hours
Hyper-V role detected

CPU: total 8 (initial active 8) (4 cores per cpu, 2 threads per core) family 6 model 94 stepping 3 microcode 0xd6, cx8, cmov, fxsr, ht, mmx, 3dnowpref, sse, sse2, sse3, ssse3, sse4.1, sse4.2, popcnt, lzcnt, tsc, tscinvbit, avx, avx2, aes, erms, clmul, bmi1, bmi2, rtm, adx, fma, vzeroupper, clflush, clflushopt, hv, rdtscp, f16c
Processor Information for all 8 processors :
  Max Mhz: 2601, Current Mhz: 2601, Mhz Limit: 2601

Memory: 4k page, system-wide physical 16288M (4745M free)
TotalPageFile size 19232M (AvailPageFile size 6475M)
current process WorkingSet (physical memory assigned to process): 194M, peak: 194M
current process commit charge ("private bytes"): 236M, peak: 380M

vm_info: Java HotSpot(TM) 64-Bit Server VM (21.0.4+8-LTS-274) for windows-amd64 JRE (21.0.4+8-LTS-274), built on 2024-06-05T05:23:33Z by "mach5one" with MS VC++ 17.6 (VS2022)

END.
